/home/taras/thesis_ws/install/yolo_pose_ros/lib/python3.10/site-packages/yolo_pose_ros/__init__.py
/home/taras/thesis_ws/install/yolo_pose_ros/lib/python3.10/site-packages/yolo_pose_ros/yolo_pose_node.py
/home/taras/thesis_ws/install/yolo_pose_ros/lib/python3.10/site-packages/yolo_pose_ros/utils/google_utils.py
/home/taras/thesis_ws/install/yolo_pose_ros/lib/python3.10/site-packages/yolo_pose_ros/utils/autoanchor.py
/home/taras/thesis_ws/install/yolo_pose_ros/lib/python3.10/site-packages/yolo_pose_ros/utils/datasets.py
/home/taras/thesis_ws/install/yolo_pose_ros/lib/python3.10/site-packages/yolo_pose_ros/utils/general.py
/home/taras/thesis_ws/install/yolo_pose_ros/lib/python3.10/site-packages/yolo_pose_ros/utils/add_nms.py
/home/taras/thesis_ws/install/yolo_pose_ros/lib/python3.10/site-packages/yolo_pose_ros/utils/metrics.py
/home/taras/thesis_ws/install/yolo_pose_ros/lib/python3.10/site-packages/yolo_pose_ros/utils/loss.py
/home/taras/thesis_ws/install/yolo_pose_ros/lib/python3.10/site-packages/yolo_pose_ros/utils/__init__.py
/home/taras/thesis_ws/install/yolo_pose_ros/lib/python3.10/site-packages/yolo_pose_ros/utils/plots.py
/home/taras/thesis_ws/install/yolo_pose_ros/lib/python3.10/site-packages/yolo_pose_ros/utils/activations.py
/home/taras/thesis_ws/install/yolo_pose_ros/lib/python3.10/site-packages/yolo_pose_ros/utils/torch_utils.py
/home/taras/thesis_ws/install/yolo_pose_ros/lib/python3.10/site-packages/yolo_pose_ros/models/common.py
/home/taras/thesis_ws/install/yolo_pose_ros/lib/python3.10/site-packages/yolo_pose_ros/models/__init__.py
/home/taras/thesis_ws/install/yolo_pose_ros/lib/python3.10/site-packages/yolo_pose_ros/models/experimental.py
/home/taras/thesis_ws/install/yolo_pose_ros/lib/python3.10/site-packages/yolo_pose_ros/models/yolo.py
/home/taras/thesis_ws/install/yolo_pose_ros/lib/python3.10/site-packages/yolo_pose_ros/centroid_tracker/kalmanfilter.py
/home/taras/thesis_ws/install/yolo_pose_ros/lib/python3.10/site-packages/yolo_pose_ros/centroid_tracker/centroidtracker.py
/home/taras/thesis_ws/install/yolo_pose_ros/lib/python3.10/site-packages/yolo_pose_ros/centroid_tracker/__init__.py
/home/taras/thesis_ws/install/yolo_pose_ros/lib/python3.10/site-packages/yolo_pose_ros/__pycache__/__init__.cpython-310.pyc
/home/taras/thesis_ws/install/yolo_pose_ros/lib/python3.10/site-packages/yolo_pose_ros/__pycache__/yolo_pose_node.cpython-310.pyc
/home/taras/thesis_ws/install/yolo_pose_ros/lib/python3.10/site-packages/yolo_pose_ros/utils/__pycache__/google_utils.cpython-310.pyc
/home/taras/thesis_ws/install/yolo_pose_ros/lib/python3.10/site-packages/yolo_pose_ros/utils/__pycache__/autoanchor.cpython-310.pyc
/home/taras/thesis_ws/install/yolo_pose_ros/lib/python3.10/site-packages/yolo_pose_ros/utils/__pycache__/datasets.cpython-310.pyc
/home/taras/thesis_ws/install/yolo_pose_ros/lib/python3.10/site-packages/yolo_pose_ros/utils/__pycache__/general.cpython-310.pyc
/home/taras/thesis_ws/install/yolo_pose_ros/lib/python3.10/site-packages/yolo_pose_ros/utils/__pycache__/add_nms.cpython-310.pyc
/home/taras/thesis_ws/install/yolo_pose_ros/lib/python3.10/site-packages/yolo_pose_ros/utils/__pycache__/metrics.cpython-310.pyc
/home/taras/thesis_ws/install/yolo_pose_ros/lib/python3.10/site-packages/yolo_pose_ros/utils/__pycache__/loss.cpython-310.pyc
/home/taras/thesis_ws/install/yolo_pose_ros/lib/python3.10/site-packages/yolo_pose_ros/utils/__pycache__/__init__.cpython-310.pyc
/home/taras/thesis_ws/install/yolo_pose_ros/lib/python3.10/site-packages/yolo_pose_ros/utils/__pycache__/plots.cpython-310.pyc
/home/taras/thesis_ws/install/yolo_pose_ros/lib/python3.10/site-packages/yolo_pose_ros/utils/__pycache__/activations.cpython-310.pyc
/home/taras/thesis_ws/install/yolo_pose_ros/lib/python3.10/site-packages/yolo_pose_ros/utils/__pycache__/torch_utils.cpython-310.pyc
/home/taras/thesis_ws/install/yolo_pose_ros/lib/python3.10/site-packages/yolo_pose_ros/models/__pycache__/common.cpython-310.pyc
/home/taras/thesis_ws/install/yolo_pose_ros/lib/python3.10/site-packages/yolo_pose_ros/models/__pycache__/__init__.cpython-310.pyc
/home/taras/thesis_ws/install/yolo_pose_ros/lib/python3.10/site-packages/yolo_pose_ros/models/__pycache__/experimental.cpython-310.pyc
/home/taras/thesis_ws/install/yolo_pose_ros/lib/python3.10/site-packages/yolo_pose_ros/models/__pycache__/yolo.cpython-310.pyc
/home/taras/thesis_ws/install/yolo_pose_ros/lib/python3.10/site-packages/yolo_pose_ros/centroid_tracker/__pycache__/kalmanfilter.cpython-310.pyc
/home/taras/thesis_ws/install/yolo_pose_ros/lib/python3.10/site-packages/yolo_pose_ros/centroid_tracker/__pycache__/centroidtracker.cpython-310.pyc
/home/taras/thesis_ws/install/yolo_pose_ros/lib/python3.10/site-packages/yolo_pose_ros/centroid_tracker/__pycache__/__init__.cpython-310.pyc
/home/taras/thesis_ws/install/yolo_pose_ros/share/ament_index/resource_index/packages/yolo_pose_ros
/home/taras/thesis_ws/install/yolo_pose_ros/share/yolo_pose_ros/package.xml
/home/taras/thesis_ws/install/yolo_pose_ros/lib/python3.10/site-packages/yolo_pose_ros-1.0.0-py3.10.egg-info/entry_points.txt
/home/taras/thesis_ws/install/yolo_pose_ros/lib/python3.10/site-packages/yolo_pose_ros-1.0.0-py3.10.egg-info/dependency_links.txt
/home/taras/thesis_ws/install/yolo_pose_ros/lib/python3.10/site-packages/yolo_pose_ros-1.0.0-py3.10.egg-info/PKG-INFO
/home/taras/thesis_ws/install/yolo_pose_ros/lib/python3.10/site-packages/yolo_pose_ros-1.0.0-py3.10.egg-info/zip-safe
/home/taras/thesis_ws/install/yolo_pose_ros/lib/python3.10/site-packages/yolo_pose_ros-1.0.0-py3.10.egg-info/requires.txt
/home/taras/thesis_ws/install/yolo_pose_ros/lib/python3.10/site-packages/yolo_pose_ros-1.0.0-py3.10.egg-info/top_level.txt
/home/taras/thesis_ws/install/yolo_pose_ros/lib/python3.10/site-packages/yolo_pose_ros-1.0.0-py3.10.egg-info/SOURCES.txt
/home/taras/thesis_ws/install/yolo_pose_ros/lib/yolo_pose_ros/yolo_marker_node
/home/taras/thesis_ws/install/yolo_pose_ros/lib/yolo_pose_ros/yolo_pose_node
