[0.732s] Invoking command in '/home/taras/thesis_ws/build/drspaam': PYTHONPATH=/home/taras/thesis_ws/build/drspaam/prefix_override:/home/taras/thesis_ws/install/drspaam/lib/python3.10/site-packages:${PYTHONPATH} /usr/bin/python3 setup.py develop --uninstall --editable --build-directory /home/taras/thesis_ws/build/drspaam/build
[1.042s] running develop
[1.261s] Invoked command in '/home/taras/thesis_ws/build/drspaam' returned '0': PYTHONPATH=/home/taras/thesis_ws/build/drspaam/prefix_override:/home/taras/thesis_ws/install/drspaam/lib/python3.10/site-packages:${PYTHONPATH} /usr/bin/python3 setup.py develop --uninstall --editable --build-directory /home/taras/thesis_ws/build/drspaam/build
[1.262s] Invoking command in '/home/taras/thesis_ws/src/drspaam': PYTHONPATH=/home/taras/thesis_ws/build/drspaam/prefix_override:/home/taras/thesis_ws/install/drspaam/lib/python3.10/site-packages:${PYTHONPATH} /usr/bin/python3 setup.py egg_info --egg-base ../../build/drspaam build --build-base /home/taras/thesis_ws/build/drspaam/build install --record /home/taras/thesis_ws/build/drspaam/install.log --single-version-externally-managed
[1.534s] running egg_info
[1.534s] writing ../../build/drspaam/drspaam.egg-info/PKG-INFO
[1.535s] writing dependency_links to ../../build/drspaam/drspaam.egg-info/dependency_links.txt
[1.535s] writing entry points to ../../build/drspaam/drspaam.egg-info/entry_points.txt
[1.535s] writing requirements to ../../build/drspaam/drspaam.egg-info/requires.txt
[1.535s] writing top-level names to ../../build/drspaam/drspaam.egg-info/top_level.txt
[1.536s] reading manifest file '../../build/drspaam/drspaam.egg-info/SOURCES.txt'
[1.537s] writing manifest file '../../build/drspaam/drspaam.egg-info/SOURCES.txt'
[1.537s] running build
[1.537s] running build_py
[1.538s] copying drspaam/drspaam_node.py -> /home/taras/thesis_ws/build/drspaam/build/lib/drspaam
[1.538s] copying drspaam/data_streamer.py -> /home/taras/thesis_ws/build/drspaam/build/lib/drspaam
[1.538s] running install
[1.538s] running install_lib
[1.539s] copying /home/taras/thesis_ws/build/drspaam/build/lib/drspaam/drspaam_node.py -> /home/taras/thesis_ws/install/drspaam/lib/python3.10/site-packages/drspaam
[1.539s] copying /home/taras/thesis_ws/build/drspaam/build/lib/drspaam/data_streamer.py -> /home/taras/thesis_ws/install/drspaam/lib/python3.10/site-packages/drspaam
[1.540s] byte-compiling /home/taras/thesis_ws/install/drspaam/lib/python3.10/site-packages/drspaam/drspaam_node.py to drspaam_node.cpython-310.pyc
[1.541s] byte-compiling /home/taras/thesis_ws/install/drspaam/lib/python3.10/site-packages/drspaam/data_streamer.py to data_streamer.cpython-310.pyc
[1.542s] running install_data
[1.543s] running install_egg_info
[1.544s] removing '/home/taras/thesis_ws/install/drspaam/lib/python3.10/site-packages/drspaam-1.0.0-py3.10.egg-info' (and everything under it)
[1.544s] Copying ../../build/drspaam/drspaam.egg-info to /home/taras/thesis_ws/install/drspaam/lib/python3.10/site-packages/drspaam-1.0.0-py3.10.egg-info
[1.545s] running install_scripts
[1.564s] Installing data_streamer script to /home/taras/thesis_ws/install/drspaam/lib/drspaam
[1.564s] Installing dr_spaam_node script to /home/taras/thesis_ws/install/drspaam/lib/drspaam
[1.564s] writing list of installed files to '/home/taras/thesis_ws/build/drspaam/install.log'
[1.593s] Invoked command in '/home/taras/thesis_ws/src/drspaam' returned '0': PYTHONPATH=/home/taras/thesis_ws/build/drspaam/prefix_override:/home/taras/thesis_ws/install/drspaam/lib/python3.10/site-packages:${PYTHONPATH} /usr/bin/python3 setup.py egg_info --egg-base ../../build/drspaam build --build-base /home/taras/thesis_ws/build/drspaam/build install --record /home/taras/thesis_ws/build/drspaam/install.log --single-version-externally-managed
