[0.642s] Invoking command in '/home/taras/thesis_ws/src/yolo_pose_ros': PYTHONPATH=/home/taras/thesis_ws/build/yolo_pose_ros/prefix_override:/home/taras/thesis_ws/install/yolo_pose_ros/lib/python3.10/site-packages:${PYTHONPATH} /usr/bin/python3 setup.py egg_info --egg-base ../../build/yolo_pose_ros build --build-base /home/taras/thesis_ws/build/yolo_pose_ros/build install --record /home/taras/thesis_ws/build/yolo_pose_ros/install.log --single-version-externally-managed
[0.902s] running egg_info
[0.902s] writing ../../build/yolo_pose_ros/yolo_pose_ros.egg-info/PKG-INFO
[0.903s] writing dependency_links to ../../build/yolo_pose_ros/yolo_pose_ros.egg-info/dependency_links.txt
[0.903s] writing entry points to ../../build/yolo_pose_ros/yolo_pose_ros.egg-info/entry_points.txt
[0.903s] writing requirements to ../../build/yolo_pose_ros/yolo_pose_ros.egg-info/requires.txt
[0.903s] writing top-level names to ../../build/yolo_pose_ros/yolo_pose_ros.egg-info/top_level.txt
[0.904s] reading manifest file '../../build/yolo_pose_ros/yolo_pose_ros.egg-info/SOURCES.txt'
[0.905s] writing manifest file '../../build/yolo_pose_ros/yolo_pose_ros.egg-info/SOURCES.txt'
[0.905s] running build
[0.905s] running build_py
[0.905s] copying yolo_pose_ros/yolo_pose_node.py -> /home/taras/thesis_ws/build/yolo_pose_ros/build/lib/yolo_pose_ros
[0.906s] running install
[0.906s] running install_lib
[0.907s] copying /home/taras/thesis_ws/build/yolo_pose_ros/build/lib/yolo_pose_ros/yolo_pose_node.py -> /home/taras/thesis_ws/install/yolo_pose_ros/lib/python3.10/site-packages/yolo_pose_ros
[0.908s] byte-compiling /home/taras/thesis_ws/install/yolo_pose_ros/lib/python3.10/site-packages/yolo_pose_ros/yolo_pose_node.py to yolo_pose_node.cpython-310.pyc
[0.908s] running install_data
[0.909s] running install_egg_info
[0.911s] removing '/home/taras/thesis_ws/install/yolo_pose_ros/lib/python3.10/site-packages/yolo_pose_ros-1.0.0-py3.10.egg-info' (and everything under it)
[0.911s] Copying ../../build/yolo_pose_ros/yolo_pose_ros.egg-info to /home/taras/thesis_ws/install/yolo_pose_ros/lib/python3.10/site-packages/yolo_pose_ros-1.0.0-py3.10.egg-info
[0.911s] running install_scripts
[0.930s] Installing yolo_pose_node script to /home/taras/thesis_ws/install/yolo_pose_ros/lib/yolo_pose_ros
[0.931s] writing list of installed files to '/home/taras/thesis_ws/build/yolo_pose_ros/install.log'
[0.961s] Invoked command in '/home/taras/thesis_ws/src/yolo_pose_ros' returned '0': PYTHONPATH=/home/taras/thesis_ws/build/yolo_pose_ros/prefix_override:/home/taras/thesis_ws/install/yolo_pose_ros/lib/python3.10/site-packages:${PYTHONPATH} /usr/bin/python3 setup.py egg_info --egg-base ../../build/yolo_pose_ros build --build-base /home/taras/thesis_ws/build/yolo_pose_ros/build install --record /home/taras/thesis_ws/build/yolo_pose_ros/install.log --single-version-externally-managed
