running egg_info
creating ../../build/tracker_pkg/tracker_pkg.egg-info
writing ../../build/tracker_pkg/tracker_pkg.egg-info/PKG-INFO
writing dependency_links to ../../build/tracker_pkg/tracker_pkg.egg-info/dependency_links.txt
writing entry points to ../../build/tracker_pkg/tracker_pkg.egg-info/entry_points.txt
writing requirements to ../../build/tracker_pkg/tracker_pkg.egg-info/requires.txt
writing top-level names to ../../build/tracker_pkg/tracker_pkg.egg-info/top_level.txt
writing manifest file '../../build/tracker_pkg/tracker_pkg.egg-info/SOURCES.txt'
reading manifest file '../../build/tracker_pkg/tracker_pkg.egg-info/SOURCES.txt'
writing manifest file '../../build/tracker_pkg/tracker_pkg.egg-info/SOURCES.txt'
running build
running build_py
creating /home/taras/thesis_ws/build/tracker_pkg/build
creating /home/taras/thesis_ws/build/tracker_pkg/build/lib
creating /home/taras/thesis_ws/build/tracker_pkg/build/lib/tracker_pkg
copying tracker_pkg/__init__.py -> /home/taras/thesis_ws/build/tracker_pkg/build/lib/tracker_pkg
copying tracker_pkg/tracker_node.py -> /home/taras/thesis_ws/build/tracker_pkg/build/lib/tracker_pkg
running install
running install_lib
creating /home/taras/thesis_ws/install/tracker_pkg/lib/python3.10/site-packages/tracker_pkg
copying /home/taras/thesis_ws/build/tracker_pkg/build/lib/tracker_pkg/__init__.py -> /home/taras/thesis_ws/install/tracker_pkg/lib/python3.10/site-packages/tracker_pkg
copying /home/taras/thesis_ws/build/tracker_pkg/build/lib/tracker_pkg/tracker_node.py -> /home/taras/thesis_ws/install/tracker_pkg/lib/python3.10/site-packages/tracker_pkg
byte-compiling /home/taras/thesis_ws/install/tracker_pkg/lib/python3.10/site-packages/tracker_pkg/__init__.py to __init__.cpython-310.pyc
byte-compiling /home/taras/thesis_ws/install/tracker_pkg/lib/python3.10/site-packages/tracker_pkg/tracker_node.py to tracker_node.cpython-310.pyc
running install_data
creating /home/taras/thesis_ws/install/tracker_pkg/share/ament_index
creating /home/taras/thesis_ws/install/tracker_pkg/share/ament_index/resource_index
creating /home/taras/thesis_ws/install/tracker_pkg/share/ament_index/resource_index/packages
copying resource/tracker_pkg -> /home/taras/thesis_ws/install/tracker_pkg/share/ament_index/resource_index/packages
copying package.xml -> /home/taras/thesis_ws/install/tracker_pkg/share/tracker_pkg
running install_egg_info
Copying ../../build/tracker_pkg/tracker_pkg.egg-info to /home/taras/thesis_ws/install/tracker_pkg/lib/python3.10/site-packages/tracker_pkg-0.1.0-py3.10.egg-info
running install_scripts
Installing tracker_node script to /home/taras/thesis_ws/install/tracker_pkg/lib/tracker_pkg
writing list of installed files to '/home/taras/thesis_ws/build/tracker_pkg/install.log'
