[0.020s] Invoking command in '/home/taras/thesis_ws/build/custom_interfaces': CMAKE_PREFIX_PATH=${CMAKE_PREFIX_PATH}:/home/taras/seasony/lewis/install/robot_navigation:/home/taras/seasony/lewis/install/sensor_stream_pkg:/home/taras/seasony/lewis/install/robot_teleop:/home/taras/seasony/lewis/install/robot_spawner:/home/taras/seasony/lewis/install/robot_data:/home/taras/seasony/lewis/install/robot_agent:/home/taras/seasony/lewis/install/robot_behavior2:/home/taras/seasony/lewis/install/robot_battery:/home/taras/seasony/lewis/install/robot_bag_recorder:/home/taras/seasony/lewis/install/orgb_led_manager:/home/taras/seasony/lewis/install/nav2_simple_commander:/home/taras/seasony/lewis/install/locations:/home/taras/seasony/lewis/install/lewis_sound_manager:/home/taras/seasony/lewis/install/lewis_simple_gui:/home/taras/seasony/lewis/install/lewis_serial_com:/home/taras/seasony/lewis/install/lewis_robot_control:/home/taras/seasony/lewis/install/lewis_remote_emergency:/home/taras/seasony/lewis/install/lewis_managers:/home/taras/seasony/lewis/install/lewis_health:/home/taras/seasony/lewis/install/lewis_b1_description:/home/taras/seasony/lewis/install/lewis_b1_bringup:/home/taras/seasony/lewis/install/esp32_control:/home/taras/seasony/lewis/install/controllino:/home/taras/thesis_ws/install/yolo_pose_ros:/home/taras/thesis_ws/install/drspaam:/opt/ros/humble /usr/bin/cmake --build /home/taras/thesis_ws/build/custom_interfaces -- -j16 -l16
[0.059s] -- Found ament_cmake: 1.3.4 (/opt/ros/humble/share/ament_cmake/cmake)
[0.338s] -- Found std_msgs: 4.2.3 (/opt/ros/humble/share/std_msgs/cmake)
[0.384s] -- Found rosidl_generator_c: 3.1.4 (/opt/ros/humble/share/rosidl_generator_c/cmake)
[0.386s] -- Found rosidl_adapter: 3.1.4 (/opt/ros/humble/share/rosidl_adapter/cmake)
[0.391s] -- Found rosidl_generator_cpp: 3.1.4 (/opt/ros/humble/share/rosidl_generator_cpp/cmake)
[0.402s] -- Using all available rosidl_typesupport_c: rosidl_typesupport_fastrtps_c;rosidl_typesupport_introspection_c
[0.418s] -- Using all available rosidl_typesupport_cpp: rosidl_typesupport_fastrtps_cpp;rosidl_typesupport_introspection_cpp
[0.464s] -- Found geometry_msgs: 4.2.3 (/opt/ros/humble/share/geometry_msgs/cmake)
[0.499s] -- Found rosidl_default_generators: 1.2.0 (/opt/ros/humble/share/rosidl_default_generators/cmake)
[1.050s] -- Found ament_cmake_ros: 0.10.0 (/opt/ros/humble/share/ament_cmake_ros/cmake)
[1.906s] -- Using all available rosidl_typesupport_c: rosidl_typesupport_fastrtps_c;rosidl_typesupport_introspection_c
[2.250s] -- Using all available rosidl_typesupport_cpp: rosidl_typesupport_fastrtps_cpp;rosidl_typesupport_introspection_cpp
[2.288s] -- Found python_cmake_module: 0.10.0 (/opt/ros/humble/share/python_cmake_module/cmake)
[2.349s] -- Using PYTHON_EXECUTABLE: /usr/bin/python3
[2.349s] -- Using PYTHON_INCLUDE_DIRS: /usr/include/python3.10
[2.349s] -- Using PYTHON_LIBRARIES: /usr/lib/x86_64-linux-gnu/libpython3.10.so
[2.461s] -- Configuring done
[2.505s] -- Generating done
[2.507s] -- Build files have been written to: /home/taras/thesis_ws/build/custom_interfaces
[2.545s] [  2%] [34m[1mGenerating C code for ROS interfaces[0m
[2.553s] [  5%] [34m[1mGenerating C++ code for ROS interfaces[0m
[2.572s] [  5%] Built target ament_cmake_python_copy_custom_interfaces
[2.850s] running egg_info
[2.850s] writing custom_interfaces.egg-info/PKG-INFO
[2.850s] writing dependency_links to custom_interfaces.egg-info/dependency_links.txt
[2.851s] writing top-level names to custom_interfaces.egg-info/top_level.txt
[2.853s] reading manifest file 'custom_interfaces.egg-info/SOURCES.txt'
[2.854s] writing manifest file 'custom_interfaces.egg-info/SOURCES.txt'
[2.894s] [  5%] Built target ament_cmake_python_build_custom_interfaces_egg
[2.922s] [  5%] Built target custom_interfaces__cpp
[2.936s] [  7%] [34m[1mGenerating C++ type support dispatch for ROS interfaces[0m
[2.938s] [35m[1mConsolidate compiler generated dependencies of target custom_interfaces__rosidl_generator_c[0m
[2.942s] [ 10%] [34m[1mGenerating C++ introspection for ROS interfaces[0m
[2.947s] [ 12%] [34m[1mGenerating C++ type support for eProsima Fast-RTPS[0m
[2.959s] [ 17%] [32mBuilding C object CMakeFiles/custom_interfaces__rosidl_generator_c.dir/rosidl_generator_c/custom_interfaces/msg/detail/person_pose__functions.c.o[0m
[2.959s] [ 17%] [32mBuilding C object CMakeFiles/custom_interfaces__rosidl_generator_c.dir/rosidl_generator_c/custom_interfaces/msg/detail/tracker__functions.c.o[0m
[3.041s] [ 20%] [32m[1mLinking C shared library libcustom_interfaces__rosidl_generator_c.so[0m
[3.087s] [ 20%] Built target custom_interfaces__rosidl_generator_c
[3.099s] [ 25%] [34m[1mGenerating C type support for eProsima Fast-RTPS[0m
[3.099s] [ 25%] [34m[1mGenerating C type support dispatch for ROS interfaces[0m
[3.108s] [ 28%] [34m[1mGenerating C introspection for ROS interfaces[0m
[3.237s] [35m[1mConsolidate compiler generated dependencies of target custom_interfaces__rosidl_typesupport_cpp[0m
[3.259s] [ 33%] [32mBuilding CXX object CMakeFiles/custom_interfaces__rosidl_typesupport_cpp.dir/rosidl_typesupport_cpp/custom_interfaces/msg/tracker__type_support.cpp.o[0m
[3.259s] [ 33%] [32mBuilding CXX object CMakeFiles/custom_interfaces__rosidl_typesupport_cpp.dir/rosidl_typesupport_cpp/custom_interfaces/msg/person_pose__type_support.cpp.o[0m
[3.287s] [35m[1mConsolidate compiler generated dependencies of target custom_interfaces__rosidl_typesupport_fastrtps_cpp[0m
[3.291s] [35m[1mConsolidate compiler generated dependencies of target custom_interfaces__rosidl_typesupport_introspection_cpp[0m
[3.306s] [ 35%] [32mBuilding CXX object CMakeFiles/custom_interfaces__rosidl_typesupport_introspection_cpp.dir/rosidl_typesupport_introspection_cpp/custom_interfaces/msg/detail/person_pose__type_support.cpp.o[0m
[3.308s] [ 41%] [32mBuilding CXX object CMakeFiles/custom_interfaces__rosidl_typesupport_introspection_cpp.dir/rosidl_typesupport_introspection_cpp/custom_interfaces/msg/detail/tracker__type_support.cpp.o[0m
[3.308s] [ 41%] [32mBuilding CXX object CMakeFiles/custom_interfaces__rosidl_typesupport_fastrtps_cpp.dir/rosidl_typesupport_fastrtps_cpp/custom_interfaces/msg/detail/dds_fastrtps/tracker__type_support.cpp.o[0m
[3.309s] [ 43%] [32mBuilding CXX object CMakeFiles/custom_interfaces__rosidl_typesupport_fastrtps_cpp.dir/rosidl_typesupport_fastrtps_cpp/custom_interfaces/msg/detail/dds_fastrtps/person_pose__type_support.cpp.o[0m
[3.448s] [35m[1mConsolidate compiler generated dependencies of target custom_interfaces__rosidl_typesupport_c[0m
[3.462s] [ 46%] [32mBuilding CXX object CMakeFiles/custom_interfaces__rosidl_typesupport_c.dir/rosidl_typesupport_c/custom_interfaces/msg/person_pose__type_support.cpp.o[0m
[3.468s] [ 48%] [32mBuilding CXX object CMakeFiles/custom_interfaces__rosidl_typesupport_c.dir/rosidl_typesupport_c/custom_interfaces/msg/tracker__type_support.cpp.o[0m
[3.476s] [35m[1mConsolidate compiler generated dependencies of target custom_interfaces__rosidl_typesupport_fastrtps_c[0m
[3.495s] [35m[1mConsolidate compiler generated dependencies of target custom_interfaces__rosidl_typesupport_introspection_c[0m
[3.496s] [ 53%] [32mBuilding CXX object CMakeFiles/custom_interfaces__rosidl_typesupport_fastrtps_c.dir/rosidl_typesupport_fastrtps_c/custom_interfaces/msg/detail/person_pose__type_support_c.cpp.o[0m
[3.496s] [ 53%] [32mBuilding CXX object CMakeFiles/custom_interfaces__rosidl_typesupport_fastrtps_c.dir/rosidl_typesupport_fastrtps_c/custom_interfaces/msg/detail/tracker__type_support_c.cpp.o[0m
[3.509s] [ 56%] [32m[1mLinking CXX shared library libcustom_interfaces__rosidl_typesupport_c.so[0m
[3.514s] [ 61%] [32mBuilding C object CMakeFiles/custom_interfaces__rosidl_typesupport_introspection_c.dir/rosidl_typesupport_introspection_c/custom_interfaces/msg/detail/person_pose__type_support.c.o[0m
[3.515s] [ 61%] [32mBuilding C object CMakeFiles/custom_interfaces__rosidl_typesupport_introspection_c.dir/rosidl_typesupport_introspection_c/custom_interfaces/msg/detail/tracker__type_support.c.o[0m
[3.563s] [ 61%] Built target custom_interfaces__rosidl_typesupport_c
[3.574s] [ 64%] [32m[1mLinking C shared library libcustom_interfaces__rosidl_typesupport_introspection_c.so[0m
[3.606s] [ 66%] [32m[1mLinking CXX shared library libcustom_interfaces__rosidl_typesupport_cpp.so[0m
[3.612s] [ 66%] Built target custom_interfaces__rosidl_typesupport_introspection_c
[3.653s] [ 66%] Built target custom_interfaces__rosidl_typesupport_cpp
[3.756s] [ 69%] [32m[1mLinking CXX shared library libcustom_interfaces__rosidl_typesupport_fastrtps_cpp.so[0m
[3.790s] [ 74%] [32m[1mLinking CXX shared library libcustom_interfaces__rosidl_typesupport_introspection_cpp.so[0m
[3.790s] [ 74%] [32m[1mLinking CXX shared library libcustom_interfaces__rosidl_typesupport_fastrtps_c.so[0m
[3.855s] [ 74%] Built target custom_interfaces__rosidl_typesupport_fastrtps_cpp
[3.880s] [ 74%] Built target custom_interfaces__rosidl_typesupport_fastrtps_c
[3.883s] [ 74%] Built target custom_interfaces__rosidl_typesupport_introspection_cpp
[3.907s] [ 74%] Built target custom_interfaces
[3.938s] [ 76%] [34m[1mGenerating Python code for ROS interfaces[0m
[4.405s] [ 76%] Built target custom_interfaces__py
[4.422s] [35m[1mConsolidate compiler generated dependencies of target custom_interfaces__rosidl_generator_py[0m
[4.441s] [ 79%] [32mBuilding C object CMakeFiles/custom_interfaces__rosidl_generator_py.dir/rosidl_generator_py/custom_interfaces/msg/_person_pose_s.c.o[0m
[4.451s] [ 82%] [32mBuilding C object CMakeFiles/custom_interfaces__rosidl_generator_py.dir/rosidl_generator_py/custom_interfaces/msg/_tracker_s.c.o[0m
[4.579s] [ 84%] [32m[1mLinking C shared library rosidl_generator_py/custom_interfaces/libcustom_interfaces__rosidl_generator_py.so[0m
[4.634s] [ 84%] Built target custom_interfaces__rosidl_generator_py
[4.646s] [35m[1mConsolidate compiler generated dependencies of target custom_interfaces__rosidl_typesupport_fastrtps_c__pyext[0m
[4.653s] [35m[1mConsolidate compiler generated dependencies of target custom_interfaces__rosidl_typesupport_introspection_c__pyext[0m
[4.658s] [35m[1mConsolidate compiler generated dependencies of target custom_interfaces__rosidl_typesupport_c__pyext[0m
[4.670s] [ 87%] [32mBuilding C object CMakeFiles/custom_interfaces__rosidl_typesupport_fastrtps_c__pyext.dir/rosidl_generator_py/custom_interfaces/_custom_interfaces_s.ep.rosidl_typesupport_fastrtps_c.c.o[0m
[4.672s] [ 89%] [32mBuilding C object CMakeFiles/custom_interfaces__rosidl_typesupport_introspection_c__pyext.dir/rosidl_generator_py/custom_interfaces/_custom_interfaces_s.ep.rosidl_typesupport_introspection_c.c.o[0m
[4.676s] [ 92%] [32mBuilding C object CMakeFiles/custom_interfaces__rosidl_typesupport_c__pyext.dir/rosidl_generator_py/custom_interfaces/_custom_interfaces_s.ep.rosidl_typesupport_c.c.o[0m
[4.758s] [ 94%] [32m[1mLinking C shared library rosidl_generator_py/custom_interfaces/custom_interfaces_s__rosidl_typesupport_fastrtps_c.cpython-310-x86_64-linux-gnu.so[0m
[4.767s] [ 97%] [32m[1mLinking C shared library rosidl_generator_py/custom_interfaces/custom_interfaces_s__rosidl_typesupport_introspection_c.cpython-310-x86_64-linux-gnu.so[0m
[4.786s] [100%] [32m[1mLinking C shared library rosidl_generator_py/custom_interfaces/custom_interfaces_s__rosidl_typesupport_c.cpython-310-x86_64-linux-gnu.so[0m
[4.808s] [100%] Built target custom_interfaces__rosidl_typesupport_fastrtps_c__pyext
[4.841s] [100%] Built target custom_interfaces__rosidl_typesupport_introspection_c__pyext
[4.845s] [100%] Built target custom_interfaces__rosidl_typesupport_c__pyext
[4.870s] Invoked command in '/home/taras/thesis_ws/build/custom_interfaces' returned '0': CMAKE_PREFIX_PATH=${CMAKE_PREFIX_PATH}:/home/taras/seasony/lewis/install/robot_navigation:/home/taras/seasony/lewis/install/sensor_stream_pkg:/home/taras/seasony/lewis/install/robot_teleop:/home/taras/seasony/lewis/install/robot_spawner:/home/taras/seasony/lewis/install/robot_data:/home/taras/seasony/lewis/install/robot_agent:/home/taras/seasony/lewis/install/robot_behavior2:/home/taras/seasony/lewis/install/robot_battery:/home/taras/seasony/lewis/install/robot_bag_recorder:/home/taras/seasony/lewis/install/orgb_led_manager:/home/taras/seasony/lewis/install/nav2_simple_commander:/home/taras/seasony/lewis/install/locations:/home/taras/seasony/lewis/install/lewis_sound_manager:/home/taras/seasony/lewis/install/lewis_simple_gui:/home/taras/seasony/lewis/install/lewis_serial_com:/home/taras/seasony/lewis/install/lewis_robot_control:/home/taras/seasony/lewis/install/lewis_remote_emergency:/home/taras/seasony/lewis/install/lewis_managers:/home/taras/seasony/lewis/install/lewis_health:/home/taras/seasony/lewis/install/lewis_b1_description:/home/taras/seasony/lewis/install/lewis_b1_bringup:/home/taras/seasony/lewis/install/esp32_control:/home/taras/seasony/lewis/install/controllino:/home/taras/thesis_ws/install/yolo_pose_ros:/home/taras/thesis_ws/install/drspaam:/opt/ros/humble /usr/bin/cmake --build /home/taras/thesis_ws/build/custom_interfaces -- -j16 -l16
[5.125s] Invoking command in '/home/taras/thesis_ws/build/custom_interfaces': CMAKE_PREFIX_PATH=${CMAKE_PREFIX_PATH}:/home/taras/seasony/lewis/install/robot_navigation:/home/taras/seasony/lewis/install/sensor_stream_pkg:/home/taras/seasony/lewis/install/robot_teleop:/home/taras/seasony/lewis/install/robot_spawner:/home/taras/seasony/lewis/install/robot_data:/home/taras/seasony/lewis/install/robot_agent:/home/taras/seasony/lewis/install/robot_behavior2:/home/taras/seasony/lewis/install/robot_battery:/home/taras/seasony/lewis/install/robot_bag_recorder:/home/taras/seasony/lewis/install/orgb_led_manager:/home/taras/seasony/lewis/install/nav2_simple_commander:/home/taras/seasony/lewis/install/locations:/home/taras/seasony/lewis/install/lewis_sound_manager:/home/taras/seasony/lewis/install/lewis_simple_gui:/home/taras/seasony/lewis/install/lewis_serial_com:/home/taras/seasony/lewis/install/lewis_robot_control:/home/taras/seasony/lewis/install/lewis_remote_emergency:/home/taras/seasony/lewis/install/lewis_managers:/home/taras/seasony/lewis/install/lewis_health:/home/taras/seasony/lewis/install/lewis_b1_description:/home/taras/seasony/lewis/install/lewis_b1_bringup:/home/taras/seasony/lewis/install/esp32_control:/home/taras/seasony/lewis/install/controllino:/home/taras/thesis_ws/install/yolo_pose_ros:/home/taras/thesis_ws/install/drspaam:/opt/ros/humble /usr/bin/cmake --install /home/taras/thesis_ws/build/custom_interfaces
[5.144s] -- Install configuration: ""
[5.144s] -- Installing: /home/taras/thesis_ws/install/custom_interfaces/share/ament_index/resource_index/rosidl_interfaces/custom_interfaces
[5.145s] -- Up-to-date: /home/taras/thesis_ws/install/custom_interfaces/include/custom_interfaces/custom_interfaces
[5.145s] -- Up-to-date: /home/taras/thesis_ws/install/custom_interfaces/include/custom_interfaces/custom_interfaces/msg
[5.145s] -- Up-to-date: /home/taras/thesis_ws/install/custom_interfaces/include/custom_interfaces/custom_interfaces/msg/detail
[5.145s] -- Installing: /home/taras/thesis_ws/install/custom_interfaces/include/custom_interfaces/custom_interfaces/msg/detail/tracker__struct.h
[5.145s] -- Installing: /home/taras/thesis_ws/install/custom_interfaces/include/custom_interfaces/custom_interfaces/msg/detail/person_pose__functions.c
[5.146s] -- Installing: /home/taras/thesis_ws/install/custom_interfaces/include/custom_interfaces/custom_interfaces/msg/detail/person_pose__struct.h
[5.146s] -- Installing: /home/taras/thesis_ws/install/custom_interfaces/include/custom_interfaces/custom_interfaces/msg/detail/person_pose__type_support.h
[5.146s] -- Installing: /home/taras/thesis_ws/install/custom_interfaces/include/custom_interfaces/custom_interfaces/msg/detail/tracker__functions.c
[5.146s] -- Installing: /home/taras/thesis_ws/install/custom_interfaces/include/custom_interfaces/custom_interfaces/msg/detail/tracker__functions.h
[5.146s] -- Installing: /home/taras/thesis_ws/install/custom_interfaces/include/custom_interfaces/custom_interfaces/msg/detail/tracker__type_support.h
[5.147s] -- Installing: /home/taras/thesis_ws/install/custom_interfaces/include/custom_interfaces/custom_interfaces/msg/detail/person_pose__functions.h
[5.147s] -- Up-to-date: /home/taras/thesis_ws/install/custom_interfaces/include/custom_interfaces/custom_interfaces/msg/rosidl_generator_c__visibility_control.h
[5.147s] -- Installing: /home/taras/thesis_ws/install/custom_interfaces/include/custom_interfaces/custom_interfaces/msg/tracker.h
[5.147s] -- Installing: /home/taras/thesis_ws/install/custom_interfaces/include/custom_interfaces/custom_interfaces/msg/person_pose.h
[5.148s] -- Up-to-date: /home/taras/thesis_ws/install/custom_interfaces/share/custom_interfaces/environment/library_path.sh
[5.148s] -- Installing: /home/taras/thesis_ws/install/custom_interfaces/share/custom_interfaces/environment/library_path.dsv
[5.149s] -- Installing: /home/taras/thesis_ws/install/custom_interfaces/lib/libcustom_interfaces__rosidl_generator_c.so
[5.150s] -- Set runtime path of "/home/taras/thesis_ws/install/custom_interfaces/lib/libcustom_interfaces__rosidl_generator_c.so" to ""
[5.151s] -- Up-to-date: /home/taras/thesis_ws/install/custom_interfaces/include/custom_interfaces/custom_interfaces
[5.151s] -- Up-to-date: /home/taras/thesis_ws/install/custom_interfaces/include/custom_interfaces/custom_interfaces/msg
[5.151s] -- Up-to-date: /home/taras/thesis_ws/install/custom_interfaces/include/custom_interfaces/custom_interfaces/msg/detail
[5.151s] -- Installing: /home/taras/thesis_ws/install/custom_interfaces/include/custom_interfaces/custom_interfaces/msg/detail/tracker__rosidl_typesupport_fastrtps_c.h
[5.152s] -- Installing: /home/taras/thesis_ws/install/custom_interfaces/include/custom_interfaces/custom_interfaces/msg/detail/person_pose__rosidl_typesupport_fastrtps_c.h
[5.152s] -- Up-to-date: /home/taras/thesis_ws/install/custom_interfaces/include/custom_interfaces/custom_interfaces/msg/rosidl_typesupport_fastrtps_c__visibility_control.h
[5.152s] -- Installing: /home/taras/thesis_ws/install/custom_interfaces/lib/libcustom_interfaces__rosidl_typesupport_fastrtps_c.so
[5.153s] -- Set runtime path of "/home/taras/thesis_ws/install/custom_interfaces/lib/libcustom_interfaces__rosidl_typesupport_fastrtps_c.so" to ""
[5.153s] -- Up-to-date: /home/taras/thesis_ws/install/custom_interfaces/include/custom_interfaces/custom_interfaces
[5.154s] -- Up-to-date: /home/taras/thesis_ws/install/custom_interfaces/include/custom_interfaces/custom_interfaces/msg
[5.154s] -- Up-to-date: /home/taras/thesis_ws/install/custom_interfaces/include/custom_interfaces/custom_interfaces/msg/detail
[5.154s] -- Installing: /home/taras/thesis_ws/install/custom_interfaces/include/custom_interfaces/custom_interfaces/msg/detail/tracker__struct.hpp
[5.154s] -- Installing: /home/taras/thesis_ws/install/custom_interfaces/include/custom_interfaces/custom_interfaces/msg/detail/tracker__builder.hpp
[5.155s] -- Installing: /home/taras/thesis_ws/install/custom_interfaces/include/custom_interfaces/custom_interfaces/msg/detail/person_pose__struct.hpp
[5.155s] -- Installing: /home/taras/thesis_ws/install/custom_interfaces/include/custom_interfaces/custom_interfaces/msg/detail/person_pose__traits.hpp
[5.155s] -- Installing: /home/taras/thesis_ws/install/custom_interfaces/include/custom_interfaces/custom_interfaces/msg/detail/person_pose__builder.hpp
[5.155s] -- Installing: /home/taras/thesis_ws/install/custom_interfaces/include/custom_interfaces/custom_interfaces/msg/detail/tracker__traits.hpp
[5.155s] -- Installing: /home/taras/thesis_ws/install/custom_interfaces/include/custom_interfaces/custom_interfaces/msg/person_pose.hpp
[5.156s] -- Installing: /home/taras/thesis_ws/install/custom_interfaces/include/custom_interfaces/custom_interfaces/msg/tracker.hpp
[5.156s] -- Up-to-date: /home/taras/thesis_ws/install/custom_interfaces/include/custom_interfaces/custom_interfaces
[5.156s] -- Up-to-date: /home/taras/thesis_ws/install/custom_interfaces/include/custom_interfaces/custom_interfaces/msg
[5.156s] -- Up-to-date: /home/taras/thesis_ws/install/custom_interfaces/include/custom_interfaces/custom_interfaces/msg/detail
[5.157s] -- Installing: /home/taras/thesis_ws/install/custom_interfaces/include/custom_interfaces/custom_interfaces/msg/detail/person_pose__rosidl_typesupport_fastrtps_cpp.hpp
[5.157s] -- Installing: /home/taras/thesis_ws/install/custom_interfaces/include/custom_interfaces/custom_interfaces/msg/detail/tracker__rosidl_typesupport_fastrtps_cpp.hpp
[5.157s] -- Up-to-date: /home/taras/thesis_ws/install/custom_interfaces/include/custom_interfaces/custom_interfaces/msg/detail/dds_fastrtps
[5.157s] -- Up-to-date: /home/taras/thesis_ws/install/custom_interfaces/include/custom_interfaces/custom_interfaces/msg/rosidl_typesupport_fastrtps_cpp__visibility_control.h
[5.162s] -- Installing: /home/taras/thesis_ws/install/custom_interfaces/lib/libcustom_interfaces__rosidl_typesupport_fastrtps_cpp.so
[5.163s] -- Set runtime path of "/home/taras/thesis_ws/install/custom_interfaces/lib/libcustom_interfaces__rosidl_typesupport_fastrtps_cpp.so" to ""
[5.163s] -- Up-to-date: /home/taras/thesis_ws/install/custom_interfaces/include/custom_interfaces/custom_interfaces
[5.164s] -- Up-to-date: /home/taras/thesis_ws/install/custom_interfaces/include/custom_interfaces/custom_interfaces/msg
[5.164s] -- Up-to-date: /home/taras/thesis_ws/install/custom_interfaces/include/custom_interfaces/custom_interfaces/msg/detail
[5.164s] -- Installing: /home/taras/thesis_ws/install/custom_interfaces/include/custom_interfaces/custom_interfaces/msg/detail/tracker__rosidl_typesupport_introspection_c.h
[5.164s] -- Installing: /home/taras/thesis_ws/install/custom_interfaces/include/custom_interfaces/custom_interfaces/msg/detail/person_pose__type_support.c
[5.164s] -- Installing: /home/taras/thesis_ws/install/custom_interfaces/include/custom_interfaces/custom_interfaces/msg/detail/tracker__type_support.c
[5.165s] -- Installing: /home/taras/thesis_ws/install/custom_interfaces/include/custom_interfaces/custom_interfaces/msg/detail/person_pose__rosidl_typesupport_introspection_c.h
[5.165s] -- Up-to-date: /home/taras/thesis_ws/install/custom_interfaces/include/custom_interfaces/custom_interfaces/msg/rosidl_typesupport_introspection_c__visibility_control.h
[5.165s] -- Installing: /home/taras/thesis_ws/install/custom_interfaces/lib/libcustom_interfaces__rosidl_typesupport_introspection_c.so
[5.166s] -- Set runtime path of "/home/taras/thesis_ws/install/custom_interfaces/lib/libcustom_interfaces__rosidl_typesupport_introspection_c.so" to ""
[5.166s] -- Installing: /home/taras/thesis_ws/install/custom_interfaces/lib/libcustom_interfaces__rosidl_typesupport_c.so
[5.167s] -- Set runtime path of "/home/taras/thesis_ws/install/custom_interfaces/lib/libcustom_interfaces__rosidl_typesupport_c.so" to ""
[5.167s] -- Up-to-date: /home/taras/thesis_ws/install/custom_interfaces/include/custom_interfaces/custom_interfaces
[5.167s] -- Up-to-date: /home/taras/thesis_ws/install/custom_interfaces/include/custom_interfaces/custom_interfaces/msg
[5.167s] -- Up-to-date: /home/taras/thesis_ws/install/custom_interfaces/include/custom_interfaces/custom_interfaces/msg/detail
[5.168s] -- Installing: /home/taras/thesis_ws/install/custom_interfaces/include/custom_interfaces/custom_interfaces/msg/detail/person_pose__rosidl_typesupport_introspection_cpp.hpp
[5.168s] -- Installing: /home/taras/thesis_ws/install/custom_interfaces/include/custom_interfaces/custom_interfaces/msg/detail/person_pose__type_support.cpp
[5.168s] -- Installing: /home/taras/thesis_ws/install/custom_interfaces/include/custom_interfaces/custom_interfaces/msg/detail/tracker__rosidl_typesupport_introspection_cpp.hpp
[5.168s] -- Installing: /home/taras/thesis_ws/install/custom_interfaces/include/custom_interfaces/custom_interfaces/msg/detail/tracker__type_support.cpp
[5.169s] -- Installing: /home/taras/thesis_ws/install/custom_interfaces/lib/libcustom_interfaces__rosidl_typesupport_introspection_cpp.so
[5.169s] -- Set runtime path of "/home/taras/thesis_ws/install/custom_interfaces/lib/libcustom_interfaces__rosidl_typesupport_introspection_cpp.so" to ""
[5.170s] -- Installing: /home/taras/thesis_ws/install/custom_interfaces/lib/libcustom_interfaces__rosidl_typesupport_cpp.so
[5.170s] -- Set runtime path of "/home/taras/thesis_ws/install/custom_interfaces/lib/libcustom_interfaces__rosidl_typesupport_cpp.so" to ""
[5.170s] -- Up-to-date: /home/taras/thesis_ws/install/custom_interfaces/share/custom_interfaces/environment/pythonpath.sh
[5.171s] -- Installing: /home/taras/thesis_ws/install/custom_interfaces/share/custom_interfaces/environment/pythonpath.dsv
[5.171s] -- Up-to-date: /home/taras/thesis_ws/install/custom_interfaces/local/lib/python3.10/dist-packages/custom_interfaces-0.0.0-py3.10.egg-info
[5.171s] -- Installing: /home/taras/thesis_ws/install/custom_interfaces/local/lib/python3.10/dist-packages/custom_interfaces-0.0.0-py3.10.egg-info/dependency_links.txt
[5.171s] -- Installing: /home/taras/thesis_ws/install/custom_interfaces/local/lib/python3.10/dist-packages/custom_interfaces-0.0.0-py3.10.egg-info/PKG-INFO
[5.171s] -- Installing: /home/taras/thesis_ws/install/custom_interfaces/local/lib/python3.10/dist-packages/custom_interfaces-0.0.0-py3.10.egg-info/top_level.txt
[5.172s] -- Installing: /home/taras/thesis_ws/install/custom_interfaces/local/lib/python3.10/dist-packages/custom_interfaces-0.0.0-py3.10.egg-info/SOURCES.txt
[5.172s] -- Up-to-date: /home/taras/thesis_ws/install/custom_interfaces/local/lib/python3.10/dist-packages/custom_interfaces
[5.172s] -- Installing: /home/taras/thesis_ws/install/custom_interfaces/local/lib/python3.10/dist-packages/custom_interfaces/custom_interfaces_s__rosidl_typesupport_c.cpython-310-x86_64-linux-gnu.so
[5.172s] -- Installing: /home/taras/thesis_ws/install/custom_interfaces/local/lib/python3.10/dist-packages/custom_interfaces/_custom_interfaces_s.ep.rosidl_typesupport_fastrtps_c.c
[5.172s] -- Installing: /home/taras/thesis_ws/install/custom_interfaces/local/lib/python3.10/dist-packages/custom_interfaces/custom_interfaces_s__rosidl_typesupport_fastrtps_c.cpython-310-x86_64-linux-gnu.so
[5.172s] -- Installing: /home/taras/thesis_ws/install/custom_interfaces/local/lib/python3.10/dist-packages/custom_interfaces/custom_interfaces_s__rosidl_typesupport_introspection_c.cpython-310-x86_64-linux-gnu.so
[5.172s] -- Installing: /home/taras/thesis_ws/install/custom_interfaces/local/lib/python3.10/dist-packages/custom_interfaces/libcustom_interfaces__rosidl_generator_py.so
[5.173s] -- Installing: /home/taras/thesis_ws/install/custom_interfaces/local/lib/python3.10/dist-packages/custom_interfaces/_custom_interfaces_s.ep.rosidl_typesupport_introspection_c.c
[5.173s] -- Installing: /home/taras/thesis_ws/install/custom_interfaces/local/lib/python3.10/dist-packages/custom_interfaces/__init__.py
[5.173s] -- Installing: /home/taras/thesis_ws/install/custom_interfaces/local/lib/python3.10/dist-packages/custom_interfaces/_custom_interfaces_s.ep.rosidl_typesupport_c.c
[5.173s] -- Up-to-date: /home/taras/thesis_ws/install/custom_interfaces/local/lib/python3.10/dist-packages/custom_interfaces/msg
[5.173s] -- Installing: /home/taras/thesis_ws/install/custom_interfaces/local/lib/python3.10/dist-packages/custom_interfaces/msg/_person_pose.py
[5.173s] -- Installing: /home/taras/thesis_ws/install/custom_interfaces/local/lib/python3.10/dist-packages/custom_interfaces/msg/_tracker_s.c
[5.173s] -- Installing: /home/taras/thesis_ws/install/custom_interfaces/local/lib/python3.10/dist-packages/custom_interfaces/msg/__init__.py
[5.174s] -- Installing: /home/taras/thesis_ws/install/custom_interfaces/local/lib/python3.10/dist-packages/custom_interfaces/msg/_tracker.py
[5.174s] -- Installing: /home/taras/thesis_ws/install/custom_interfaces/local/lib/python3.10/dist-packages/custom_interfaces/msg/_person_pose_s.c
[5.250s] Listing '/home/taras/thesis_ws/install/custom_interfaces/local/lib/python3.10/dist-packages/custom_interfaces'...
[5.250s] Compiling '/home/taras/thesis_ws/install/custom_interfaces/local/lib/python3.10/dist-packages/custom_interfaces/__init__.py'...
[5.250s] Listing '/home/taras/thesis_ws/install/custom_interfaces/local/lib/python3.10/dist-packages/custom_interfaces/msg'...
[5.250s] Compiling '/home/taras/thesis_ws/install/custom_interfaces/local/lib/python3.10/dist-packages/custom_interfaces/msg/__init__.py'...
[5.250s] Compiling '/home/taras/thesis_ws/install/custom_interfaces/local/lib/python3.10/dist-packages/custom_interfaces/msg/_person_pose.py'...
[5.250s] Compiling '/home/taras/thesis_ws/install/custom_interfaces/local/lib/python3.10/dist-packages/custom_interfaces/msg/_tracker.py'...
[5.254s] -- Installing: /home/taras/thesis_ws/install/custom_interfaces/local/lib/python3.10/dist-packages/custom_interfaces/custom_interfaces_s__rosidl_typesupport_fastrtps_c.cpython-310-x86_64-linux-gnu.so
[5.255s] -- Set runtime path of "/home/taras/thesis_ws/install/custom_interfaces/local/lib/python3.10/dist-packages/custom_interfaces/custom_interfaces_s__rosidl_typesupport_fastrtps_c.cpython-310-x86_64-linux-gnu.so" to ""
[5.255s] -- Installing: /home/taras/thesis_ws/install/custom_interfaces/local/lib/python3.10/dist-packages/custom_interfaces/custom_interfaces_s__rosidl_typesupport_introspection_c.cpython-310-x86_64-linux-gnu.so
[5.256s] -- Set runtime path of "/home/taras/thesis_ws/install/custom_interfaces/local/lib/python3.10/dist-packages/custom_interfaces/custom_interfaces_s__rosidl_typesupport_introspection_c.cpython-310-x86_64-linux-gnu.so" to ""
[5.256s] -- Installing: /home/taras/thesis_ws/install/custom_interfaces/local/lib/python3.10/dist-packages/custom_interfaces/custom_interfaces_s__rosidl_typesupport_c.cpython-310-x86_64-linux-gnu.so
[5.256s] -- Set runtime path of "/home/taras/thesis_ws/install/custom_interfaces/local/lib/python3.10/dist-packages/custom_interfaces/custom_interfaces_s__rosidl_typesupport_c.cpython-310-x86_64-linux-gnu.so" to ""
[5.257s] -- Installing: /home/taras/thesis_ws/install/custom_interfaces/lib/libcustom_interfaces__rosidl_generator_py.so
[5.257s] -- Set runtime path of "/home/taras/thesis_ws/install/custom_interfaces/lib/libcustom_interfaces__rosidl_generator_py.so" to ""
[5.257s] -- Up-to-date: /home/taras/thesis_ws/install/custom_interfaces/share/custom_interfaces/msg/PersonPose.idl
[5.258s] -- Installing: /home/taras/thesis_ws/install/custom_interfaces/share/custom_interfaces/msg/Tracker.idl
[5.258s] -- Up-to-date: /home/taras/thesis_ws/install/custom_interfaces/share/custom_interfaces/msg/PersonPose.msg
[5.258s] -- Installing: /home/taras/thesis_ws/install/custom_interfaces/share/custom_interfaces/msg/Tracker.msg
[5.258s] -- Up-to-date: /home/taras/thesis_ws/install/custom_interfaces/share/ament_index/resource_index/package_run_dependencies/custom_interfaces
[5.258s] -- Up-to-date: /home/taras/thesis_ws/install/custom_interfaces/share/ament_index/resource_index/parent_prefix_path/custom_interfaces
[5.258s] -- Up-to-date: /home/taras/thesis_ws/install/custom_interfaces/share/custom_interfaces/environment/ament_prefix_path.sh
[5.258s] -- Installing: /home/taras/thesis_ws/install/custom_interfaces/share/custom_interfaces/environment/ament_prefix_path.dsv
[5.258s] -- Up-to-date: /home/taras/thesis_ws/install/custom_interfaces/share/custom_interfaces/environment/path.sh
[5.259s] -- Installing: /home/taras/thesis_ws/install/custom_interfaces/share/custom_interfaces/environment/path.dsv
[5.259s] -- Up-to-date: /home/taras/thesis_ws/install/custom_interfaces/share/custom_interfaces/local_setup.bash
[5.259s] -- Up-to-date: /home/taras/thesis_ws/install/custom_interfaces/share/custom_interfaces/local_setup.sh
[5.259s] -- Up-to-date: /home/taras/thesis_ws/install/custom_interfaces/share/custom_interfaces/local_setup.zsh
[5.259s] -- Installing: /home/taras/thesis_ws/install/custom_interfaces/share/custom_interfaces/local_setup.dsv
[5.259s] -- Installing: /home/taras/thesis_ws/install/custom_interfaces/share/custom_interfaces/package.dsv
[5.259s] -- Up-to-date: /home/taras/thesis_ws/install/custom_interfaces/share/ament_index/resource_index/packages/custom_interfaces
[5.259s] -- Up-to-date: /home/taras/thesis_ws/install/custom_interfaces/share/custom_interfaces/cmake/export_custom_interfaces__rosidl_generator_cExport.cmake
[5.260s] -- Up-to-date: /home/taras/thesis_ws/install/custom_interfaces/share/custom_interfaces/cmake/export_custom_interfaces__rosidl_generator_cExport-noconfig.cmake
[5.260s] -- Up-to-date: /home/taras/thesis_ws/install/custom_interfaces/share/custom_interfaces/cmake/export_custom_interfaces__rosidl_typesupport_fastrtps_cExport.cmake
[5.260s] -- Up-to-date: /home/taras/thesis_ws/install/custom_interfaces/share/custom_interfaces/cmake/export_custom_interfaces__rosidl_typesupport_fastrtps_cExport-noconfig.cmake
[5.260s] -- Up-to-date: /home/taras/thesis_ws/install/custom_interfaces/share/custom_interfaces/cmake/export_custom_interfaces__rosidl_generator_cppExport.cmake
[5.260s] -- Up-to-date: /home/taras/thesis_ws/install/custom_interfaces/share/custom_interfaces/cmake/export_custom_interfaces__rosidl_typesupport_fastrtps_cppExport.cmake
[5.260s] -- Up-to-date: /home/taras/thesis_ws/install/custom_interfaces/share/custom_interfaces/cmake/export_custom_interfaces__rosidl_typesupport_fastrtps_cppExport-noconfig.cmake
[5.260s] -- Up-to-date: /home/taras/thesis_ws/install/custom_interfaces/share/custom_interfaces/cmake/custom_interfaces__rosidl_typesupport_introspection_cExport.cmake
[5.261s] -- Up-to-date: /home/taras/thesis_ws/install/custom_interfaces/share/custom_interfaces/cmake/custom_interfaces__rosidl_typesupport_introspection_cExport-noconfig.cmake
[5.261s] -- Up-to-date: /home/taras/thesis_ws/install/custom_interfaces/share/custom_interfaces/cmake/custom_interfaces__rosidl_typesupport_cExport.cmake
[5.261s] -- Up-to-date: /home/taras/thesis_ws/install/custom_interfaces/share/custom_interfaces/cmake/custom_interfaces__rosidl_typesupport_cExport-noconfig.cmake
[5.261s] -- Up-to-date: /home/taras/thesis_ws/install/custom_interfaces/share/custom_interfaces/cmake/custom_interfaces__rosidl_typesupport_introspection_cppExport.cmake
[5.261s] -- Up-to-date: /home/taras/thesis_ws/install/custom_interfaces/share/custom_interfaces/cmake/custom_interfaces__rosidl_typesupport_introspection_cppExport-noconfig.cmake
[5.261s] -- Up-to-date: /home/taras/thesis_ws/install/custom_interfaces/share/custom_interfaces/cmake/custom_interfaces__rosidl_typesupport_cppExport.cmake
[5.261s] -- Up-to-date: /home/taras/thesis_ws/install/custom_interfaces/share/custom_interfaces/cmake/custom_interfaces__rosidl_typesupport_cppExport-noconfig.cmake
[5.262s] -- Up-to-date: /home/taras/thesis_ws/install/custom_interfaces/share/custom_interfaces/cmake/export_custom_interfaces__rosidl_generator_pyExport.cmake
[5.262s] -- Up-to-date: /home/taras/thesis_ws/install/custom_interfaces/share/custom_interfaces/cmake/export_custom_interfaces__rosidl_generator_pyExport-noconfig.cmake
[5.262s] -- Installing: /home/taras/thesis_ws/install/custom_interfaces/share/custom_interfaces/cmake/rosidl_cmake-extras.cmake
[5.262s] -- Up-to-date: /home/taras/thesis_ws/install/custom_interfaces/share/custom_interfaces/cmake/ament_cmake_export_dependencies-extras.cmake
[5.262s] -- Up-to-date: /home/taras/thesis_ws/install/custom_interfaces/share/custom_interfaces/cmake/ament_cmake_export_include_directories-extras.cmake
[5.262s] -- Up-to-date: /home/taras/thesis_ws/install/custom_interfaces/share/custom_interfaces/cmake/ament_cmake_export_libraries-extras.cmake
[5.262s] -- Up-to-date: /home/taras/thesis_ws/install/custom_interfaces/share/custom_interfaces/cmake/ament_cmake_export_targets-extras.cmake
[5.262s] -- Up-to-date: /home/taras/thesis_ws/install/custom_interfaces/share/custom_interfaces/cmake/rosidl_cmake_export_typesupport_targets-extras.cmake
[5.262s] -- Up-to-date: /home/taras/thesis_ws/install/custom_interfaces/share/custom_interfaces/cmake/rosidl_cmake_export_typesupport_libraries-extras.cmake
[5.263s] -- Up-to-date: /home/taras/thesis_ws/install/custom_interfaces/share/custom_interfaces/cmake/custom_interfacesConfig.cmake
[5.263s] -- Up-to-date: /home/taras/thesis_ws/install/custom_interfaces/share/custom_interfaces/cmake/custom_interfacesConfig-version.cmake
[5.263s] -- Installing: /home/taras/thesis_ws/install/custom_interfaces/share/custom_interfaces/package.xml
[5.264s] Invoked command in '/home/taras/thesis_ws/build/custom_interfaces' returned '0': CMAKE_PREFIX_PATH=${CMAKE_PREFIX_PATH}:/home/taras/seasony/lewis/install/robot_navigation:/home/taras/seasony/lewis/install/sensor_stream_pkg:/home/taras/seasony/lewis/install/robot_teleop:/home/taras/seasony/lewis/install/robot_spawner:/home/taras/seasony/lewis/install/robot_data:/home/taras/seasony/lewis/install/robot_agent:/home/taras/seasony/lewis/install/robot_behavior2:/home/taras/seasony/lewis/install/robot_battery:/home/taras/seasony/lewis/install/robot_bag_recorder:/home/taras/seasony/lewis/install/orgb_led_manager:/home/taras/seasony/lewis/install/nav2_simple_commander:/home/taras/seasony/lewis/install/locations:/home/taras/seasony/lewis/install/lewis_sound_manager:/home/taras/seasony/lewis/install/lewis_simple_gui:/home/taras/seasony/lewis/install/lewis_serial_com:/home/taras/seasony/lewis/install/lewis_robot_control:/home/taras/seasony/lewis/install/lewis_remote_emergency:/home/taras/seasony/lewis/install/lewis_managers:/home/taras/seasony/lewis/install/lewis_health:/home/taras/seasony/lewis/install/lewis_b1_description:/home/taras/seasony/lewis/install/lewis_b1_bringup:/home/taras/seasony/lewis/install/esp32_control:/home/taras/seasony/lewis/install/controllino:/home/taras/thesis_ws/install/yolo_pose_ros:/home/taras/thesis_ws/install/drspaam:/opt/ros/humble /usr/bin/cmake --install /home/taras/thesis_ws/build/custom_interfaces
