[0.717s] Invoking command in '/home/taras/thesis_ws/src/drspaam': PYTHONPATH=/home/taras/thesis_ws/build/drspaam/prefix_override:/home/taras/thesis_ws/install/drspaam/lib/python3.10/site-packages:${PYTHONPATH} /usr/bin/python3 setup.py egg_info --egg-base ../../build/drspaam build --build-base /home/taras/thesis_ws/build/drspaam/build install --record /home/taras/thesis_ws/build/drspaam/install.log --single-version-externally-managed
[0.997s] running egg_info
[0.997s] writing ../../build/drspaam/drspaam.egg-info/PKG-INFO
[0.997s] writing dependency_links to ../../build/drspaam/drspaam.egg-info/dependency_links.txt
[0.998s] writing entry points to ../../build/drspaam/drspaam.egg-info/entry_points.txt
[0.998s] writing requirements to ../../build/drspaam/drspaam.egg-info/requires.txt
[0.998s] writing top-level names to ../../build/drspaam/drspaam.egg-info/top_level.txt
[0.999s] reading manifest file '../../build/drspaam/drspaam.egg-info/SOURCES.txt'
[1.000s] writing manifest file '../../build/drspaam/drspaam.egg-info/SOURCES.txt'
[1.000s] running build
[1.000s] running build_py
[1.000s] copying drspaam/drspaam_node.py -> /home/taras/thesis_ws/build/drspaam/build/lib/drspaam
[1.000s] running install
[1.001s] running install_lib
[1.001s] copying /home/taras/thesis_ws/build/drspaam/build/lib/drspaam/drspaam_node.py -> /home/taras/thesis_ws/install/drspaam/lib/python3.10/site-packages/drspaam
[1.002s] byte-compiling /home/taras/thesis_ws/install/drspaam/lib/python3.10/site-packages/drspaam/drspaam_node.py to drspaam_node.cpython-310.pyc
[1.003s] running install_data
[1.003s] running install_egg_info
[1.005s] removing '/home/taras/thesis_ws/install/drspaam/lib/python3.10/site-packages/drspaam-1.0.0-py3.10.egg-info' (and everything under it)
[1.005s] Copying ../../build/drspaam/drspaam.egg-info to /home/taras/thesis_ws/install/drspaam/lib/python3.10/site-packages/drspaam-1.0.0-py3.10.egg-info
[1.006s] running install_scripts
[1.023s] Installing dr_spaam_node script to /home/taras/thesis_ws/install/drspaam/lib/drspaam
[1.024s] writing list of installed files to '/home/taras/thesis_ws/build/drspaam/install.log'
[1.052s] Invoked command in '/home/taras/thesis_ws/src/drspaam' returned '0': PYTHONPATH=/home/taras/thesis_ws/build/drspaam/prefix_override:/home/taras/thesis_ws/install/drspaam/lib/python3.10/site-packages:${PYTHONPATH} /usr/bin/python3 setup.py egg_info --egg-base ../../build/drspaam build --build-base /home/taras/thesis_ws/build/drspaam/build install --record /home/taras/thesis_ws/build/drspaam/install.log --single-version-externally-managed
