[0.040s] Invoking command in '/home/taras/thesis_ws/build/custom_interfaces': CMAKE_PREFIX_PATH=${CMAKE_PREFIX_PATH}:/home/taras/seasony/lewis/install/robot_navigation:/home/taras/seasony/lewis/install/sensor_stream_pkg:/home/taras/seasony/lewis/install/robot_teleop:/home/taras/seasony/lewis/install/robot_spawner:/home/taras/seasony/lewis/install/robot_data:/home/taras/seasony/lewis/install/robot_agent:/home/taras/seasony/lewis/install/robot_behavior2:/home/taras/seasony/lewis/install/robot_battery:/home/taras/seasony/lewis/install/robot_bag_recorder:/home/taras/seasony/lewis/install/orgb_led_manager:/home/taras/seasony/lewis/install/nav2_simple_commander:/home/taras/seasony/lewis/install/locations:/home/taras/seasony/lewis/install/lewis_sound_manager:/home/taras/seasony/lewis/install/lewis_simple_gui:/home/taras/seasony/lewis/install/lewis_serial_com:/home/taras/seasony/lewis/install/lewis_robot_control:/home/taras/seasony/lewis/install/lewis_remote_emergency:/home/taras/seasony/lewis/install/lewis_managers:/home/taras/seasony/lewis/install/lewis_health:/home/taras/seasony/lewis/install/lewis_b1_description:/home/taras/seasony/lewis/install/lewis_b1_bringup:/home/taras/seasony/lewis/install/esp32_control:/home/taras/seasony/lewis/install/controllino:/home/taras/thesis_ws/install/yolo_pose_ros:/home/taras/thesis_ws/install/tracker_pkg:/home/taras/thesis_ws/install/drspaam:/opt/ros/humble /usr/bin/cmake --build /home/taras/thesis_ws/build/custom_interfaces -- -j16 -l16
[0.344s] -- Found ament_cmake: 1.3.4 (/opt/ros/humble/share/ament_cmake/cmake)
[0.377s] -- Found std_msgs: 4.2.3 (/opt/ros/humble/share/std_msgs/cmake)
[0.410s] -- Found rosidl_generator_c: 3.1.4 (/opt/ros/humble/share/rosidl_generator_c/cmake)
[0.413s] -- Found rosidl_adapter: 3.1.4 (/opt/ros/humble/share/rosidl_adapter/cmake)
[0.420s] -- Found rosidl_generator_cpp: 3.1.4 (/opt/ros/humble/share/rosidl_generator_cpp/cmake)
[0.440s] -- Using all available rosidl_typesupport_c: rosidl_typesupport_fastrtps_c;rosidl_typesupport_introspection_c
[0.459s] -- Using all available rosidl_typesupport_cpp: rosidl_typesupport_fastrtps_cpp;rosidl_typesupport_introspection_cpp
[0.510s] -- Found geometry_msgs: 4.2.3 (/opt/ros/humble/share/geometry_msgs/cmake)
[0.548s] -- Found rosidl_default_generators: 1.2.0 (/opt/ros/humble/share/rosidl_default_generators/cmake)
[1.011s] -- Found ament_cmake_ros: 0.10.0 (/opt/ros/humble/share/ament_cmake_ros/cmake)
[1.592s] -- Using all available rosidl_typesupport_c: rosidl_typesupport_fastrtps_c;rosidl_typesupport_introspection_c
[1.841s] -- Using all available rosidl_typesupport_cpp: rosidl_typesupport_fastrtps_cpp;rosidl_typesupport_introspection_cpp
[1.883s] -- Found python_cmake_module: 0.10.0 (/opt/ros/humble/share/python_cmake_module/cmake)
[1.917s] -- Using PYTHON_EXECUTABLE: /usr/bin/python3
[1.917s] -- Using PYTHON_INCLUDE_DIRS: /usr/include/python3.10
[1.918s] -- Using PYTHON_LIBRARIES: /usr/lib/x86_64-linux-gnu/libpython3.10.so
[2.009s] -- Configuring done
[2.058s] -- Generating done
[2.060s] -- Build files have been written to: /home/taras/thesis_ws/build/custom_interfaces
[2.107s] [  2%] [34m[1mGenerating C code for ROS interfaces[0m
[2.118s] [  4%] [34m[1mGenerating C++ code for ROS interfaces[0m
[2.126s] [  4%] Built target ament_cmake_python_copy_custom_interfaces
[2.434s] running egg_info
[2.435s] writing custom_interfaces.egg-info/PKG-INFO
[2.435s] writing dependency_links to custom_interfaces.egg-info/dependency_links.txt
[2.435s] writing top-level names to custom_interfaces.egg-info/top_level.txt
[2.437s] reading manifest file 'custom_interfaces.egg-info/SOURCES.txt'
[2.437s] writing manifest file 'custom_interfaces.egg-info/SOURCES.txt'
[2.470s] [  4%] Built target ament_cmake_python_build_custom_interfaces_egg
[2.555s] [  4%] Built target custom_interfaces__cpp
[2.570s] [  6%] [34m[1mGenerating C++ type support dispatch for ROS interfaces[0m
[2.575s] [  8%] [34m[1mGenerating C++ type support for eProsima Fast-RTPS[0m
[2.577s] [ 10%] [34m[1mGenerating C++ introspection for ROS interfaces[0m
[2.588s] [35m[1mConsolidate compiler generated dependencies of target custom_interfaces__rosidl_generator_c[0m
[2.608s] [ 14%] [32mBuilding C object CMakeFiles/custom_interfaces__rosidl_generator_c.dir/rosidl_generator_c/custom_interfaces/msg/detail/associations__functions.c.o[0m
[2.608s] [ 14%] [32mBuilding C object CMakeFiles/custom_interfaces__rosidl_generator_c.dir/rosidl_generator_c/custom_interfaces/msg/detail/tracker__functions.c.o[0m
[2.608s] [ 17%] [32mBuilding C object CMakeFiles/custom_interfaces__rosidl_generator_c.dir/rosidl_generator_c/custom_interfaces/msg/detail/person_pose__functions.c.o[0m
[2.692s] [ 19%] [32m[1mLinking C shared library libcustom_interfaces__rosidl_generator_c.so[0m
[2.736s] [ 19%] Built target custom_interfaces__rosidl_generator_c
[2.747s] [ 25%] [34m[1mGenerating C type support dispatch for ROS interfaces[0m
[2.748s] [ 25%] [34m[1mGenerating C type support for eProsima Fast-RTPS[0m
[2.748s] [ 25%] [34m[1mGenerating C introspection for ROS interfaces[0m
[2.962s] [35m[1mConsolidate compiler generated dependencies of target custom_interfaces__rosidl_typesupport_cpp[0m
[2.977s] [35m[1mConsolidate compiler generated dependencies of target custom_interfaces__rosidl_typesupport_introspection_cpp[0m
[2.983s] [ 27%] [32mBuilding CXX object CMakeFiles/custom_interfaces__rosidl_typesupport_cpp.dir/rosidl_typesupport_cpp/custom_interfaces/msg/tracker__type_support.cpp.o[0m
[2.984s] [ 29%] [32mBuilding CXX object CMakeFiles/custom_interfaces__rosidl_typesupport_cpp.dir/rosidl_typesupport_cpp/custom_interfaces/msg/person_pose__type_support.cpp.o[0m
[2.985s] [ 31%] [32mBuilding CXX object CMakeFiles/custom_interfaces__rosidl_typesupport_cpp.dir/rosidl_typesupport_cpp/custom_interfaces/msg/associations__type_support.cpp.o[0m
[2.999s] [ 36%] [32mBuilding CXX object CMakeFiles/custom_interfaces__rosidl_typesupport_introspection_cpp.dir/rosidl_typesupport_introspection_cpp/custom_interfaces/msg/detail/tracker__type_support.cpp.o[0m
[2.999s] [ 36%] [32mBuilding CXX object CMakeFiles/custom_interfaces__rosidl_typesupport_introspection_cpp.dir/rosidl_typesupport_introspection_cpp/custom_interfaces/msg/detail/associations__type_support.cpp.o[0m
[3.001s] [ 38%] [32mBuilding CXX object CMakeFiles/custom_interfaces__rosidl_typesupport_introspection_cpp.dir/rosidl_typesupport_introspection_cpp/custom_interfaces/msg/detail/person_pose__type_support.cpp.o[0m
[3.020s] [35m[1mConsolidate compiler generated dependencies of target custom_interfaces__rosidl_typesupport_fastrtps_cpp[0m
[3.042s] [ 40%] [32mBuilding CXX object CMakeFiles/custom_interfaces__rosidl_typesupport_fastrtps_cpp.dir/rosidl_typesupport_fastrtps_cpp/custom_interfaces/msg/detail/dds_fastrtps/associations__type_support.cpp.o[0m
[3.045s] [ 44%] [32mBuilding CXX object CMakeFiles/custom_interfaces__rosidl_typesupport_fastrtps_cpp.dir/rosidl_typesupport_fastrtps_cpp/custom_interfaces/msg/detail/dds_fastrtps/tracker__type_support.cpp.o[0m
[3.045s] [ 44%] [32mBuilding CXX object CMakeFiles/custom_interfaces__rosidl_typesupport_fastrtps_cpp.dir/rosidl_typesupport_fastrtps_cpp/custom_interfaces/msg/detail/dds_fastrtps/person_pose__type_support.cpp.o[0m
[3.226s] [35m[1mConsolidate compiler generated dependencies of target custom_interfaces__rosidl_typesupport_c[0m
[3.248s] [ 46%] [32mBuilding CXX object CMakeFiles/custom_interfaces__rosidl_typesupport_c.dir/rosidl_typesupport_c/custom_interfaces/msg/person_pose__type_support.cpp.o[0m
[3.252s] [ 48%] [32mBuilding CXX object CMakeFiles/custom_interfaces__rosidl_typesupport_c.dir/rosidl_typesupport_c/custom_interfaces/msg/associations__type_support.cpp.o[0m
[3.253s] [ 51%] [32mBuilding CXX object CMakeFiles/custom_interfaces__rosidl_typesupport_c.dir/rosidl_typesupport_c/custom_interfaces/msg/tracker__type_support.cpp.o[0m
[3.307s] [35m[1mConsolidate compiler generated dependencies of target custom_interfaces__rosidl_typesupport_fastrtps_c[0m
[3.322s] [ 53%] [32m[1mLinking CXX shared library libcustom_interfaces__rosidl_typesupport_c.so[0m
[3.325s] [35m[1mConsolidate compiler generated dependencies of target custom_interfaces__rosidl_typesupport_introspection_c[0m
[3.329s] [ 55%] [32mBuilding CXX object CMakeFiles/custom_interfaces__rosidl_typesupport_fastrtps_c.dir/rosidl_typesupport_fastrtps_c/custom_interfaces/msg/detail/tracker__type_support_c.cpp.o[0m
[3.329s] [ 57%] [32mBuilding CXX object CMakeFiles/custom_interfaces__rosidl_typesupport_fastrtps_c.dir/rosidl_typesupport_fastrtps_c/custom_interfaces/msg/detail/person_pose__type_support_c.cpp.o[0m
[3.332s] [ 59%] [32mBuilding CXX object CMakeFiles/custom_interfaces__rosidl_typesupport_fastrtps_c.dir/rosidl_typesupport_fastrtps_c/custom_interfaces/msg/detail/associations__type_support_c.cpp.o[0m
[3.336s] [ 61%] [32m[1mLinking CXX shared library libcustom_interfaces__rosidl_typesupport_cpp.so[0m
[3.347s] [ 63%] [32mBuilding C object CMakeFiles/custom_interfaces__rosidl_typesupport_introspection_c.dir/rosidl_typesupport_introspection_c/custom_interfaces/msg/detail/tracker__type_support.c.o[0m
[3.348s] [ 65%] [32mBuilding C object CMakeFiles/custom_interfaces__rosidl_typesupport_introspection_c.dir/rosidl_typesupport_introspection_c/custom_interfaces/msg/detail/associations__type_support.c.o[0m
[3.349s] [ 68%] [32mBuilding C object CMakeFiles/custom_interfaces__rosidl_typesupport_introspection_c.dir/rosidl_typesupport_introspection_c/custom_interfaces/msg/detail/person_pose__type_support.c.o[0m
[3.399s] [ 68%] Built target custom_interfaces__rosidl_typesupport_c
[3.405s] [ 68%] Built target custom_interfaces__rosidl_typesupport_cpp
[3.425s] [ 70%] [32m[1mLinking C shared library libcustom_interfaces__rosidl_typesupport_introspection_c.so[0m
[3.488s] [ 70%] Built target custom_interfaces__rosidl_typesupport_introspection_c
[3.602s] [ 72%] [32m[1mLinking CXX shared library libcustom_interfaces__rosidl_typesupport_fastrtps_cpp.so[0m
[3.656s] [ 74%] [32m[1mLinking CXX shared library libcustom_interfaces__rosidl_typesupport_introspection_cpp.so[0m
[3.704s] [ 74%] Built target custom_interfaces__rosidl_typesupport_fastrtps_cpp
[3.720s] [ 76%] [32m[1mLinking CXX shared library libcustom_interfaces__rosidl_typesupport_fastrtps_c.so[0m
[3.751s] [ 76%] Built target custom_interfaces__rosidl_typesupport_introspection_cpp
[3.806s] [ 76%] Built target custom_interfaces__rosidl_typesupport_fastrtps_c
[3.830s] [ 76%] Built target custom_interfaces
[3.857s] [ 78%] [34m[1mGenerating Python code for ROS interfaces[0m
[4.500s] [ 78%] Built target custom_interfaces__py
[4.514s] [35m[1mConsolidate compiler generated dependencies of target custom_interfaces__rosidl_generator_py[0m
[4.536s] [ 82%] [32mBuilding C object CMakeFiles/custom_interfaces__rosidl_generator_py.dir/rosidl_generator_py/custom_interfaces/msg/_associations_s.c.o[0m
[4.536s] [ 82%] [32mBuilding C object CMakeFiles/custom_interfaces__rosidl_generator_py.dir/rosidl_generator_py/custom_interfaces/msg/_person_pose_s.c.o[0m
[4.538s] [ 85%] [32mBuilding C object CMakeFiles/custom_interfaces__rosidl_generator_py.dir/rosidl_generator_py/custom_interfaces/msg/_tracker_s.c.o[0m
[4.652s] [ 87%] [32m[1mLinking C shared library rosidl_generator_py/custom_interfaces/libcustom_interfaces__rosidl_generator_py.so[0m
[4.700s] [ 87%] Built target custom_interfaces__rosidl_generator_py
[4.713s] [35m[1mConsolidate compiler generated dependencies of target custom_interfaces__rosidl_typesupport_c__pyext[0m
[4.718s] [35m[1mConsolidate compiler generated dependencies of target custom_interfaces__rosidl_typesupport_fastrtps_c__pyext[0m
[4.724s] [35m[1mConsolidate compiler generated dependencies of target custom_interfaces__rosidl_typesupport_introspection_c__pyext[0m
[4.728s] [ 89%] [32mBuilding C object CMakeFiles/custom_interfaces__rosidl_typesupport_c__pyext.dir/rosidl_generator_py/custom_interfaces/_custom_interfaces_s.ep.rosidl_typesupport_c.c.o[0m
[4.736s] [ 91%] [32mBuilding C object CMakeFiles/custom_interfaces__rosidl_typesupport_fastrtps_c__pyext.dir/rosidl_generator_py/custom_interfaces/_custom_interfaces_s.ep.rosidl_typesupport_fastrtps_c.c.o[0m
[4.748s] [ 93%] [32mBuilding C object CMakeFiles/custom_interfaces__rosidl_typesupport_introspection_c__pyext.dir/rosidl_generator_py/custom_interfaces/_custom_interfaces_s.ep.rosidl_typesupport_introspection_c.c.o[0m
[4.814s] [ 95%] [32m[1mLinking C shared library rosidl_generator_py/custom_interfaces/custom_interfaces_s__rosidl_typesupport_c.cpython-310-x86_64-linux-gnu.so[0m
[4.834s] [ 97%] [32m[1mLinking C shared library rosidl_generator_py/custom_interfaces/custom_interfaces_s__rosidl_typesupport_introspection_c.cpython-310-x86_64-linux-gnu.so[0m
[4.853s] [100%] [32m[1mLinking C shared library rosidl_generator_py/custom_interfaces/custom_interfaces_s__rosidl_typesupport_fastrtps_c.cpython-310-x86_64-linux-gnu.so[0m
[4.856s] [100%] Built target custom_interfaces__rosidl_typesupport_c__pyext
[4.899s] [100%] Built target custom_interfaces__rosidl_typesupport_introspection_c__pyext
[4.917s] [100%] Built target custom_interfaces__rosidl_typesupport_fastrtps_c__pyext
[4.938s] Invoked command in '/home/taras/thesis_ws/build/custom_interfaces' returned '0': CMAKE_PREFIX_PATH=${CMAKE_PREFIX_PATH}:/home/taras/seasony/lewis/install/robot_navigation:/home/taras/seasony/lewis/install/sensor_stream_pkg:/home/taras/seasony/lewis/install/robot_teleop:/home/taras/seasony/lewis/install/robot_spawner:/home/taras/seasony/lewis/install/robot_data:/home/taras/seasony/lewis/install/robot_agent:/home/taras/seasony/lewis/install/robot_behavior2:/home/taras/seasony/lewis/install/robot_battery:/home/taras/seasony/lewis/install/robot_bag_recorder:/home/taras/seasony/lewis/install/orgb_led_manager:/home/taras/seasony/lewis/install/nav2_simple_commander:/home/taras/seasony/lewis/install/locations:/home/taras/seasony/lewis/install/lewis_sound_manager:/home/taras/seasony/lewis/install/lewis_simple_gui:/home/taras/seasony/lewis/install/lewis_serial_com:/home/taras/seasony/lewis/install/lewis_robot_control:/home/taras/seasony/lewis/install/lewis_remote_emergency:/home/taras/seasony/lewis/install/lewis_managers:/home/taras/seasony/lewis/install/lewis_health:/home/taras/seasony/lewis/install/lewis_b1_description:/home/taras/seasony/lewis/install/lewis_b1_bringup:/home/taras/seasony/lewis/install/esp32_control:/home/taras/seasony/lewis/install/controllino:/home/taras/thesis_ws/install/yolo_pose_ros:/home/taras/thesis_ws/install/tracker_pkg:/home/taras/thesis_ws/install/drspaam:/opt/ros/humble /usr/bin/cmake --build /home/taras/thesis_ws/build/custom_interfaces -- -j16 -l16
[5.166s] Invoking command in '/home/taras/thesis_ws/build/custom_interfaces': CMAKE_PREFIX_PATH=${CMAKE_PREFIX_PATH}:/home/taras/seasony/lewis/install/robot_navigation:/home/taras/seasony/lewis/install/sensor_stream_pkg:/home/taras/seasony/lewis/install/robot_teleop:/home/taras/seasony/lewis/install/robot_spawner:/home/taras/seasony/lewis/install/robot_data:/home/taras/seasony/lewis/install/robot_agent:/home/taras/seasony/lewis/install/robot_behavior2:/home/taras/seasony/lewis/install/robot_battery:/home/taras/seasony/lewis/install/robot_bag_recorder:/home/taras/seasony/lewis/install/orgb_led_manager:/home/taras/seasony/lewis/install/nav2_simple_commander:/home/taras/seasony/lewis/install/locations:/home/taras/seasony/lewis/install/lewis_sound_manager:/home/taras/seasony/lewis/install/lewis_simple_gui:/home/taras/seasony/lewis/install/lewis_serial_com:/home/taras/seasony/lewis/install/lewis_robot_control:/home/taras/seasony/lewis/install/lewis_remote_emergency:/home/taras/seasony/lewis/install/lewis_managers:/home/taras/seasony/lewis/install/lewis_health:/home/taras/seasony/lewis/install/lewis_b1_description:/home/taras/seasony/lewis/install/lewis_b1_bringup:/home/taras/seasony/lewis/install/esp32_control:/home/taras/seasony/lewis/install/controllino:/home/taras/thesis_ws/install/yolo_pose_ros:/home/taras/thesis_ws/install/tracker_pkg:/home/taras/thesis_ws/install/drspaam:/opt/ros/humble /usr/bin/cmake --install /home/taras/thesis_ws/build/custom_interfaces
[5.175s] -- Install configuration: ""
[5.182s] -- Up-to-date: /home/taras/thesis_ws/install/custom_interfaces/share/ament_index/resource_index/rosidl_interfaces/custom_interfaces
[5.182s] -- Up-to-date: /home/taras/thesis_ws/install/custom_interfaces/include/custom_interfaces/custom_interfaces
[5.182s] -- Up-to-date: /home/taras/thesis_ws/install/custom_interfaces/include/custom_interfaces/custom_interfaces/msg
[5.183s] -- Up-to-date: /home/taras/thesis_ws/install/custom_interfaces/include/custom_interfaces/custom_interfaces/msg/detail
[5.183s] -- Installing: /home/taras/thesis_ws/install/custom_interfaces/include/custom_interfaces/custom_interfaces/msg/detail/associations__functions.h
[5.183s] -- Installing: /home/taras/thesis_ws/install/custom_interfaces/include/custom_interfaces/custom_interfaces/msg/detail/tracker__struct.h
[5.183s] -- Installing: /home/taras/thesis_ws/install/custom_interfaces/include/custom_interfaces/custom_interfaces/msg/detail/person_pose__functions.c
[5.183s] -- Installing: /home/taras/thesis_ws/install/custom_interfaces/include/custom_interfaces/custom_interfaces/msg/detail/person_pose__struct.h
[5.184s] -- Installing: /home/taras/thesis_ws/install/custom_interfaces/include/custom_interfaces/custom_interfaces/msg/detail/associations__type_support.h
[5.184s] -- Installing: /home/taras/thesis_ws/install/custom_interfaces/include/custom_interfaces/custom_interfaces/msg/detail/person_pose__type_support.h
[5.184s] -- Installing: /home/taras/thesis_ws/install/custom_interfaces/include/custom_interfaces/custom_interfaces/msg/detail/tracker__functions.c
[5.184s] -- Installing: /home/taras/thesis_ws/install/custom_interfaces/include/custom_interfaces/custom_interfaces/msg/detail/tracker__functions.h
[5.184s] -- Installing: /home/taras/thesis_ws/install/custom_interfaces/include/custom_interfaces/custom_interfaces/msg/detail/tracker__type_support.h
[5.184s] -- Installing: /home/taras/thesis_ws/install/custom_interfaces/include/custom_interfaces/custom_interfaces/msg/detail/person_pose__functions.h
[5.184s] -- Installing: /home/taras/thesis_ws/install/custom_interfaces/include/custom_interfaces/custom_interfaces/msg/detail/associations__functions.c
[5.184s] -- Installing: /home/taras/thesis_ws/install/custom_interfaces/include/custom_interfaces/custom_interfaces/msg/detail/associations__struct.h
[5.185s] -- Up-to-date: /home/taras/thesis_ws/install/custom_interfaces/include/custom_interfaces/custom_interfaces/msg/rosidl_generator_c__visibility_control.h
[5.185s] -- Installing: /home/taras/thesis_ws/install/custom_interfaces/include/custom_interfaces/custom_interfaces/msg/tracker.h
[5.185s] -- Installing: /home/taras/thesis_ws/install/custom_interfaces/include/custom_interfaces/custom_interfaces/msg/person_pose.h
[5.185s] -- Installing: /home/taras/thesis_ws/install/custom_interfaces/include/custom_interfaces/custom_interfaces/msg/associations.h
[5.185s] -- Up-to-date: /home/taras/thesis_ws/install/custom_interfaces/share/custom_interfaces/environment/library_path.sh
[5.185s] -- Installing: /home/taras/thesis_ws/install/custom_interfaces/share/custom_interfaces/environment/library_path.dsv
[5.185s] -- Installing: /home/taras/thesis_ws/install/custom_interfaces/lib/libcustom_interfaces__rosidl_generator_c.so
[5.185s] -- Set runtime path of "/home/taras/thesis_ws/install/custom_interfaces/lib/libcustom_interfaces__rosidl_generator_c.so" to ""
[5.185s] -- Up-to-date: /home/taras/thesis_ws/install/custom_interfaces/include/custom_interfaces/custom_interfaces
[5.186s] -- Up-to-date: /home/taras/thesis_ws/install/custom_interfaces/include/custom_interfaces/custom_interfaces/msg
[5.186s] -- Up-to-date: /home/taras/thesis_ws/install/custom_interfaces/include/custom_interfaces/custom_interfaces/msg/detail
[5.186s] -- Installing: /home/taras/thesis_ws/install/custom_interfaces/include/custom_interfaces/custom_interfaces/msg/detail/tracker__rosidl_typesupport_fastrtps_c.h
[5.186s] -- Installing: /home/taras/thesis_ws/install/custom_interfaces/include/custom_interfaces/custom_interfaces/msg/detail/associations__rosidl_typesupport_fastrtps_c.h
[5.186s] -- Installing: /home/taras/thesis_ws/install/custom_interfaces/include/custom_interfaces/custom_interfaces/msg/detail/person_pose__rosidl_typesupport_fastrtps_c.h
[5.186s] -- Up-to-date: /home/taras/thesis_ws/install/custom_interfaces/include/custom_interfaces/custom_interfaces/msg/rosidl_typesupport_fastrtps_c__visibility_control.h
[5.186s] -- Installing: /home/taras/thesis_ws/install/custom_interfaces/lib/libcustom_interfaces__rosidl_typesupport_fastrtps_c.so
[5.186s] -- Set runtime path of "/home/taras/thesis_ws/install/custom_interfaces/lib/libcustom_interfaces__rosidl_typesupport_fastrtps_c.so" to ""
[5.187s] -- Up-to-date: /home/taras/thesis_ws/install/custom_interfaces/include/custom_interfaces/custom_interfaces
[5.187s] -- Up-to-date: /home/taras/thesis_ws/install/custom_interfaces/include/custom_interfaces/custom_interfaces/msg
[5.187s] -- Up-to-date: /home/taras/thesis_ws/install/custom_interfaces/include/custom_interfaces/custom_interfaces/msg/detail
[5.187s] -- Installing: /home/taras/thesis_ws/install/custom_interfaces/include/custom_interfaces/custom_interfaces/msg/detail/tracker__struct.hpp
[5.187s] -- Installing: /home/taras/thesis_ws/install/custom_interfaces/include/custom_interfaces/custom_interfaces/msg/detail/tracker__builder.hpp
[5.187s] -- Installing: /home/taras/thesis_ws/install/custom_interfaces/include/custom_interfaces/custom_interfaces/msg/detail/associations__traits.hpp
[5.187s] -- Installing: /home/taras/thesis_ws/install/custom_interfaces/include/custom_interfaces/custom_interfaces/msg/detail/person_pose__struct.hpp
[5.187s] -- Installing: /home/taras/thesis_ws/install/custom_interfaces/include/custom_interfaces/custom_interfaces/msg/detail/person_pose__traits.hpp
[5.187s] -- Installing: /home/taras/thesis_ws/install/custom_interfaces/include/custom_interfaces/custom_interfaces/msg/detail/associations__builder.hpp
[5.188s] -- Installing: /home/taras/thesis_ws/install/custom_interfaces/include/custom_interfaces/custom_interfaces/msg/detail/person_pose__builder.hpp
[5.188s] -- Installing: /home/taras/thesis_ws/install/custom_interfaces/include/custom_interfaces/custom_interfaces/msg/detail/tracker__traits.hpp
[5.188s] -- Installing: /home/taras/thesis_ws/install/custom_interfaces/include/custom_interfaces/custom_interfaces/msg/detail/associations__struct.hpp
[5.188s] -- Installing: /home/taras/thesis_ws/install/custom_interfaces/include/custom_interfaces/custom_interfaces/msg/person_pose.hpp
[5.188s] -- Installing: /home/taras/thesis_ws/install/custom_interfaces/include/custom_interfaces/custom_interfaces/msg/associations.hpp
[5.188s] -- Installing: /home/taras/thesis_ws/install/custom_interfaces/include/custom_interfaces/custom_interfaces/msg/tracker.hpp
[5.188s] -- Up-to-date: /home/taras/thesis_ws/install/custom_interfaces/include/custom_interfaces/custom_interfaces
[5.188s] -- Up-to-date: /home/taras/thesis_ws/install/custom_interfaces/include/custom_interfaces/custom_interfaces/msg
[5.188s] -- Up-to-date: /home/taras/thesis_ws/install/custom_interfaces/include/custom_interfaces/custom_interfaces/msg/detail
[5.189s] -- Installing: /home/taras/thesis_ws/install/custom_interfaces/include/custom_interfaces/custom_interfaces/msg/detail/person_pose__rosidl_typesupport_fastrtps_cpp.hpp
[5.189s] -- Installing: /home/taras/thesis_ws/install/custom_interfaces/include/custom_interfaces/custom_interfaces/msg/detail/tracker__rosidl_typesupport_fastrtps_cpp.hpp
[5.189s] -- Up-to-date: /home/taras/thesis_ws/install/custom_interfaces/include/custom_interfaces/custom_interfaces/msg/detail/dds_fastrtps
[5.189s] -- Installing: /home/taras/thesis_ws/install/custom_interfaces/include/custom_interfaces/custom_interfaces/msg/detail/associations__rosidl_typesupport_fastrtps_cpp.hpp
[5.189s] -- Up-to-date: /home/taras/thesis_ws/install/custom_interfaces/include/custom_interfaces/custom_interfaces/msg/rosidl_typesupport_fastrtps_cpp__visibility_control.h
[5.189s] -- Installing: /home/taras/thesis_ws/install/custom_interfaces/lib/libcustom_interfaces__rosidl_typesupport_fastrtps_cpp.so
[5.189s] -- Set runtime path of "/home/taras/thesis_ws/install/custom_interfaces/lib/libcustom_interfaces__rosidl_typesupport_fastrtps_cpp.so" to ""
[5.189s] -- Up-to-date: /home/taras/thesis_ws/install/custom_interfaces/include/custom_interfaces/custom_interfaces
[5.189s] -- Up-to-date: /home/taras/thesis_ws/install/custom_interfaces/include/custom_interfaces/custom_interfaces/msg
[5.190s] -- Up-to-date: /home/taras/thesis_ws/install/custom_interfaces/include/custom_interfaces/custom_interfaces/msg/detail
[5.190s] -- Installing: /home/taras/thesis_ws/install/custom_interfaces/include/custom_interfaces/custom_interfaces/msg/detail/associations__type_support.c
[5.190s] -- Installing: /home/taras/thesis_ws/install/custom_interfaces/include/custom_interfaces/custom_interfaces/msg/detail/associations__rosidl_typesupport_introspection_c.h
[5.190s] -- Installing: /home/taras/thesis_ws/install/custom_interfaces/include/custom_interfaces/custom_interfaces/msg/detail/tracker__rosidl_typesupport_introspection_c.h
[5.190s] -- Installing: /home/taras/thesis_ws/install/custom_interfaces/include/custom_interfaces/custom_interfaces/msg/detail/person_pose__type_support.c
[5.190s] -- Installing: /home/taras/thesis_ws/install/custom_interfaces/include/custom_interfaces/custom_interfaces/msg/detail/tracker__type_support.c
[5.190s] -- Installing: /home/taras/thesis_ws/install/custom_interfaces/include/custom_interfaces/custom_interfaces/msg/detail/person_pose__rosidl_typesupport_introspection_c.h
[5.190s] -- Up-to-date: /home/taras/thesis_ws/install/custom_interfaces/include/custom_interfaces/custom_interfaces/msg/rosidl_typesupport_introspection_c__visibility_control.h
[5.190s] -- Installing: /home/taras/thesis_ws/install/custom_interfaces/lib/libcustom_interfaces__rosidl_typesupport_introspection_c.so
[5.191s] -- Set runtime path of "/home/taras/thesis_ws/install/custom_interfaces/lib/libcustom_interfaces__rosidl_typesupport_introspection_c.so" to ""
[5.191s] -- Installing: /home/taras/thesis_ws/install/custom_interfaces/lib/libcustom_interfaces__rosidl_typesupport_c.so
[5.191s] -- Set runtime path of "/home/taras/thesis_ws/install/custom_interfaces/lib/libcustom_interfaces__rosidl_typesupport_c.so" to ""
[5.191s] -- Up-to-date: /home/taras/thesis_ws/install/custom_interfaces/include/custom_interfaces/custom_interfaces
[5.191s] -- Up-to-date: /home/taras/thesis_ws/install/custom_interfaces/include/custom_interfaces/custom_interfaces/msg
[5.191s] -- Up-to-date: /home/taras/thesis_ws/install/custom_interfaces/include/custom_interfaces/custom_interfaces/msg/detail
[5.191s] -- Installing: /home/taras/thesis_ws/install/custom_interfaces/include/custom_interfaces/custom_interfaces/msg/detail/person_pose__rosidl_typesupport_introspection_cpp.hpp
[5.191s] -- Installing: /home/taras/thesis_ws/install/custom_interfaces/include/custom_interfaces/custom_interfaces/msg/detail/person_pose__type_support.cpp
[5.191s] -- Installing: /home/taras/thesis_ws/install/custom_interfaces/include/custom_interfaces/custom_interfaces/msg/detail/tracker__rosidl_typesupport_introspection_cpp.hpp
[5.192s] -- Installing: /home/taras/thesis_ws/install/custom_interfaces/include/custom_interfaces/custom_interfaces/msg/detail/tracker__type_support.cpp
[5.192s] -- Installing: /home/taras/thesis_ws/install/custom_interfaces/include/custom_interfaces/custom_interfaces/msg/detail/associations__rosidl_typesupport_introspection_cpp.hpp
[5.192s] -- Installing: /home/taras/thesis_ws/install/custom_interfaces/include/custom_interfaces/custom_interfaces/msg/detail/associations__type_support.cpp
[5.192s] -- Installing: /home/taras/thesis_ws/install/custom_interfaces/lib/libcustom_interfaces__rosidl_typesupport_introspection_cpp.so
[5.192s] -- Set runtime path of "/home/taras/thesis_ws/install/custom_interfaces/lib/libcustom_interfaces__rosidl_typesupport_introspection_cpp.so" to ""
[5.192s] -- Installing: /home/taras/thesis_ws/install/custom_interfaces/lib/libcustom_interfaces__rosidl_typesupport_cpp.so
[5.192s] -- Set runtime path of "/home/taras/thesis_ws/install/custom_interfaces/lib/libcustom_interfaces__rosidl_typesupport_cpp.so" to ""
[5.192s] -- Up-to-date: /home/taras/thesis_ws/install/custom_interfaces/share/custom_interfaces/environment/pythonpath.sh
[5.192s] -- Installing: /home/taras/thesis_ws/install/custom_interfaces/share/custom_interfaces/environment/pythonpath.dsv
[5.193s] -- Up-to-date: /home/taras/thesis_ws/install/custom_interfaces/local/lib/python3.10/dist-packages/custom_interfaces-0.0.0-py3.10.egg-info
[5.193s] -- Installing: /home/taras/thesis_ws/install/custom_interfaces/local/lib/python3.10/dist-packages/custom_interfaces-0.0.0-py3.10.egg-info/dependency_links.txt
[5.193s] -- Installing: /home/taras/thesis_ws/install/custom_interfaces/local/lib/python3.10/dist-packages/custom_interfaces-0.0.0-py3.10.egg-info/PKG-INFO
[5.193s] -- Installing: /home/taras/thesis_ws/install/custom_interfaces/local/lib/python3.10/dist-packages/custom_interfaces-0.0.0-py3.10.egg-info/top_level.txt
[5.193s] -- Installing: /home/taras/thesis_ws/install/custom_interfaces/local/lib/python3.10/dist-packages/custom_interfaces-0.0.0-py3.10.egg-info/SOURCES.txt
[5.193s] -- Up-to-date: /home/taras/thesis_ws/install/custom_interfaces/local/lib/python3.10/dist-packages/custom_interfaces
[5.193s] -- Installing: /home/taras/thesis_ws/install/custom_interfaces/local/lib/python3.10/dist-packages/custom_interfaces/custom_interfaces_s__rosidl_typesupport_c.cpython-310-x86_64-linux-gnu.so
[5.193s] -- Installing: /home/taras/thesis_ws/install/custom_interfaces/local/lib/python3.10/dist-packages/custom_interfaces/_custom_interfaces_s.ep.rosidl_typesupport_fastrtps_c.c
[5.193s] -- Installing: /home/taras/thesis_ws/install/custom_interfaces/local/lib/python3.10/dist-packages/custom_interfaces/custom_interfaces_s__rosidl_typesupport_fastrtps_c.cpython-310-x86_64-linux-gnu.so
[5.194s] -- Installing: /home/taras/thesis_ws/install/custom_interfaces/local/lib/python3.10/dist-packages/custom_interfaces/custom_interfaces_s__rosidl_typesupport_introspection_c.cpython-310-x86_64-linux-gnu.so
[5.194s] -- Installing: /home/taras/thesis_ws/install/custom_interfaces/local/lib/python3.10/dist-packages/custom_interfaces/libcustom_interfaces__rosidl_generator_py.so
[5.194s] -- Installing: /home/taras/thesis_ws/install/custom_interfaces/local/lib/python3.10/dist-packages/custom_interfaces/_custom_interfaces_s.ep.rosidl_typesupport_introspection_c.c
[5.194s] -- Installing: /home/taras/thesis_ws/install/custom_interfaces/local/lib/python3.10/dist-packages/custom_interfaces/__init__.py
[5.194s] -- Installing: /home/taras/thesis_ws/install/custom_interfaces/local/lib/python3.10/dist-packages/custom_interfaces/_custom_interfaces_s.ep.rosidl_typesupport_c.c
[5.194s] -- Up-to-date: /home/taras/thesis_ws/install/custom_interfaces/local/lib/python3.10/dist-packages/custom_interfaces/msg
[5.194s] -- Installing: /home/taras/thesis_ws/install/custom_interfaces/local/lib/python3.10/dist-packages/custom_interfaces/msg/_person_pose.py
[5.194s] -- Installing: /home/taras/thesis_ws/install/custom_interfaces/local/lib/python3.10/dist-packages/custom_interfaces/msg/_tracker_s.c
[5.194s] -- Installing: /home/taras/thesis_ws/install/custom_interfaces/local/lib/python3.10/dist-packages/custom_interfaces/msg/__init__.py
[5.195s] -- Installing: /home/taras/thesis_ws/install/custom_interfaces/local/lib/python3.10/dist-packages/custom_interfaces/msg/_tracker.py
[5.195s] -- Installing: /home/taras/thesis_ws/install/custom_interfaces/local/lib/python3.10/dist-packages/custom_interfaces/msg/_person_pose_s.c
[5.195s] -- Installing: /home/taras/thesis_ws/install/custom_interfaces/local/lib/python3.10/dist-packages/custom_interfaces/msg/_associations.py
[5.195s] -- Installing: /home/taras/thesis_ws/install/custom_interfaces/local/lib/python3.10/dist-packages/custom_interfaces/msg/_associations_s.c
[5.250s] Listing '/home/taras/thesis_ws/install/custom_interfaces/local/lib/python3.10/dist-packages/custom_interfaces'...
[5.250s] Compiling '/home/taras/thesis_ws/install/custom_interfaces/local/lib/python3.10/dist-packages/custom_interfaces/__init__.py'...
[5.250s] Listing '/home/taras/thesis_ws/install/custom_interfaces/local/lib/python3.10/dist-packages/custom_interfaces/msg'...
[5.250s] Compiling '/home/taras/thesis_ws/install/custom_interfaces/local/lib/python3.10/dist-packages/custom_interfaces/msg/__init__.py'...
[5.250s] Compiling '/home/taras/thesis_ws/install/custom_interfaces/local/lib/python3.10/dist-packages/custom_interfaces/msg/_associations.py'...
[5.250s] Compiling '/home/taras/thesis_ws/install/custom_interfaces/local/lib/python3.10/dist-packages/custom_interfaces/msg/_person_pose.py'...
[5.250s] Compiling '/home/taras/thesis_ws/install/custom_interfaces/local/lib/python3.10/dist-packages/custom_interfaces/msg/_tracker.py'...
[5.255s] -- Installing: /home/taras/thesis_ws/install/custom_interfaces/local/lib/python3.10/dist-packages/custom_interfaces/custom_interfaces_s__rosidl_typesupport_fastrtps_c.cpython-310-x86_64-linux-gnu.so
[5.255s] -- Set runtime path of "/home/taras/thesis_ws/install/custom_interfaces/local/lib/python3.10/dist-packages/custom_interfaces/custom_interfaces_s__rosidl_typesupport_fastrtps_c.cpython-310-x86_64-linux-gnu.so" to ""
[5.255s] -- Installing: /home/taras/thesis_ws/install/custom_interfaces/local/lib/python3.10/dist-packages/custom_interfaces/custom_interfaces_s__rosidl_typesupport_introspection_c.cpython-310-x86_64-linux-gnu.so
[5.256s] -- Set runtime path of "/home/taras/thesis_ws/install/custom_interfaces/local/lib/python3.10/dist-packages/custom_interfaces/custom_interfaces_s__rosidl_typesupport_introspection_c.cpython-310-x86_64-linux-gnu.so" to ""
[5.256s] -- Installing: /home/taras/thesis_ws/install/custom_interfaces/local/lib/python3.10/dist-packages/custom_interfaces/custom_interfaces_s__rosidl_typesupport_c.cpython-310-x86_64-linux-gnu.so
[5.256s] -- Set runtime path of "/home/taras/thesis_ws/install/custom_interfaces/local/lib/python3.10/dist-packages/custom_interfaces/custom_interfaces_s__rosidl_typesupport_c.cpython-310-x86_64-linux-gnu.so" to ""
[5.257s] -- Installing: /home/taras/thesis_ws/install/custom_interfaces/lib/libcustom_interfaces__rosidl_generator_py.so
[5.258s] -- Set runtime path of "/home/taras/thesis_ws/install/custom_interfaces/lib/libcustom_interfaces__rosidl_generator_py.so" to ""
[5.258s] -- Up-to-date: /home/taras/thesis_ws/install/custom_interfaces/share/custom_interfaces/msg/PersonPose.idl
[5.258s] -- Up-to-date: /home/taras/thesis_ws/install/custom_interfaces/share/custom_interfaces/msg/Tracker.idl
[5.258s] -- Installing: /home/taras/thesis_ws/install/custom_interfaces/share/custom_interfaces/msg/Associations.idl
[5.258s] -- Up-to-date: /home/taras/thesis_ws/install/custom_interfaces/share/custom_interfaces/msg/PersonPose.msg
[5.258s] -- Up-to-date: /home/taras/thesis_ws/install/custom_interfaces/share/custom_interfaces/msg/Tracker.msg
[5.258s] -- Installing: /home/taras/thesis_ws/install/custom_interfaces/share/custom_interfaces/msg/Associations.msg
[5.259s] -- Up-to-date: /home/taras/thesis_ws/install/custom_interfaces/share/ament_index/resource_index/package_run_dependencies/custom_interfaces
[5.259s] -- Up-to-date: /home/taras/thesis_ws/install/custom_interfaces/share/ament_index/resource_index/parent_prefix_path/custom_interfaces
[5.259s] -- Up-to-date: /home/taras/thesis_ws/install/custom_interfaces/share/custom_interfaces/environment/ament_prefix_path.sh
[5.259s] -- Installing: /home/taras/thesis_ws/install/custom_interfaces/share/custom_interfaces/environment/ament_prefix_path.dsv
[5.259s] -- Up-to-date: /home/taras/thesis_ws/install/custom_interfaces/share/custom_interfaces/environment/path.sh
[5.259s] -- Installing: /home/taras/thesis_ws/install/custom_interfaces/share/custom_interfaces/environment/path.dsv
[5.259s] -- Up-to-date: /home/taras/thesis_ws/install/custom_interfaces/share/custom_interfaces/local_setup.bash
[5.259s] -- Up-to-date: /home/taras/thesis_ws/install/custom_interfaces/share/custom_interfaces/local_setup.sh
[5.260s] -- Up-to-date: /home/taras/thesis_ws/install/custom_interfaces/share/custom_interfaces/local_setup.zsh
[5.260s] -- Installing: /home/taras/thesis_ws/install/custom_interfaces/share/custom_interfaces/local_setup.dsv
[5.260s] -- Installing: /home/taras/thesis_ws/install/custom_interfaces/share/custom_interfaces/package.dsv
[5.260s] -- Up-to-date: /home/taras/thesis_ws/install/custom_interfaces/share/ament_index/resource_index/packages/custom_interfaces
[5.260s] -- Up-to-date: /home/taras/thesis_ws/install/custom_interfaces/share/custom_interfaces/cmake/export_custom_interfaces__rosidl_generator_cExport.cmake
[5.261s] -- Up-to-date: /home/taras/thesis_ws/install/custom_interfaces/share/custom_interfaces/cmake/export_custom_interfaces__rosidl_generator_cExport-noconfig.cmake
[5.261s] -- Up-to-date: /home/taras/thesis_ws/install/custom_interfaces/share/custom_interfaces/cmake/export_custom_interfaces__rosidl_typesupport_fastrtps_cExport.cmake
[5.261s] -- Up-to-date: /home/taras/thesis_ws/install/custom_interfaces/share/custom_interfaces/cmake/export_custom_interfaces__rosidl_typesupport_fastrtps_cExport-noconfig.cmake
[5.261s] -- Up-to-date: /home/taras/thesis_ws/install/custom_interfaces/share/custom_interfaces/cmake/export_custom_interfaces__rosidl_generator_cppExport.cmake
[5.262s] -- Up-to-date: /home/taras/thesis_ws/install/custom_interfaces/share/custom_interfaces/cmake/export_custom_interfaces__rosidl_typesupport_fastrtps_cppExport.cmake
[5.262s] -- Up-to-date: /home/taras/thesis_ws/install/custom_interfaces/share/custom_interfaces/cmake/export_custom_interfaces__rosidl_typesupport_fastrtps_cppExport-noconfig.cmake
[5.262s] -- Up-to-date: /home/taras/thesis_ws/install/custom_interfaces/share/custom_interfaces/cmake/custom_interfaces__rosidl_typesupport_introspection_cExport.cmake
[5.262s] -- Up-to-date: /home/taras/thesis_ws/install/custom_interfaces/share/custom_interfaces/cmake/custom_interfaces__rosidl_typesupport_introspection_cExport-noconfig.cmake
[5.262s] -- Up-to-date: /home/taras/thesis_ws/install/custom_interfaces/share/custom_interfaces/cmake/custom_interfaces__rosidl_typesupport_cExport.cmake
[5.262s] -- Up-to-date: /home/taras/thesis_ws/install/custom_interfaces/share/custom_interfaces/cmake/custom_interfaces__rosidl_typesupport_cExport-noconfig.cmake
[5.263s] -- Up-to-date: /home/taras/thesis_ws/install/custom_interfaces/share/custom_interfaces/cmake/custom_interfaces__rosidl_typesupport_introspection_cppExport.cmake
[5.263s] -- Up-to-date: /home/taras/thesis_ws/install/custom_interfaces/share/custom_interfaces/cmake/custom_interfaces__rosidl_typesupport_introspection_cppExport-noconfig.cmake
[5.263s] -- Up-to-date: /home/taras/thesis_ws/install/custom_interfaces/share/custom_interfaces/cmake/custom_interfaces__rosidl_typesupport_cppExport.cmake
[5.263s] -- Up-to-date: /home/taras/thesis_ws/install/custom_interfaces/share/custom_interfaces/cmake/custom_interfaces__rosidl_typesupport_cppExport-noconfig.cmake
[5.263s] -- Up-to-date: /home/taras/thesis_ws/install/custom_interfaces/share/custom_interfaces/cmake/export_custom_interfaces__rosidl_generator_pyExport.cmake
[5.263s] -- Up-to-date: /home/taras/thesis_ws/install/custom_interfaces/share/custom_interfaces/cmake/export_custom_interfaces__rosidl_generator_pyExport-noconfig.cmake
[5.263s] -- Up-to-date: /home/taras/thesis_ws/install/custom_interfaces/share/custom_interfaces/cmake/rosidl_cmake-extras.cmake
[5.263s] -- Up-to-date: /home/taras/thesis_ws/install/custom_interfaces/share/custom_interfaces/cmake/ament_cmake_export_dependencies-extras.cmake
[5.263s] -- Up-to-date: /home/taras/thesis_ws/install/custom_interfaces/share/custom_interfaces/cmake/ament_cmake_export_include_directories-extras.cmake
[5.263s] -- Up-to-date: /home/taras/thesis_ws/install/custom_interfaces/share/custom_interfaces/cmake/ament_cmake_export_libraries-extras.cmake
[5.263s] -- Up-to-date: /home/taras/thesis_ws/install/custom_interfaces/share/custom_interfaces/cmake/ament_cmake_export_targets-extras.cmake
[5.263s] -- Up-to-date: /home/taras/thesis_ws/install/custom_interfaces/share/custom_interfaces/cmake/rosidl_cmake_export_typesupport_targets-extras.cmake
[5.263s] -- Up-to-date: /home/taras/thesis_ws/install/custom_interfaces/share/custom_interfaces/cmake/rosidl_cmake_export_typesupport_libraries-extras.cmake
[5.264s] -- Up-to-date: /home/taras/thesis_ws/install/custom_interfaces/share/custom_interfaces/cmake/custom_interfacesConfig.cmake
[5.264s] -- Up-to-date: /home/taras/thesis_ws/install/custom_interfaces/share/custom_interfaces/cmake/custom_interfacesConfig-version.cmake
[5.264s] -- Up-to-date: /home/taras/thesis_ws/install/custom_interfaces/share/custom_interfaces/package.xml
[5.267s] Invoked command in '/home/taras/thesis_ws/build/custom_interfaces' returned '0': CMAKE_PREFIX_PATH=${CMAKE_PREFIX_PATH}:/home/taras/seasony/lewis/install/robot_navigation:/home/taras/seasony/lewis/install/sensor_stream_pkg:/home/taras/seasony/lewis/install/robot_teleop:/home/taras/seasony/lewis/install/robot_spawner:/home/taras/seasony/lewis/install/robot_data:/home/taras/seasony/lewis/install/robot_agent:/home/taras/seasony/lewis/install/robot_behavior2:/home/taras/seasony/lewis/install/robot_battery:/home/taras/seasony/lewis/install/robot_bag_recorder:/home/taras/seasony/lewis/install/orgb_led_manager:/home/taras/seasony/lewis/install/nav2_simple_commander:/home/taras/seasony/lewis/install/locations:/home/taras/seasony/lewis/install/lewis_sound_manager:/home/taras/seasony/lewis/install/lewis_simple_gui:/home/taras/seasony/lewis/install/lewis_serial_com:/home/taras/seasony/lewis/install/lewis_robot_control:/home/taras/seasony/lewis/install/lewis_remote_emergency:/home/taras/seasony/lewis/install/lewis_managers:/home/taras/seasony/lewis/install/lewis_health:/home/taras/seasony/lewis/install/lewis_b1_description:/home/taras/seasony/lewis/install/lewis_b1_bringup:/home/taras/seasony/lewis/install/esp32_control:/home/taras/seasony/lewis/install/controllino:/home/taras/thesis_ws/install/yolo_pose_ros:/home/taras/thesis_ws/install/tracker_pkg:/home/taras/thesis_ws/install/drspaam:/opt/ros/humble /usr/bin/cmake --install /home/taras/thesis_ws/build/custom_interfaces
