[0.701s] Invoking command in '/home/taras/thesis_ws/src/drspaam': PYTHONPATH=/home/taras/thesis_ws/build/drspaam/prefix_override:/home/taras/thesis_ws/install/drspaam/lib/python3.10/site-packages:${PYTHONPATH} /usr/bin/python3 setup.py egg_info --egg-base ../../build/drspaam build --build-base /home/taras/thesis_ws/build/drspaam/build install --record /home/taras/thesis_ws/build/drspaam/install.log --single-version-externally-managed
[0.984s] running egg_info
[0.985s] writing ../../build/drspaam/drspaam.egg-info/PKG-INFO
[0.985s] writing dependency_links to ../../build/drspaam/drspaam.egg-info/dependency_links.txt
[0.985s] writing entry points to ../../build/drspaam/drspaam.egg-info/entry_points.txt
[0.985s] writing requirements to ../../build/drspaam/drspaam.egg-info/requires.txt
[0.985s] writing top-level names to ../../build/drspaam/drspaam.egg-info/top_level.txt
[0.987s] reading manifest file '../../build/drspaam/drspaam.egg-info/SOURCES.txt'
[0.987s] writing manifest file '../../build/drspaam/drspaam.egg-info/SOURCES.txt'
[0.987s] running build
[0.987s] running build_py
[0.988s] copying drspaam/drspaam_node.py -> /home/taras/thesis_ws/build/drspaam/build/lib/drspaam
[0.993s] running install
[0.993s] running install_lib
[0.994s] copying /home/taras/thesis_ws/build/drspaam/build/lib/drspaam/drspaam_node.py -> /home/taras/thesis_ws/install/drspaam/lib/python3.10/site-packages/drspaam
[0.995s] byte-compiling /home/taras/thesis_ws/install/drspaam/lib/python3.10/site-packages/drspaam/drspaam_node.py to drspaam_node.cpython-310.pyc
[0.996s] running install_data
[0.996s] running install_egg_info
[0.998s] removing '/home/taras/thesis_ws/install/drspaam/lib/python3.10/site-packages/drspaam-1.0.0-py3.10.egg-info' (and everything under it)
[0.998s] Copying ../../build/drspaam/drspaam.egg-info to /home/taras/thesis_ws/install/drspaam/lib/python3.10/site-packages/drspaam-1.0.0-py3.10.egg-info
[0.998s] running install_scripts
[1.017s] Installing dr_spaam_node script to /home/taras/thesis_ws/install/drspaam/lib/drspaam
[1.017s] writing list of installed files to '/home/taras/thesis_ws/build/drspaam/install.log'
[1.046s] Invoked command in '/home/taras/thesis_ws/src/drspaam' returned '0': PYTHONPATH=/home/taras/thesis_ws/build/drspaam/prefix_override:/home/taras/thesis_ws/install/drspaam/lib/python3.10/site-packages:${PYTHONPATH} /usr/bin/python3 setup.py egg_info --egg-base ../../build/drspaam build --build-base /home/taras/thesis_ws/build/drspaam/build install --record /home/taras/thesis_ws/build/drspaam/install.log --single-version-externally-managed
