[0.839s] Invoking command in '/home/taras/thesis_ws/build/drspaam': PYTHONPATH=/home/taras/thesis_ws/build/drspaam/prefix_override:/home/taras/thesis_ws/install/drspaam/lib/python3.10/site-packages:${PYTHONPATH} /usr/bin/python3 setup.py develop --uninstall --editable --build-directory /home/taras/thesis_ws/build/drspaam/build
[1.131s] running develop
[1.366s] Invoked command in '/home/taras/thesis_ws/build/drspaam' returned '0': PYTHONPATH=/home/taras/thesis_ws/build/drspaam/prefix_override:/home/taras/thesis_ws/install/drspaam/lib/python3.10/site-packages:${PYTHONPATH} /usr/bin/python3 setup.py develop --uninstall --editable --build-directory /home/taras/thesis_ws/build/drspaam/build
[1.366s] Invoking command in '/home/taras/thesis_ws/src/drspaam': PYTHONPATH=/home/taras/thesis_ws/build/drspaam/prefix_override:/home/taras/thesis_ws/install/drspaam/lib/python3.10/site-packages:${PYTHONPATH} /usr/bin/python3 setup.py egg_info --egg-base ../../build/drspaam build --build-base /home/taras/thesis_ws/build/drspaam/build install --record /home/taras/thesis_ws/build/drspaam/install.log --single-version-externally-managed
[1.671s] running egg_info
[1.671s] writing ../../build/drspaam/drspaam.egg-info/PKG-INFO
[1.671s] writing dependency_links to ../../build/drspaam/drspaam.egg-info/dependency_links.txt
[1.671s] writing entry points to ../../build/drspaam/drspaam.egg-info/entry_points.txt
[1.672s] writing requirements to ../../build/drspaam/drspaam.egg-info/requires.txt
[1.672s] writing top-level names to ../../build/drspaam/drspaam.egg-info/top_level.txt
[1.673s] reading manifest file '../../build/drspaam/drspaam.egg-info/SOURCES.txt'
[1.674s] writing manifest file '../../build/drspaam/drspaam.egg-info/SOURCES.txt'
[1.674s] running build
[1.674s] running build_py
[1.674s] copying drspaam/drspaam_node.py -> /home/taras/thesis_ws/build/drspaam/build/lib/drspaam
[1.675s] running install
[1.675s] running install_lib
[1.676s] copying /home/taras/thesis_ws/build/drspaam/build/lib/drspaam/drspaam_node.py -> /home/taras/thesis_ws/install/drspaam/lib/python3.10/site-packages/drspaam
[1.677s] byte-compiling /home/taras/thesis_ws/install/drspaam/lib/python3.10/site-packages/drspaam/drspaam_node.py to drspaam_node.cpython-310.pyc
[1.679s] running install_data
[1.680s] running install_egg_info
[1.682s] removing '/home/taras/thesis_ws/install/drspaam/lib/python3.10/site-packages/drspaam-1.0.0-py3.10.egg-info' (and everything under it)
[1.682s] Copying ../../build/drspaam/drspaam.egg-info to /home/taras/thesis_ws/install/drspaam/lib/python3.10/site-packages/drspaam-1.0.0-py3.10.egg-info
[1.683s] running install_scripts
[1.703s] Installing data_streamer script to /home/taras/thesis_ws/install/drspaam/lib/drspaam
[1.703s] Installing dr_spaam_node script to /home/taras/thesis_ws/install/drspaam/lib/drspaam
[1.703s] writing list of installed files to '/home/taras/thesis_ws/build/drspaam/install.log'
[1.740s] Invoked command in '/home/taras/thesis_ws/src/drspaam' returned '0': PYTHONPATH=/home/taras/thesis_ws/build/drspaam/prefix_override:/home/taras/thesis_ws/install/drspaam/lib/python3.10/site-packages:${PYTHONPATH} /usr/bin/python3 setup.py egg_info --egg-base ../../build/drspaam build --build-base /home/taras/thesis_ws/build/drspaam/build install --record /home/taras/thesis_ws/build/drspaam/install.log --single-version-externally-managed
