[1.004s] Invoking command in '/home/taras/thesis_ws/src/tracker_pkg': PYTHONPATH=/home/taras/thesis_ws/build/tracker_pkg/prefix_override:/home/taras/thesis_ws/install/tracker_pkg/lib/python3.10/site-packages:${PYTHONPATH} /usr/bin/python3 setup.py egg_info --egg-base ../../build/tracker_pkg build --build-base /home/taras/thesis_ws/build/tracker_pkg/build install --record /home/taras/thesis_ws/build/tracker_pkg/install.log --single-version-externally-managed
[1.268s] running egg_info
[1.269s] writing ../../build/tracker_pkg/tracker_pkg.egg-info/PKG-INFO
[1.269s] writing dependency_links to ../../build/tracker_pkg/tracker_pkg.egg-info/dependency_links.txt
[1.269s] writing entry points to ../../build/tracker_pkg/tracker_pkg.egg-info/entry_points.txt
[1.269s] writing requirements to ../../build/tracker_pkg/tracker_pkg.egg-info/requires.txt
[1.269s] writing top-level names to ../../build/tracker_pkg/tracker_pkg.egg-info/top_level.txt
[1.271s] reading manifest file '../../build/tracker_pkg/tracker_pkg.egg-info/SOURCES.txt'
[1.271s] writing manifest file '../../build/tracker_pkg/tracker_pkg.egg-info/SOURCES.txt'
[1.271s] running build
[1.272s] running build_py
[1.272s] copying tracker_pkg/tracker_node.py -> /home/taras/thesis_ws/build/tracker_pkg/build/lib/tracker_pkg
[1.272s] running install
[1.272s] running install_lib
[1.273s] copying /home/taras/thesis_ws/build/tracker_pkg/build/lib/tracker_pkg/tracker_node.py -> /home/taras/thesis_ws/install/tracker_pkg/lib/python3.10/site-packages/tracker_pkg
[1.274s] byte-compiling /home/taras/thesis_ws/install/tracker_pkg/lib/python3.10/site-packages/tracker_pkg/tracker_node.py to tracker_node.cpython-310.pyc
[1.274s] running install_data
[1.275s] running install_egg_info
[1.276s] removing '/home/taras/thesis_ws/install/tracker_pkg/lib/python3.10/site-packages/tracker_pkg-0.1.0-py3.10.egg-info' (and everything under it)
[1.277s] Copying ../../build/tracker_pkg/tracker_pkg.egg-info to /home/taras/thesis_ws/install/tracker_pkg/lib/python3.10/site-packages/tracker_pkg-0.1.0-py3.10.egg-info
[1.277s] running install_scripts
[1.296s] Installing tracker_node script to /home/taras/thesis_ws/install/tracker_pkg/lib/tracker_pkg
[1.297s] writing list of installed files to '/home/taras/thesis_ws/build/tracker_pkg/install.log'
[1.331s] Invoked command in '/home/taras/thesis_ws/src/tracker_pkg' returned '0': PYTHONPATH=/home/taras/thesis_ws/build/tracker_pkg/prefix_override:/home/taras/thesis_ws/install/tracker_pkg/lib/python3.10/site-packages:${PYTHONPATH} /usr/bin/python3 setup.py egg_info --egg-base ../../build/tracker_pkg build --build-base /home/taras/thesis_ws/build/tracker_pkg/build install --record /home/taras/thesis_ws/build/tracker_pkg/install.log --single-version-externally-managed
