[1.008s] Invoking command in '/home/taras/thesis_ws/src/drspaam': PYTHONPATH=/home/taras/thesis_ws/build/drspaam/prefix_override:/home/taras/thesis_ws/install/drspaam/lib/python3.10/site-packages:${PYTHONPATH} /usr/bin/python3 setup.py egg_info --egg-base ../../build/drspaam build --build-base /home/taras/thesis_ws/build/drspaam/build install --record /home/taras/thesis_ws/build/drspaam/install.log --single-version-externally-managed
[1.287s] running egg_info
[1.287s] creating ../../build/drspaam/drspaam.egg-info
[1.287s] writing ../../build/drspaam/drspaam.egg-info/PKG-INFO
[1.287s] writing dependency_links to ../../build/drspaam/drspaam.egg-info/dependency_links.txt
[1.288s] writing entry points to ../../build/drspaam/drspaam.egg-info/entry_points.txt
[1.288s] writing requirements to ../../build/drspaam/drspaam.egg-info/requires.txt
[1.288s] writing top-level names to ../../build/drspaam/drspaam.egg-info/top_level.txt
[1.288s] writing manifest file '../../build/drspaam/drspaam.egg-info/SOURCES.txt'
[1.289s] reading manifest file '../../build/drspaam/drspaam.egg-info/SOURCES.txt'
[1.290s] writing manifest file '../../build/drspaam/drspaam.egg-info/SOURCES.txt'
[1.290s] running build
[1.290s] running build_py
[1.290s] creating /home/taras/thesis_ws/build/drspaam/build
[1.290s] creating /home/taras/thesis_ws/build/drspaam/build/lib
[1.290s] creating /home/taras/thesis_ws/build/drspaam/build/lib/drspaam
[1.290s] copying drspaam/__init__.py -> /home/taras/thesis_ws/build/drspaam/build/lib/drspaam
[1.290s] copying drspaam/drspaam_node.py -> /home/taras/thesis_ws/build/drspaam/build/lib/drspaam
[1.290s] running install
[1.290s] running install_lib
[1.291s] creating /home/taras/thesis_ws/install/drspaam/lib/python3.10/site-packages/drspaam
[1.291s] copying /home/taras/thesis_ws/build/drspaam/build/lib/drspaam/__init__.py -> /home/taras/thesis_ws/install/drspaam/lib/python3.10/site-packages/drspaam
[1.291s] copying /home/taras/thesis_ws/build/drspaam/build/lib/drspaam/drspaam_node.py -> /home/taras/thesis_ws/install/drspaam/lib/python3.10/site-packages/drspaam
[1.292s] byte-compiling /home/taras/thesis_ws/install/drspaam/lib/python3.10/site-packages/drspaam/__init__.py to __init__.cpython-310.pyc
[1.292s] byte-compiling /home/taras/thesis_ws/install/drspaam/lib/python3.10/site-packages/drspaam/drspaam_node.py to drspaam_node.cpython-310.pyc
[1.293s] running install_data
[1.293s] creating /home/taras/thesis_ws/install/drspaam/share/ament_index
[1.293s] creating /home/taras/thesis_ws/install/drspaam/share/ament_index/resource_index
[1.293s] creating /home/taras/thesis_ws/install/drspaam/share/ament_index/resource_index/packages
[1.293s] copying resource/drspaam -> /home/taras/thesis_ws/install/drspaam/share/ament_index/resource_index/packages
[1.293s] copying package.xml -> /home/taras/thesis_ws/install/drspaam/share/drspaam
[1.293s] running install_egg_info
[1.295s] Copying ../../build/drspaam/drspaam.egg-info to /home/taras/thesis_ws/install/drspaam/lib/python3.10/site-packages/drspaam-1.0.0-py3.10.egg-info
[1.295s] running install_scripts
[1.313s] Installing dr_spaam_node script to /home/taras/thesis_ws/install/drspaam/lib/drspaam
[1.314s] writing list of installed files to '/home/taras/thesis_ws/build/drspaam/install.log'
[1.344s] Invoked command in '/home/taras/thesis_ws/src/drspaam' returned '0': PYTHONPATH=/home/taras/thesis_ws/build/drspaam/prefix_override:/home/taras/thesis_ws/install/drspaam/lib/python3.10/site-packages:${PYTHONPATH} /usr/bin/python3 setup.py egg_info --egg-base ../../build/drspaam build --build-base /home/taras/thesis_ws/build/drspaam/build install --record /home/taras/thesis_ws/build/drspaam/install.log --single-version-externally-managed
