[0.647s] Invoking command in '/home/taras/thesis_ws/build/drspaam': PYTHONPATH=/home/taras/thesis_ws/build/drspaam/prefix_override:/home/taras/thesis_ws/install/drspaam/lib/python3.10/site-packages:${PYTHONPATH} /usr/bin/python3 setup.py develop --uninstall --editable --build-directory /home/taras/thesis_ws/build/drspaam/build
[0.949s] running develop
[1.161s] Invoked command in '/home/taras/thesis_ws/build/drspaam' returned '0': PYTHONPATH=/home/taras/thesis_ws/build/drspaam/prefix_override:/home/taras/thesis_ws/install/drspaam/lib/python3.10/site-packages:${PYTHONPATH} /usr/bin/python3 setup.py develop --uninstall --editable --build-directory /home/taras/thesis_ws/build/drspaam/build
[1.163s] Invoking command in '/home/taras/thesis_ws/src/drspaam': PYTHONPATH=/home/taras/thesis_ws/build/drspaam/prefix_override:/home/taras/thesis_ws/install/drspaam/lib/python3.10/site-packages:${PYTHONPATH} /usr/bin/python3 setup.py egg_info --egg-base ../../build/drspaam build --build-base /home/taras/thesis_ws/build/drspaam/build install --record /home/taras/thesis_ws/build/drspaam/install.log --single-version-externally-managed
[1.452s] running egg_info
[1.452s] writing ../../build/drspaam/drspaam.egg-info/PKG-INFO
[1.453s] writing dependency_links to ../../build/drspaam/drspaam.egg-info/dependency_links.txt
[1.453s] writing entry points to ../../build/drspaam/drspaam.egg-info/entry_points.txt
[1.453s] writing requirements to ../../build/drspaam/drspaam.egg-info/requires.txt
[1.453s] writing top-level names to ../../build/drspaam/drspaam.egg-info/top_level.txt
[1.455s] reading manifest file '../../build/drspaam/drspaam.egg-info/SOURCES.txt'
[1.456s] writing manifest file '../../build/drspaam/drspaam.egg-info/SOURCES.txt'
[1.456s] running build
[1.456s] running build_py
[1.456s] copying drspaam/centroid_tracker/centroidtracker.py -> /home/taras/thesis_ws/build/drspaam/build/lib/drspaam/centroid_tracker
[1.456s] running install
[1.457s] running install_lib
[1.457s] copying /home/taras/thesis_ws/build/drspaam/build/lib/drspaam/centroid_tracker/centroidtracker.py -> /home/taras/thesis_ws/install/drspaam/lib/python3.10/site-packages/drspaam/centroid_tracker
[1.459s] byte-compiling /home/taras/thesis_ws/install/drspaam/lib/python3.10/site-packages/drspaam/centroid_tracker/centroidtracker.py to centroidtracker.cpython-310.pyc
[1.460s] running install_data
[1.461s] running install_egg_info
[1.462s] removing '/home/taras/thesis_ws/install/drspaam/lib/python3.10/site-packages/drspaam-1.0.0-py3.10.egg-info' (and everything under it)
[1.463s] Copying ../../build/drspaam/drspaam.egg-info to /home/taras/thesis_ws/install/drspaam/lib/python3.10/site-packages/drspaam-1.0.0-py3.10.egg-info
[1.463s] running install_scripts
[1.482s] Installing dr_spaam_node script to /home/taras/thesis_ws/install/drspaam/lib/drspaam
[1.482s] writing list of installed files to '/home/taras/thesis_ws/build/drspaam/install.log'
[1.511s] Invoked command in '/home/taras/thesis_ws/src/drspaam' returned '0': PYTHONPATH=/home/taras/thesis_ws/build/drspaam/prefix_override:/home/taras/thesis_ws/install/drspaam/lib/python3.10/site-packages:${PYTHONPATH} /usr/bin/python3 setup.py egg_info --egg-base ../../build/drspaam build --build-base /home/taras/thesis_ws/build/drspaam/build install --record /home/taras/thesis_ws/build/drspaam/install.log --single-version-externally-managed
