[0.983s] Invoking command in '/home/taras/thesis_ws/build/drspaam': PYTHONPATH=/home/taras/thesis_ws/build/drspaam/prefix_override:/home/taras/thesis_ws/install/drspaam/lib/python3.10/site-packages:${PYTHONPATH} /usr/bin/python3 setup.py develop --uninstall --editable --build-directory /home/taras/thesis_ws/build/drspaam/build
[1.260s] running develop
[1.478s] Invoked command in '/home/taras/thesis_ws/build/drspaam' returned '0': PYTHONPATH=/home/taras/thesis_ws/build/drspaam/prefix_override:/home/taras/thesis_ws/install/drspaam/lib/python3.10/site-packages:${PYTHONPATH} /usr/bin/python3 setup.py develop --uninstall --editable --build-directory /home/taras/thesis_ws/build/drspaam/build
[1.479s] Invoking command in '/home/taras/thesis_ws/src/drspaam': PYTHONPATH=/home/taras/thesis_ws/build/drspaam/prefix_override:/home/taras/thesis_ws/install/drspaam/lib/python3.10/site-packages:${PYTHONPATH} /usr/bin/python3 setup.py egg_info --egg-base ../../build/drspaam build --build-base /home/taras/thesis_ws/build/drspaam/build install --record /home/taras/thesis_ws/build/drspaam/install.log --single-version-externally-managed
[1.736s] running egg_info
[1.736s] writing ../../build/drspaam/drspaam.egg-info/PKG-INFO
[1.737s] writing dependency_links to ../../build/drspaam/drspaam.egg-info/dependency_links.txt
[1.737s] writing entry points to ../../build/drspaam/drspaam.egg-info/entry_points.txt
[1.737s] writing requirements to ../../build/drspaam/drspaam.egg-info/requires.txt
[1.737s] writing top-level names to ../../build/drspaam/drspaam.egg-info/top_level.txt
[1.739s] reading manifest file '../../build/drspaam/drspaam.egg-info/SOURCES.txt'
[1.739s] writing manifest file '../../build/drspaam/drspaam.egg-info/SOURCES.txt'
[1.739s] running build
[1.739s] running build_py
[1.740s] running install
[1.740s] running install_lib
[1.742s] running install_data
[1.742s] running install_egg_info
[1.744s] removing '/home/taras/thesis_ws/install/drspaam/lib/python3.10/site-packages/drspaam-1.0.0-py3.10.egg-info' (and everything under it)
[1.744s] Copying ../../build/drspaam/drspaam.egg-info to /home/taras/thesis_ws/install/drspaam/lib/python3.10/site-packages/drspaam-1.0.0-py3.10.egg-info
[1.745s] running install_scripts
[1.763s] Installing dr_spaam_node script to /home/taras/thesis_ws/install/drspaam/lib/drspaam
[1.763s] writing list of installed files to '/home/taras/thesis_ws/build/drspaam/install.log'
[1.795s] Invoked command in '/home/taras/thesis_ws/src/drspaam' returned '0': PYTHONPATH=/home/taras/thesis_ws/build/drspaam/prefix_override:/home/taras/thesis_ws/install/drspaam/lib/python3.10/site-packages:${PYTHONPATH} /usr/bin/python3 setup.py egg_info --egg-base ../../build/drspaam build --build-base /home/taras/thesis_ws/build/drspaam/build install --record /home/taras/thesis_ws/build/drspaam/install.log --single-version-externally-managed
