[0.720s] Invoking command in '/home/taras/thesis_ws/src/drspaam': PYTHONPATH=/home/taras/thesis_ws/build/drspaam/prefix_override:/home/taras/thesis_ws/install/drspaam/lib/python3.10/site-packages:${PYTHONPATH} /usr/bin/python3 setup.py egg_info --egg-base ../../build/drspaam build --build-base /home/taras/thesis_ws/build/drspaam/build install --record /home/taras/thesis_ws/build/drspaam/install.log --single-version-externally-managed
[1.004s] running egg_info
[1.005s] writing ../../build/drspaam/drspaam.egg-info/PKG-INFO
[1.005s] writing dependency_links to ../../build/drspaam/drspaam.egg-info/dependency_links.txt
[1.005s] writing entry points to ../../build/drspaam/drspaam.egg-info/entry_points.txt
[1.005s] writing requirements to ../../build/drspaam/drspaam.egg-info/requires.txt
[1.005s] writing top-level names to ../../build/drspaam/drspaam.egg-info/top_level.txt
[1.006s] reading manifest file '../../build/drspaam/drspaam.egg-info/SOURCES.txt'
[1.013s] writing manifest file '../../build/drspaam/drspaam.egg-info/SOURCES.txt'
[1.014s] running build
[1.014s] running build_py
[1.014s] copying drspaam/drspaam_tracker/centroidtracker.py -> /home/taras/thesis_ws/build/drspaam/build/lib/drspaam/drspaam_tracker
[1.014s] running install
[1.015s] running install_lib
[1.015s] copying /home/taras/thesis_ws/build/drspaam/build/lib/drspaam/drspaam_tracker/centroidtracker.py -> /home/taras/thesis_ws/install/drspaam/lib/python3.10/site-packages/drspaam/drspaam_tracker
[1.016s] byte-compiling /home/taras/thesis_ws/install/drspaam/lib/python3.10/site-packages/drspaam/drspaam_tracker/centroidtracker.py to centroidtracker.cpython-310.pyc
[1.017s] running install_data
[1.017s] running install_egg_info
[1.019s] removing '/home/taras/thesis_ws/install/drspaam/lib/python3.10/site-packages/drspaam-1.0.0-py3.10.egg-info' (and everything under it)
[1.019s] Copying ../../build/drspaam/drspaam.egg-info to /home/taras/thesis_ws/install/drspaam/lib/python3.10/site-packages/drspaam-1.0.0-py3.10.egg-info
[1.019s] running install_scripts
[1.038s] Installing dr_spaam_node script to /home/taras/thesis_ws/install/drspaam/lib/drspaam
[1.038s] writing list of installed files to '/home/taras/thesis_ws/build/drspaam/install.log'
[1.068s] Invoked command in '/home/taras/thesis_ws/src/drspaam' returned '0': PYTHONPATH=/home/taras/thesis_ws/build/drspaam/prefix_override:/home/taras/thesis_ws/install/drspaam/lib/python3.10/site-packages:${PYTHONPATH} /usr/bin/python3 setup.py egg_info --egg-base ../../build/drspaam build --build-base /home/taras/thesis_ws/build/drspaam/build install --record /home/taras/thesis_ws/build/drspaam/install.log --single-version-externally-managed
