[0.796s] Invoking command in '/home/taras/thesis_ws/build/drspaam': PYTHONPATH=/home/taras/thesis_ws/build/drspaam/prefix_override:/home/taras/thesis_ws/install/drspaam/lib/python3.10/site-packages:${PYTHONPATH} /usr/bin/python3 setup.py develop --uninstall --editable --build-directory /home/taras/thesis_ws/build/drspaam/build
[1.112s] running develop
[1.303s] Removing /home/taras/thesis_ws/install/drspaam/lib/python3.10/site-packages/drspaam.egg-link (link to .)
[1.356s] Invoked command in '/home/taras/thesis_ws/build/drspaam' returned '0': PYTHONPATH=/home/taras/thesis_ws/build/drspaam/prefix_override:/home/taras/thesis_ws/install/drspaam/lib/python3.10/site-packages:${PYTHONPATH} /usr/bin/python3 setup.py develop --uninstall --editable --build-directory /home/taras/thesis_ws/build/drspaam/build
[1.359s] Invoking command in '/home/taras/thesis_ws/src/drspaam': PYTHONPATH=/home/taras/thesis_ws/build/drspaam/prefix_override:/home/taras/thesis_ws/install/drspaam/lib/python3.10/site-packages:${PYTHONPATH} /usr/bin/python3 setup.py egg_info --egg-base ../../build/drspaam build --build-base /home/taras/thesis_ws/build/drspaam/build install --record /home/taras/thesis_ws/build/drspaam/install.log --single-version-externally-managed
[1.677s] running egg_info
[1.678s] writing ../../build/drspaam/drspaam.egg-info/PKG-INFO
[1.678s] writing dependency_links to ../../build/drspaam/drspaam.egg-info/dependency_links.txt
[1.678s] writing entry points to ../../build/drspaam/drspaam.egg-info/entry_points.txt
[1.679s] writing requirements to ../../build/drspaam/drspaam.egg-info/requires.txt
[1.679s] writing top-level names to ../../build/drspaam/drspaam.egg-info/top_level.txt
[1.681s] reading manifest file '../../build/drspaam/drspaam.egg-info/SOURCES.txt'
[1.681s] writing manifest file '../../build/drspaam/drspaam.egg-info/SOURCES.txt'
[1.682s] running build
[1.682s] running build_py
[1.682s] copying drspaam/drspaam_tracker/centroidtracker.py -> /home/taras/thesis_ws/build/drspaam/build/lib/drspaam/drspaam_tracker
[1.682s] running install
[1.683s] running install_lib
[1.683s] creating /home/taras/thesis_ws/install/drspaam/lib/python3.10/site-packages/drspaam
[1.684s] creating /home/taras/thesis_ws/install/drspaam/lib/python3.10/site-packages/drspaam/drspaam_tracker
[1.684s] copying /home/taras/thesis_ws/build/drspaam/build/lib/drspaam/drspaam_tracker/kalmanfilter.py -> /home/taras/thesis_ws/install/drspaam/lib/python3.10/site-packages/drspaam/drspaam_tracker
[1.684s] copying /home/taras/thesis_ws/build/drspaam/build/lib/drspaam/drspaam_tracker/centroidtracker.py -> /home/taras/thesis_ws/install/drspaam/lib/python3.10/site-packages/drspaam/drspaam_tracker
[1.684s] copying /home/taras/thesis_ws/build/drspaam/build/lib/drspaam/drspaam_tracker/__init__.py -> /home/taras/thesis_ws/install/drspaam/lib/python3.10/site-packages/drspaam/drspaam_tracker
[1.684s] copying /home/taras/thesis_ws/build/drspaam/build/lib/drspaam/__init__.py -> /home/taras/thesis_ws/install/drspaam/lib/python3.10/site-packages/drspaam
[1.684s] copying /home/taras/thesis_ws/build/drspaam/build/lib/drspaam/drspaam_node.py -> /home/taras/thesis_ws/install/drspaam/lib/python3.10/site-packages/drspaam
[1.685s] byte-compiling /home/taras/thesis_ws/install/drspaam/lib/python3.10/site-packages/drspaam/drspaam_tracker/kalmanfilter.py to kalmanfilter.cpython-310.pyc
[1.685s] byte-compiling /home/taras/thesis_ws/install/drspaam/lib/python3.10/site-packages/drspaam/drspaam_tracker/centroidtracker.py to centroidtracker.cpython-310.pyc
[1.685s] byte-compiling /home/taras/thesis_ws/install/drspaam/lib/python3.10/site-packages/drspaam/drspaam_tracker/__init__.py to __init__.cpython-310.pyc
[1.686s] byte-compiling /home/taras/thesis_ws/install/drspaam/lib/python3.10/site-packages/drspaam/__init__.py to __init__.cpython-310.pyc
[1.686s] byte-compiling /home/taras/thesis_ws/install/drspaam/lib/python3.10/site-packages/drspaam/drspaam_node.py to drspaam_node.cpython-310.pyc
[1.686s] running install_data
[1.687s] running install_egg_info
[1.688s] Copying ../../build/drspaam/drspaam.egg-info to /home/taras/thesis_ws/install/drspaam/lib/python3.10/site-packages/drspaam-1.0.0-py3.10.egg-info
[1.689s] running install_scripts
[1.709s] Installing dr_spaam_node script to /home/taras/thesis_ws/install/drspaam/lib/drspaam
[1.710s] writing list of installed files to '/home/taras/thesis_ws/build/drspaam/install.log'
[1.744s] Invoked command in '/home/taras/thesis_ws/src/drspaam' returned '0': PYTHONPATH=/home/taras/thesis_ws/build/drspaam/prefix_override:/home/taras/thesis_ws/install/drspaam/lib/python3.10/site-packages:${PYTHONPATH} /usr/bin/python3 setup.py egg_info --egg-base ../../build/drspaam build --build-base /home/taras/thesis_ws/build/drspaam/build install --record /home/taras/thesis_ws/build/drspaam/install.log --single-version-externally-managed
