[0.759s] Invoking command in '/home/taras/thesis_ws/src/drspaam': PYTHONPATH=/home/taras/thesis_ws/build/drspaam/prefix_override:/home/taras/thesis_ws/install/drspaam/lib/python3.10/site-packages:${PYTHONPATH} /usr/bin/python3 setup.py egg_info --egg-base ../../build/drspaam build --build-base /home/taras/thesis_ws/build/drspaam/build install --record /home/taras/thesis_ws/build/drspaam/install.log --single-version-externally-managed
[1.044s] running egg_info
[1.044s] writing ../../build/drspaam/drspaam.egg-info/PKG-INFO
[1.045s] writing dependency_links to ../../build/drspaam/drspaam.egg-info/dependency_links.txt
[1.045s] writing entry points to ../../build/drspaam/drspaam.egg-info/entry_points.txt
[1.045s] writing requirements to ../../build/drspaam/drspaam.egg-info/requires.txt
[1.045s] writing top-level names to ../../build/drspaam/drspaam.egg-info/top_level.txt
[1.046s] reading manifest file '../../build/drspaam/drspaam.egg-info/SOURCES.txt'
[1.053s] writing manifest file '../../build/drspaam/drspaam.egg-info/SOURCES.txt'
[1.053s] running build
[1.053s] running build_py
[1.054s] copying drspaam/drspaam_tracker/centroidtracker.py -> /home/taras/thesis_ws/build/drspaam/build/lib/drspaam/drspaam_tracker
[1.054s] running install
[1.054s] running install_lib
[1.055s] copying /home/taras/thesis_ws/build/drspaam/build/lib/drspaam/drspaam_tracker/centroidtracker.py -> /home/taras/thesis_ws/install/drspaam/lib/python3.10/site-packages/drspaam/drspaam_tracker
[1.056s] byte-compiling /home/taras/thesis_ws/install/drspaam/lib/python3.10/site-packages/drspaam/drspaam_tracker/centroidtracker.py to centroidtracker.cpython-310.pyc
[1.057s] running install_data
[1.057s] running install_egg_info
[1.058s] removing '/home/taras/thesis_ws/install/drspaam/lib/python3.10/site-packages/drspaam-1.0.0-py3.10.egg-info' (and everything under it)
[1.059s] Copying ../../build/drspaam/drspaam.egg-info to /home/taras/thesis_ws/install/drspaam/lib/python3.10/site-packages/drspaam-1.0.0-py3.10.egg-info
[1.060s] running install_scripts
[1.078s] Installing dr_spaam_node script to /home/taras/thesis_ws/install/drspaam/lib/drspaam
[1.079s] writing list of installed files to '/home/taras/thesis_ws/build/drspaam/install.log'
[1.108s] Invoked command in '/home/taras/thesis_ws/src/drspaam' returned '0': PYTHONPATH=/home/taras/thesis_ws/build/drspaam/prefix_override:/home/taras/thesis_ws/install/drspaam/lib/python3.10/site-packages:${PYTHONPATH} /usr/bin/python3 setup.py egg_info --egg-base ../../build/drspaam build --build-base /home/taras/thesis_ws/build/drspaam/build install --record /home/taras/thesis_ws/build/drspaam/install.log --single-version-externally-managed
