[0.737s] Invoking command in '/home/taras/thesis_ws/build/drspaam': PYTHONPATH=/home/taras/thesis_ws/build/drspaam/prefix_override:/home/taras/thesis_ws/install/drspaam/lib/python3.10/site-packages:${PYTHONPATH} /usr/bin/python3 setup.py develop --uninstall --editable --build-directory /home/taras/thesis_ws/build/drspaam/build
[1.010s] running develop
[1.228s] Invoked command in '/home/taras/thesis_ws/build/drspaam' returned '0': PYTHONPATH=/home/taras/thesis_ws/build/drspaam/prefix_override:/home/taras/thesis_ws/install/drspaam/lib/python3.10/site-packages:${PYTHONPATH} /usr/bin/python3 setup.py develop --uninstall --editable --build-directory /home/taras/thesis_ws/build/drspaam/build
[1.231s] Invoking command in '/home/taras/thesis_ws/src/drspaam': PYTHONPATH=/home/taras/thesis_ws/build/drspaam/prefix_override:/home/taras/thesis_ws/install/drspaam/lib/python3.10/site-packages:${PYTHONPATH} /usr/bin/python3 setup.py egg_info --egg-base ../../build/drspaam build --build-base /home/taras/thesis_ws/build/drspaam/build install --record /home/taras/thesis_ws/build/drspaam/install.log --single-version-externally-managed
[1.520s] running egg_info
[1.520s] writing ../../build/drspaam/drspaam.egg-info/PKG-INFO
[1.520s] writing dependency_links to ../../build/drspaam/drspaam.egg-info/dependency_links.txt
[1.520s] writing entry points to ../../build/drspaam/drspaam.egg-info/entry_points.txt
[1.520s] writing requirements to ../../build/drspaam/drspaam.egg-info/requires.txt
[1.520s] writing top-level names to ../../build/drspaam/drspaam.egg-info/top_level.txt
[1.522s] reading manifest file '../../build/drspaam/drspaam.egg-info/SOURCES.txt'
[1.522s] writing manifest file '../../build/drspaam/drspaam.egg-info/SOURCES.txt'
[1.523s] running build
[1.523s] running build_py
[1.523s] copying drspaam/centroid_tracker/kalmanfilter.py -> /home/taras/thesis_ws/build/drspaam/build/lib/drspaam/centroid_tracker
[1.523s] running install
[1.523s] running install_lib
[1.524s] copying /home/taras/thesis_ws/build/drspaam/build/lib/drspaam/centroid_tracker/kalmanfilter.py -> /home/taras/thesis_ws/install/drspaam/lib/python3.10/site-packages/drspaam/centroid_tracker
[1.525s] byte-compiling /home/taras/thesis_ws/install/drspaam/lib/python3.10/site-packages/drspaam/centroid_tracker/kalmanfilter.py to kalmanfilter.cpython-310.pyc
[1.526s] running install_data
[1.526s] running install_egg_info
[1.528s] removing '/home/taras/thesis_ws/install/drspaam/lib/python3.10/site-packages/drspaam-1.0.0-py3.10.egg-info' (and everything under it)
[1.528s] Copying ../../build/drspaam/drspaam.egg-info to /home/taras/thesis_ws/install/drspaam/lib/python3.10/site-packages/drspaam-1.0.0-py3.10.egg-info
[1.529s] running install_scripts
[1.547s] Installing dr_spaam_node script to /home/taras/thesis_ws/install/drspaam/lib/drspaam
[1.547s] writing list of installed files to '/home/taras/thesis_ws/build/drspaam/install.log'
[1.578s] Invoked command in '/home/taras/thesis_ws/src/drspaam' returned '0': PYTHONPATH=/home/taras/thesis_ws/build/drspaam/prefix_override:/home/taras/thesis_ws/install/drspaam/lib/python3.10/site-packages:${PYTHONPATH} /usr/bin/python3 setup.py egg_info --egg-base ../../build/drspaam build --build-base /home/taras/thesis_ws/build/drspaam/build install --record /home/taras/thesis_ws/build/drspaam/install.log --single-version-externally-managed
