[0.704s] Invoking command in '/home/taras/thesis_ws/src/tracker_pkg': PYTHONPATH=/home/taras/thesis_ws/build/tracker_pkg/prefix_override:/home/taras/thesis_ws/install/tracker_pkg/lib/python3.10/site-packages:${PYTHONPATH} /usr/bin/python3 setup.py egg_info --egg-base ../../build/tracker_pkg build --build-base /home/taras/thesis_ws/build/tracker_pkg/build install --record /home/taras/thesis_ws/build/tracker_pkg/install.log --single-version-externally-managed
[0.991s] running egg_info
[0.991s] writing ../../build/tracker_pkg/tracker_pkg.egg-info/PKG-INFO
[0.992s] writing dependency_links to ../../build/tracker_pkg/tracker_pkg.egg-info/dependency_links.txt
[0.992s] writing entry points to ../../build/tracker_pkg/tracker_pkg.egg-info/entry_points.txt
[0.992s] writing requirements to ../../build/tracker_pkg/tracker_pkg.egg-info/requires.txt
[0.992s] writing top-level names to ../../build/tracker_pkg/tracker_pkg.egg-info/top_level.txt
[0.993s] reading manifest file '../../build/tracker_pkg/tracker_pkg.egg-info/SOURCES.txt'
[0.994s] writing manifest file '../../build/tracker_pkg/tracker_pkg.egg-info/SOURCES.txt'
[0.994s] running build
[0.994s] running build_py
[0.994s] copying tracker_pkg/tracker_node.py -> /home/taras/thesis_ws/build/tracker_pkg/build/lib/tracker_pkg
[0.994s] running install
[0.995s] running install_lib
[0.995s] copying /home/taras/thesis_ws/build/tracker_pkg/build/lib/tracker_pkg/tracker_node.py -> /home/taras/thesis_ws/install/tracker_pkg/lib/python3.10/site-packages/tracker_pkg
[0.996s] byte-compiling /home/taras/thesis_ws/install/tracker_pkg/lib/python3.10/site-packages/tracker_pkg/tracker_node.py to tracker_node.cpython-310.pyc
[0.996s] running install_data
[0.997s] running install_egg_info
[0.998s] removing '/home/taras/thesis_ws/install/tracker_pkg/lib/python3.10/site-packages/tracker_pkg-0.1.0-py3.10.egg-info' (and everything under it)
[0.999s] Copying ../../build/tracker_pkg/tracker_pkg.egg-info to /home/taras/thesis_ws/install/tracker_pkg/lib/python3.10/site-packages/tracker_pkg-0.1.0-py3.10.egg-info
[0.999s] running install_scripts
[1.018s] Installing tracker_node script to /home/taras/thesis_ws/install/tracker_pkg/lib/tracker_pkg
[1.018s] writing list of installed files to '/home/taras/thesis_ws/build/tracker_pkg/install.log'
[1.047s] Invoked command in '/home/taras/thesis_ws/src/tracker_pkg' returned '0': PYTHONPATH=/home/taras/thesis_ws/build/tracker_pkg/prefix_override:/home/taras/thesis_ws/install/tracker_pkg/lib/python3.10/site-packages:${PYTHONPATH} /usr/bin/python3 setup.py egg_info --egg-base ../../build/tracker_pkg build --build-base /home/taras/thesis_ws/build/tracker_pkg/build install --record /home/taras/thesis_ws/build/tracker_pkg/install.log --single-version-externally-managed
