[0.998s] Invoking command in '/home/taras/thesis_ws/build/drspaam': PYTHONPATH=/home/taras/thesis_ws/build/drspaam/prefix_override:/home/taras/thesis_ws/install/drspaam/lib/python3.10/site-packages:${PYTHONPATH} /usr/bin/python3 setup.py develop --uninstall --editable --build-directory /home/taras/thesis_ws/build/drspaam/build
[1.315s] running develop
[1.621s] Invoked command in '/home/taras/thesis_ws/build/drspaam' returned '0': PYTHONPATH=/home/taras/thesis_ws/build/drspaam/prefix_override:/home/taras/thesis_ws/install/drspaam/lib/python3.10/site-packages:${PYTHONPATH} /usr/bin/python3 setup.py develop --uninstall --editable --build-directory /home/taras/thesis_ws/build/drspaam/build
[1.622s] Invoking command in '/home/taras/thesis_ws/src/drspaam': PYTHONPATH=/home/taras/thesis_ws/build/drspaam/prefix_override:/home/taras/thesis_ws/install/drspaam/lib/python3.10/site-packages:${PYTHONPATH} /usr/bin/python3 setup.py egg_info --egg-base ../../build/drspaam build --build-base /home/taras/thesis_ws/build/drspaam/build install --record /home/taras/thesis_ws/build/drspaam/install.log --single-version-externally-managed
[1.905s] running egg_info
[1.905s] writing ../../build/drspaam/drspaam.egg-info/PKG-INFO
[1.905s] writing dependency_links to ../../build/drspaam/drspaam.egg-info/dependency_links.txt
[1.905s] writing entry points to ../../build/drspaam/drspaam.egg-info/entry_points.txt
[1.906s] writing requirements to ../../build/drspaam/drspaam.egg-info/requires.txt
[1.906s] writing top-level names to ../../build/drspaam/drspaam.egg-info/top_level.txt
[1.907s] reading manifest file '../../build/drspaam/drspaam.egg-info/SOURCES.txt'
[1.908s] writing manifest file '../../build/drspaam/drspaam.egg-info/SOURCES.txt'
[1.908s] running build
[1.908s] running build_py
[1.908s] running install
[1.908s] running install_lib
[1.910s] running install_data
[1.910s] running install_egg_info
[1.912s] removing '/home/taras/thesis_ws/install/drspaam/lib/python3.10/site-packages/drspaam-1.0.0-py3.10.egg-info' (and everything under it)
[1.912s] Copying ../../build/drspaam/drspaam.egg-info to /home/taras/thesis_ws/install/drspaam/lib/python3.10/site-packages/drspaam-1.0.0-py3.10.egg-info
[1.912s] running install_scripts
[1.931s] Installing dr_spaam_node script to /home/taras/thesis_ws/install/drspaam/lib/drspaam
[1.931s] writing list of installed files to '/home/taras/thesis_ws/build/drspaam/install.log'
[1.964s] Invoked command in '/home/taras/thesis_ws/src/drspaam' returned '0': PYTHONPATH=/home/taras/thesis_ws/build/drspaam/prefix_override:/home/taras/thesis_ws/install/drspaam/lib/python3.10/site-packages:${PYTHONPATH} /usr/bin/python3 setup.py egg_info --egg-base ../../build/drspaam build --build-base /home/taras/thesis_ws/build/drspaam/build install --record /home/taras/thesis_ws/build/drspaam/install.log --single-version-externally-managed
