[1.128s] Invoking command in '/home/taras/thesis_ws/src/tracker_pkg': PYTHONPATH=/home/taras/thesis_ws/build/tracker_pkg/prefix_override:/home/taras/thesis_ws/install/tracker_pkg/lib/python3.10/site-packages:${PYTHONPATH} /usr/bin/python3 setup.py egg_info --egg-base ../../build/tracker_pkg build --build-base /home/taras/thesis_ws/build/tracker_pkg/build install --record /home/taras/thesis_ws/build/tracker_pkg/install.log --single-version-externally-managed
[1.420s] running egg_info
[1.421s] writing ../../build/tracker_pkg/tracker_pkg.egg-info/PKG-INFO
[1.421s] writing dependency_links to ../../build/tracker_pkg/tracker_pkg.egg-info/dependency_links.txt
[1.422s] writing entry points to ../../build/tracker_pkg/tracker_pkg.egg-info/entry_points.txt
[1.422s] writing requirements to ../../build/tracker_pkg/tracker_pkg.egg-info/requires.txt
[1.422s] writing top-level names to ../../build/tracker_pkg/tracker_pkg.egg-info/top_level.txt
[1.423s] reading manifest file '../../build/tracker_pkg/tracker_pkg.egg-info/SOURCES.txt'
[1.429s] writing manifest file '../../build/tracker_pkg/tracker_pkg.egg-info/SOURCES.txt'
[1.430s] running build
[1.430s] running build_py
[1.430s] running install
[1.430s] running install_lib
[1.432s] running install_data
[1.433s] running install_egg_info
[1.434s] removing '/home/taras/thesis_ws/install/tracker_pkg/lib/python3.10/site-packages/tracker_pkg-0.1.0-py3.10.egg-info' (and everything under it)
[1.435s] Copying ../../build/tracker_pkg/tracker_pkg.egg-info to /home/taras/thesis_ws/install/tracker_pkg/lib/python3.10/site-packages/tracker_pkg-0.1.0-py3.10.egg-info
[1.435s] running install_scripts
[1.456s] Installing tracker_node script to /home/taras/thesis_ws/install/tracker_pkg/lib/tracker_pkg
[1.456s] writing list of installed files to '/home/taras/thesis_ws/build/tracker_pkg/install.log'
[1.538s] Invoked command in '/home/taras/thesis_ws/src/tracker_pkg' returned '0': PYTHONPATH=/home/taras/thesis_ws/build/tracker_pkg/prefix_override:/home/taras/thesis_ws/install/tracker_pkg/lib/python3.10/site-packages:${PYTHONPATH} /usr/bin/python3 setup.py egg_info --egg-base ../../build/tracker_pkg build --build-base /home/taras/thesis_ws/build/tracker_pkg/build install --record /home/taras/thesis_ws/build/tracker_pkg/install.log --single-version-externally-managed
