[0.704s] Invoking command in '/home/taras/thesis_ws/src/drspaam': PYTHONPATH=/home/taras/thesis_ws/build/drspaam/prefix_override:/home/taras/thesis_ws/install/drspaam/lib/python3.10/site-packages:${PYTHONPATH} /usr/bin/python3 setup.py egg_info --egg-base ../../build/drspaam build --build-base /home/taras/thesis_ws/build/drspaam/build install --record /home/taras/thesis_ws/build/drspaam/install.log --single-version-externally-managed
[0.986s] running egg_info
[0.987s] writing ../../build/drspaam/drspaam.egg-info/PKG-INFO
[0.987s] writing dependency_links to ../../build/drspaam/drspaam.egg-info/dependency_links.txt
[0.987s] writing entry points to ../../build/drspaam/drspaam.egg-info/entry_points.txt
[0.987s] writing requirements to ../../build/drspaam/drspaam.egg-info/requires.txt
[0.988s] writing top-level names to ../../build/drspaam/drspaam.egg-info/top_level.txt
[0.988s] reading manifest file '../../build/drspaam/drspaam.egg-info/SOURCES.txt'
[0.989s] writing manifest file '../../build/drspaam/drspaam.egg-info/SOURCES.txt'
[0.989s] running build
[0.989s] running build_py
[0.990s] creating /home/taras/thesis_ws/build/drspaam/build/lib/drspaam/drspaam_tracker
[0.990s] copying drspaam/drspaam_tracker/centroidtracker.py -> /home/taras/thesis_ws/build/drspaam/build/lib/drspaam/drspaam_tracker
[0.990s] copying drspaam/drspaam_tracker/__init__.py -> /home/taras/thesis_ws/build/drspaam/build/lib/drspaam/drspaam_tracker
[0.990s] running install
[0.990s] running install_lib
[0.991s] creating /home/taras/thesis_ws/install/drspaam/lib/python3.10/site-packages/drspaam/drspaam_tracker
[0.991s] copying /home/taras/thesis_ws/build/drspaam/build/lib/drspaam/drspaam_tracker/centroidtracker.py -> /home/taras/thesis_ws/install/drspaam/lib/python3.10/site-packages/drspaam/drspaam_tracker
[0.991s] copying /home/taras/thesis_ws/build/drspaam/build/lib/drspaam/drspaam_tracker/__init__.py -> /home/taras/thesis_ws/install/drspaam/lib/python3.10/site-packages/drspaam/drspaam_tracker
[0.991s] byte-compiling /home/taras/thesis_ws/install/drspaam/lib/python3.10/site-packages/drspaam/drspaam_tracker/centroidtracker.py to centroidtracker.cpython-310.pyc
[0.992s] byte-compiling /home/taras/thesis_ws/install/drspaam/lib/python3.10/site-packages/drspaam/drspaam_tracker/__init__.py to __init__.cpython-310.pyc
[0.992s] running install_data
[0.993s] running install_egg_info
[0.994s] removing '/home/taras/thesis_ws/install/drspaam/lib/python3.10/site-packages/drspaam-1.0.0-py3.10.egg-info' (and everything under it)
[0.994s] Copying ../../build/drspaam/drspaam.egg-info to /home/taras/thesis_ws/install/drspaam/lib/python3.10/site-packages/drspaam-1.0.0-py3.10.egg-info
[0.995s] running install_scripts
[1.013s] Installing dr_spaam_node script to /home/taras/thesis_ws/install/drspaam/lib/drspaam
[1.013s] writing list of installed files to '/home/taras/thesis_ws/build/drspaam/install.log'
[1.041s] Invoked command in '/home/taras/thesis_ws/src/drspaam' returned '0': PYTHONPATH=/home/taras/thesis_ws/build/drspaam/prefix_override:/home/taras/thesis_ws/install/drspaam/lib/python3.10/site-packages:${PYTHONPATH} /usr/bin/python3 setup.py egg_info --egg-base ../../build/drspaam build --build-base /home/taras/thesis_ws/build/drspaam/build install --record /home/taras/thesis_ws/build/drspaam/install.log --single-version-externally-managed
