running egg_info
writing ../../build/yolo_pose_ros/yolo_pose_ros.egg-info/PKG-INFO
writing dependency_links to ../../build/yolo_pose_ros/yolo_pose_ros.egg-info/dependency_links.txt
writing entry points to ../../build/yolo_pose_ros/yolo_pose_ros.egg-info/entry_points.txt
writing requirements to ../../build/yolo_pose_ros/yolo_pose_ros.egg-info/requires.txt
writing top-level names to ../../build/yolo_pose_ros/yolo_pose_ros.egg-info/top_level.txt
reading manifest file '../../build/yolo_pose_ros/yolo_pose_ros.egg-info/SOURCES.txt'
writing manifest file '../../build/yolo_pose_ros/yolo_pose_ros.egg-info/SOURCES.txt'
running build
running build_py
copying yolo_pose_ros/video_message_node.py -> /home/taras/thesis_ws/build/yolo_pose_ros/build/lib/yolo_pose_ros
copying yolo_pose_ros/yolo_pose_node.py -> /home/taras/thesis_ws/build/yolo_pose_ros/build/lib/yolo_pose_ros
running install
running install_lib
copying /home/taras/thesis_ws/build/yolo_pose_ros/build/lib/yolo_pose_ros/video_message_node.py -> /home/taras/thesis_ws/install/yolo_pose_ros/lib/python3.10/site-packages/yolo_pose_ros
copying /home/taras/thesis_ws/build/yolo_pose_ros/build/lib/yolo_pose_ros/yolo_pose_node.py -> /home/taras/thesis_ws/install/yolo_pose_ros/lib/python3.10/site-packages/yolo_pose_ros
byte-compiling /home/taras/thesis_ws/install/yolo_pose_ros/lib/python3.10/site-packages/yolo_pose_ros/video_message_node.py to video_message_node.cpython-310.pyc
byte-compiling /home/taras/thesis_ws/install/yolo_pose_ros/lib/python3.10/site-packages/yolo_pose_ros/yolo_pose_node.py to yolo_pose_node.cpython-310.pyc
running install_data
running install_egg_info
removing '/home/taras/thesis_ws/install/yolo_pose_ros/lib/python3.10/site-packages/yolo_pose_ros-1.0.0-py3.10.egg-info' (and everything under it)
Copying ../../build/yolo_pose_ros/yolo_pose_ros.egg-info to /home/taras/thesis_ws/install/yolo_pose_ros/lib/python3.10/site-packages/yolo_pose_ros-1.0.0-py3.10.egg-info
running install_scripts
Installing video_stream script to /home/taras/thesis_ws/install/yolo_pose_ros/lib/yolo_pose_ros
Installing yolo_pose_node script to /home/taras/thesis_ws/install/yolo_pose_ros/lib/yolo_pose_ros
writing list of installed files to '/home/taras/thesis_ws/build/yolo_pose_ros/install.log'
