[0.774s] Invoking command in '/home/taras/thesis_ws/build/drspaam': PYTHONPATH=/home/taras/thesis_ws/build/drspaam/prefix_override:/home/taras/thesis_ws/install/drspaam/lib/python3.10/site-packages:${PYTHONPATH} /usr/bin/python3 setup.py develop --uninstall --editable --build-directory /home/taras/thesis_ws/build/drspaam/build
[1.080s] running develop
[1.302s] Invoked command in '/home/taras/thesis_ws/build/drspaam' returned '0': PYTHONPATH=/home/taras/thesis_ws/build/drspaam/prefix_override:/home/taras/thesis_ws/install/drspaam/lib/python3.10/site-packages:${PYTHONPATH} /usr/bin/python3 setup.py develop --uninstall --editable --build-directory /home/taras/thesis_ws/build/drspaam/build
[1.305s] Invoking command in '/home/taras/thesis_ws/src/drspaam': PYTHONPATH=/home/taras/thesis_ws/build/drspaam/prefix_override:/home/taras/thesis_ws/install/drspaam/lib/python3.10/site-packages:${PYTHONPATH} /usr/bin/python3 setup.py egg_info --egg-base ../../build/drspaam build --build-base /home/taras/thesis_ws/build/drspaam/build install --record /home/taras/thesis_ws/build/drspaam/install.log --single-version-externally-managed
[1.566s] running egg_info
[1.566s] writing ../../build/drspaam/drspaam.egg-info/PKG-INFO
[1.566s] writing dependency_links to ../../build/drspaam/drspaam.egg-info/dependency_links.txt
[1.566s] writing entry points to ../../build/drspaam/drspaam.egg-info/entry_points.txt
[1.567s] writing requirements to ../../build/drspaam/drspaam.egg-info/requires.txt
[1.567s] writing top-level names to ../../build/drspaam/drspaam.egg-info/top_level.txt
[1.568s] reading manifest file '../../build/drspaam/drspaam.egg-info/SOURCES.txt'
[1.568s] writing manifest file '../../build/drspaam/drspaam.egg-info/SOURCES.txt'
[1.569s] running build
[1.569s] running build_py
[1.569s] copying drspaam/data_streamer.py -> /home/taras/thesis_ws/build/drspaam/build/lib/drspaam
[1.569s] running install
[1.569s] running install_lib
[1.570s] copying /home/taras/thesis_ws/build/drspaam/build/lib/drspaam/data_streamer.py -> /home/taras/thesis_ws/install/drspaam/lib/python3.10/site-packages/drspaam
[1.571s] byte-compiling /home/taras/thesis_ws/install/drspaam/lib/python3.10/site-packages/drspaam/data_streamer.py to data_streamer.cpython-310.pyc
[1.571s] running install_data
[1.572s] running install_egg_info
[1.573s] removing '/home/taras/thesis_ws/install/drspaam/lib/python3.10/site-packages/drspaam-1.0.0-py3.10.egg-info' (and everything under it)
[1.574s] Copying ../../build/drspaam/drspaam.egg-info to /home/taras/thesis_ws/install/drspaam/lib/python3.10/site-packages/drspaam-1.0.0-py3.10.egg-info
[1.574s] running install_scripts
[1.592s] Installing data_streamer script to /home/taras/thesis_ws/install/drspaam/lib/drspaam
[1.593s] Installing dr_spaam_node script to /home/taras/thesis_ws/install/drspaam/lib/drspaam
[1.593s] writing list of installed files to '/home/taras/thesis_ws/build/drspaam/install.log'
[1.624s] Invoked command in '/home/taras/thesis_ws/src/drspaam' returned '0': PYTHONPATH=/home/taras/thesis_ws/build/drspaam/prefix_override:/home/taras/thesis_ws/install/drspaam/lib/python3.10/site-packages:${PYTHONPATH} /usr/bin/python3 setup.py egg_info --egg-base ../../build/drspaam build --build-base /home/taras/thesis_ws/build/drspaam/build install --record /home/taras/thesis_ws/build/drspaam/install.log --single-version-externally-managed
