[0.682s] Invoking command in '/home/taras/thesis_ws/src/tracker_pkg': PYTHONPATH=/home/taras/thesis_ws/build/tracker_pkg/prefix_override:/home/taras/thesis_ws/install/tracker_pkg/lib/python3.10/site-packages:${PYTHONPATH} /usr/bin/python3 setup.py egg_info --egg-base ../../build/tracker_pkg build --build-base /home/taras/thesis_ws/build/tracker_pkg/build install --record /home/taras/thesis_ws/build/tracker_pkg/install.log --single-version-externally-managed
[0.940s] running egg_info
[0.941s] writing ../../build/tracker_pkg/tracker_pkg.egg-info/PKG-INFO
[0.941s] writing dependency_links to ../../build/tracker_pkg/tracker_pkg.egg-info/dependency_links.txt
[0.941s] writing entry points to ../../build/tracker_pkg/tracker_pkg.egg-info/entry_points.txt
[0.941s] writing requirements to ../../build/tracker_pkg/tracker_pkg.egg-info/requires.txt
[0.941s] writing top-level names to ../../build/tracker_pkg/tracker_pkg.egg-info/top_level.txt
[0.942s] reading manifest file '../../build/tracker_pkg/tracker_pkg.egg-info/SOURCES.txt'
[0.943s] writing manifest file '../../build/tracker_pkg/tracker_pkg.egg-info/SOURCES.txt'
[0.943s] running build
[0.943s] running build_py
[0.944s] copying tracker_pkg/tracker_node.py -> /home/taras/thesis_ws/build/tracker_pkg/build/lib/tracker_pkg
[0.944s] running install
[0.944s] running install_lib
[0.944s] copying /home/taras/thesis_ws/build/tracker_pkg/build/lib/tracker_pkg/tracker_node.py -> /home/taras/thesis_ws/install/tracker_pkg/lib/python3.10/site-packages/tracker_pkg
[0.945s] byte-compiling /home/taras/thesis_ws/install/tracker_pkg/lib/python3.10/site-packages/tracker_pkg/tracker_node.py to tracker_node.cpython-310.pyc
[0.946s] running install_data
[0.946s] running install_egg_info
[0.947s] removing '/home/taras/thesis_ws/install/tracker_pkg/lib/python3.10/site-packages/tracker_pkg-0.1.0-py3.10.egg-info' (and everything under it)
[0.948s] Copying ../../build/tracker_pkg/tracker_pkg.egg-info to /home/taras/thesis_ws/install/tracker_pkg/lib/python3.10/site-packages/tracker_pkg-0.1.0-py3.10.egg-info
[0.948s] running install_scripts
[0.967s] Installing tracker_node script to /home/taras/thesis_ws/install/tracker_pkg/lib/tracker_pkg
[0.967s] writing list of installed files to '/home/taras/thesis_ws/build/tracker_pkg/install.log'
[0.995s] Invoked command in '/home/taras/thesis_ws/src/tracker_pkg' returned '0': PYTHONPATH=/home/taras/thesis_ws/build/tracker_pkg/prefix_override:/home/taras/thesis_ws/install/tracker_pkg/lib/python3.10/site-packages:${PYTHONPATH} /usr/bin/python3 setup.py egg_info --egg-base ../../build/tracker_pkg build --build-base /home/taras/thesis_ws/build/tracker_pkg/build install --record /home/taras/thesis_ws/build/tracker_pkg/install.log --single-version-externally-managed
