[0.020s] Invoking command in '/home/taras/thesis_ws/build/custom_interfaces': CMAKE_PREFIX_PATH=${CMAKE_PREFIX_PATH}:/home/taras/seasony/lewis/install/robot_navigation:/home/taras/seasony/lewis/install/sensor_stream_pkg:/home/taras/seasony/lewis/install/robot_teleop:/home/taras/seasony/lewis/install/robot_spawner:/home/taras/seasony/lewis/install/robot_data:/home/taras/seasony/lewis/install/robot_agent:/home/taras/seasony/lewis/install/robot_behavior2:/home/taras/seasony/lewis/install/robot_battery:/home/taras/seasony/lewis/install/robot_bag_recorder:/home/taras/seasony/lewis/install/orgb_led_manager:/home/taras/seasony/lewis/install/nav2_simple_commander:/home/taras/seasony/lewis/install/locations:/home/taras/seasony/lewis/install/lewis_sound_manager:/home/taras/seasony/lewis/install/lewis_simple_gui:/home/taras/seasony/lewis/install/lewis_serial_com:/home/taras/seasony/lewis/install/lewis_robot_control:/home/taras/seasony/lewis/install/lewis_remote_emergency:/home/taras/seasony/lewis/install/lewis_managers:/home/taras/seasony/lewis/install/lewis_health:/home/taras/seasony/lewis/install/lewis_b1_description:/home/taras/seasony/lewis/install/lewis_b1_bringup:/home/taras/seasony/lewis/install/esp32_control:/home/taras/seasony/lewis/install/controllino:/home/taras/thesis_ws/install/yolo_pose_ros:/home/taras/thesis_ws/install/drspaam:/opt/ros/humble /usr/bin/cmake --build /home/taras/thesis_ws/build/custom_interfaces -- -j16 -l16
[0.068s] -- Found ament_cmake: 1.3.4 (/opt/ros/humble/share/ament_cmake/cmake)
[0.281s] -- Found std_msgs: 4.2.3 (/opt/ros/humble/share/std_msgs/cmake)
[0.332s] -- Found rosidl_generator_c: 3.1.4 (/opt/ros/humble/share/rosidl_generator_c/cmake)
[0.334s] -- Found rosidl_adapter: 3.1.4 (/opt/ros/humble/share/rosidl_adapter/cmake)
[0.339s] -- Found rosidl_generator_cpp: 3.1.4 (/opt/ros/humble/share/rosidl_generator_cpp/cmake)
[0.350s] -- Using all available rosidl_typesupport_c: rosidl_typesupport_fastrtps_c;rosidl_typesupport_introspection_c
[0.366s] -- Using all available rosidl_typesupport_cpp: rosidl_typesupport_fastrtps_cpp;rosidl_typesupport_introspection_cpp
[0.411s] -- Found rosidl_default_generators: 1.2.0 (/opt/ros/humble/share/rosidl_default_generators/cmake)
[0.891s] -- Found ament_cmake_ros: 0.10.0 (/opt/ros/humble/share/ament_cmake_ros/cmake)
[1.588s] -- Using all available rosidl_typesupport_c: rosidl_typesupport_fastrtps_c;rosidl_typesupport_introspection_c
[1.857s] -- Using all available rosidl_typesupport_cpp: rosidl_typesupport_fastrtps_cpp;rosidl_typesupport_introspection_cpp
[1.919s] -- Found python_cmake_module: 0.10.0 (/opt/ros/humble/share/python_cmake_module/cmake)
[1.948s] -- Using PYTHON_EXECUTABLE: /usr/bin/python3
[1.948s] -- Using PYTHON_INCLUDE_DIRS: /usr/include/python3.10
[1.949s] -- Using PYTHON_LIBRARIES: /usr/lib/x86_64-linux-gnu/libpython3.10.so
[2.018s] -- Configuring done
[2.043s] -- Generating done
[2.046s] -- Build files have been written to: /home/taras/thesis_ws/build/custom_interfaces
[2.089s] [35m[1mConsolidate compiler generated dependencies of target custom_interfaces__rosidl_generator_c[0m
[2.104s] [  3%] [32mBuilding C object CMakeFiles/custom_interfaces__rosidl_generator_c.dir/rosidl_generator_c/custom_interfaces/msg/detail/person_pose__functions.c.o[0m
[2.108s] [  6%] Built target custom_interfaces__cpp
[2.113s] [  6%] Built target ament_cmake_python_copy_custom_interfaces
[2.123s] [35m[1mConsolidate compiler generated dependencies of target custom_interfaces__rosidl_typesupport_introspection_cpp[0m
[2.127s] [35m[1mConsolidate compiler generated dependencies of target custom_interfaces__rosidl_typesupport_cpp[0m
[2.129s] [35m[1mConsolidate compiler generated dependencies of target custom_interfaces__rosidl_typesupport_fastrtps_cpp[0m
[2.144s] [  9%] [32mBuilding CXX object CMakeFiles/custom_interfaces__rosidl_typesupport_cpp.dir/rosidl_typesupport_cpp/custom_interfaces/msg/person_pose__type_support.cpp.o[0m
[2.145s] [ 12%] [32mBuilding CXX object CMakeFiles/custom_interfaces__rosidl_typesupport_introspection_cpp.dir/rosidl_typesupport_introspection_cpp/custom_interfaces/msg/detail/person_pose__type_support.cpp.o[0m
[2.145s] [ 16%] [32mBuilding CXX object CMakeFiles/custom_interfaces__rosidl_typesupport_fastrtps_cpp.dir/rosidl_typesupport_fastrtps_cpp/custom_interfaces/msg/detail/dds_fastrtps/person_pose__type_support.cpp.o[0m
[2.154s] [ 19%] [32m[1mLinking C shared library libcustom_interfaces__rosidl_generator_c.so[0m
[2.194s] [ 22%] Built target custom_interfaces__rosidl_generator_c
[2.206s] [ 32%] [34m[1mGenerating C type support dispatch for ROS interfaces[0m
[2.206s] [ 32%] [34m[1mGenerating C introspection for ROS interfaces[0m
[2.207s] [ 32%] [34m[1mGenerating C type support for eProsima Fast-RTPS[0m
[2.356s] [ 35%] [32m[1mLinking CXX shared library libcustom_interfaces__rosidl_typesupport_cpp.so[0m
[2.398s] [ 38%] Built target custom_interfaces__rosidl_typesupport_cpp
[2.418s] running egg_info
[2.419s] writing custom_interfaces.egg-info/PKG-INFO
[2.419s] writing dependency_links to custom_interfaces.egg-info/dependency_links.txt
[2.419s] writing top-level names to custom_interfaces.egg-info/top_level.txt
[2.422s] reading manifest file 'custom_interfaces.egg-info/SOURCES.txt'
[2.422s] writing manifest file 'custom_interfaces.egg-info/SOURCES.txt'
[2.464s] [ 38%] Built target ament_cmake_python_build_custom_interfaces_egg
[2.469s] [35m[1mConsolidate compiler generated dependencies of target custom_interfaces__rosidl_typesupport_c[0m
[2.481s] [ 41%] [32mBuilding CXX object CMakeFiles/custom_interfaces__rosidl_typesupport_c.dir/rosidl_typesupport_c/custom_interfaces/msg/person_pose__type_support.cpp.o[0m
[2.483s] [35m[1mConsolidate compiler generated dependencies of target custom_interfaces__rosidl_typesupport_introspection_c[0m
[2.489s] [ 45%] [32m[1mLinking CXX shared library libcustom_interfaces__rosidl_typesupport_fastrtps_cpp.so[0m
[2.490s] [35m[1mConsolidate compiler generated dependencies of target custom_interfaces__rosidl_typesupport_fastrtps_c[0m
[2.496s] [ 48%] [32mBuilding C object CMakeFiles/custom_interfaces__rosidl_typesupport_introspection_c.dir/rosidl_typesupport_introspection_c/custom_interfaces/msg/detail/person_pose__type_support.c.o[0m
[2.505s] [ 51%] [32mBuilding CXX object CMakeFiles/custom_interfaces__rosidl_typesupport_fastrtps_c.dir/rosidl_typesupport_fastrtps_c/custom_interfaces/msg/detail/person_pose__type_support_c.cpp.o[0m
[2.510s] [ 54%] [32m[1mLinking CXX shared library libcustom_interfaces__rosidl_typesupport_c.so[0m
[2.519s] [ 58%] [32m[1mLinking CXX shared library libcustom_interfaces__rosidl_typesupport_introspection_cpp.so[0m
[2.540s] [ 61%] [32m[1mLinking C shared library libcustom_interfaces__rosidl_typesupport_introspection_c.so[0m
[2.554s] [ 61%] Built target custom_interfaces__rosidl_typesupport_c
[2.575s] [ 61%] Built target custom_interfaces__rosidl_typesupport_introspection_c
[2.587s] [ 64%] Built target custom_interfaces__rosidl_typesupport_fastrtps_cpp
[2.607s] [ 67%] Built target custom_interfaces__rosidl_typesupport_introspection_cpp
[2.757s] [ 70%] [32m[1mLinking CXX shared library libcustom_interfaces__rosidl_typesupport_fastrtps_c.so[0m
[2.844s] [ 70%] Built target custom_interfaces__rosidl_typesupport_fastrtps_c
[2.891s] [ 70%] Built target custom_interfaces
[2.941s] [ 74%] [34m[1mGenerating Python code for ROS interfaces[0m
[3.289s] [ 74%] Built target custom_interfaces__py
[3.313s] [35m[1mConsolidate compiler generated dependencies of target custom_interfaces__rosidl_generator_py[0m
[3.345s] [ 77%] [32mBuilding C object CMakeFiles/custom_interfaces__rosidl_generator_py.dir/rosidl_generator_py/custom_interfaces/msg/_person_pose_s.c.o[0m
[3.441s] [ 80%] [32m[1mLinking C shared library rosidl_generator_py/custom_interfaces/libcustom_interfaces__rosidl_generator_py.so[0m
[3.505s] [ 80%] Built target custom_interfaces__rosidl_generator_py
[3.523s] [35m[1mConsolidate compiler generated dependencies of target custom_interfaces__rosidl_typesupport_c__pyext[0m
[3.525s] [35m[1mConsolidate compiler generated dependencies of target custom_interfaces__rosidl_typesupport_fastrtps_c__pyext[0m
[3.532s] [35m[1mConsolidate compiler generated dependencies of target custom_interfaces__rosidl_typesupport_introspection_c__pyext[0m
[3.545s] [ 83%] [32mBuilding C object CMakeFiles/custom_interfaces__rosidl_typesupport_c__pyext.dir/rosidl_generator_py/custom_interfaces/_custom_interfaces_s.ep.rosidl_typesupport_c.c.o[0m
[3.551s] [ 87%] [32mBuilding C object CMakeFiles/custom_interfaces__rosidl_typesupport_fastrtps_c__pyext.dir/rosidl_generator_py/custom_interfaces/_custom_interfaces_s.ep.rosidl_typesupport_fastrtps_c.c.o[0m
[3.562s] [ 90%] [32mBuilding C object CMakeFiles/custom_interfaces__rosidl_typesupport_introspection_c__pyext.dir/rosidl_generator_py/custom_interfaces/_custom_interfaces_s.ep.rosidl_typesupport_introspection_c.c.o[0m
[3.648s] [ 93%] [32m[1mLinking C shared library rosidl_generator_py/custom_interfaces/custom_interfaces_s__rosidl_typesupport_introspection_c.cpython-310-x86_64-linux-gnu.so[0m
[3.657s] [ 96%] [32m[1mLinking C shared library rosidl_generator_py/custom_interfaces/custom_interfaces_s__rosidl_typesupport_fastrtps_c.cpython-310-x86_64-linux-gnu.so[0m
[3.660s] [100%] [32m[1mLinking C shared library rosidl_generator_py/custom_interfaces/custom_interfaces_s__rosidl_typesupport_c.cpython-310-x86_64-linux-gnu.so[0m
[3.697s] [100%] Built target custom_interfaces__rosidl_typesupport_fastrtps_c__pyext
[3.700s] [100%] Built target custom_interfaces__rosidl_typesupport_c__pyext
[3.704s] [100%] Built target custom_interfaces__rosidl_typesupport_introspection_c__pyext
[3.726s] Invoked command in '/home/taras/thesis_ws/build/custom_interfaces' returned '0': CMAKE_PREFIX_PATH=${CMAKE_PREFIX_PATH}:/home/taras/seasony/lewis/install/robot_navigation:/home/taras/seasony/lewis/install/sensor_stream_pkg:/home/taras/seasony/lewis/install/robot_teleop:/home/taras/seasony/lewis/install/robot_spawner:/home/taras/seasony/lewis/install/robot_data:/home/taras/seasony/lewis/install/robot_agent:/home/taras/seasony/lewis/install/robot_behavior2:/home/taras/seasony/lewis/install/robot_battery:/home/taras/seasony/lewis/install/robot_bag_recorder:/home/taras/seasony/lewis/install/orgb_led_manager:/home/taras/seasony/lewis/install/nav2_simple_commander:/home/taras/seasony/lewis/install/locations:/home/taras/seasony/lewis/install/lewis_sound_manager:/home/taras/seasony/lewis/install/lewis_simple_gui:/home/taras/seasony/lewis/install/lewis_serial_com:/home/taras/seasony/lewis/install/lewis_robot_control:/home/taras/seasony/lewis/install/lewis_remote_emergency:/home/taras/seasony/lewis/install/lewis_managers:/home/taras/seasony/lewis/install/lewis_health:/home/taras/seasony/lewis/install/lewis_b1_description:/home/taras/seasony/lewis/install/lewis_b1_bringup:/home/taras/seasony/lewis/install/esp32_control:/home/taras/seasony/lewis/install/controllino:/home/taras/thesis_ws/install/yolo_pose_ros:/home/taras/thesis_ws/install/drspaam:/opt/ros/humble /usr/bin/cmake --build /home/taras/thesis_ws/build/custom_interfaces -- -j16 -l16
[3.865s] Invoking command in '/home/taras/thesis_ws/build/custom_interfaces': CMAKE_PREFIX_PATH=${CMAKE_PREFIX_PATH}:/home/taras/seasony/lewis/install/robot_navigation:/home/taras/seasony/lewis/install/sensor_stream_pkg:/home/taras/seasony/lewis/install/robot_teleop:/home/taras/seasony/lewis/install/robot_spawner:/home/taras/seasony/lewis/install/robot_data:/home/taras/seasony/lewis/install/robot_agent:/home/taras/seasony/lewis/install/robot_behavior2:/home/taras/seasony/lewis/install/robot_battery:/home/taras/seasony/lewis/install/robot_bag_recorder:/home/taras/seasony/lewis/install/orgb_led_manager:/home/taras/seasony/lewis/install/nav2_simple_commander:/home/taras/seasony/lewis/install/locations:/home/taras/seasony/lewis/install/lewis_sound_manager:/home/taras/seasony/lewis/install/lewis_simple_gui:/home/taras/seasony/lewis/install/lewis_serial_com:/home/taras/seasony/lewis/install/lewis_robot_control:/home/taras/seasony/lewis/install/lewis_remote_emergency:/home/taras/seasony/lewis/install/lewis_managers:/home/taras/seasony/lewis/install/lewis_health:/home/taras/seasony/lewis/install/lewis_b1_description:/home/taras/seasony/lewis/install/lewis_b1_bringup:/home/taras/seasony/lewis/install/esp32_control:/home/taras/seasony/lewis/install/controllino:/home/taras/thesis_ws/install/yolo_pose_ros:/home/taras/thesis_ws/install/drspaam:/opt/ros/humble /usr/bin/cmake --install /home/taras/thesis_ws/build/custom_interfaces
[3.872s] -- Install configuration: ""
[3.873s] -- Up-to-date: /home/taras/thesis_ws/install/custom_interfaces/share/ament_index/resource_index/rosidl_interfaces/custom_interfaces
[3.873s] -- Up-to-date: /home/taras/thesis_ws/install/custom_interfaces/include/custom_interfaces/custom_interfaces
[3.873s] -- Up-to-date: /home/taras/thesis_ws/install/custom_interfaces/include/custom_interfaces/custom_interfaces/msg
[3.873s] -- Up-to-date: /home/taras/thesis_ws/install/custom_interfaces/include/custom_interfaces/custom_interfaces/msg/detail
[3.873s] -- Installing: /home/taras/thesis_ws/install/custom_interfaces/include/custom_interfaces/custom_interfaces/msg/detail/person_pose__functions.c
[3.873s] -- Installing: /home/taras/thesis_ws/install/custom_interfaces/include/custom_interfaces/custom_interfaces/msg/detail/person_pose__struct.h
[3.873s] -- Installing: /home/taras/thesis_ws/install/custom_interfaces/include/custom_interfaces/custom_interfaces/msg/detail/person_pose__type_support.h
[3.874s] -- Installing: /home/taras/thesis_ws/install/custom_interfaces/include/custom_interfaces/custom_interfaces/msg/detail/person_pose__functions.h
[3.874s] -- Up-to-date: /home/taras/thesis_ws/install/custom_interfaces/include/custom_interfaces/custom_interfaces/msg/rosidl_generator_c__visibility_control.h
[3.874s] -- Installing: /home/taras/thesis_ws/install/custom_interfaces/include/custom_interfaces/custom_interfaces/msg/person_pose.h
[3.874s] -- Up-to-date: /home/taras/thesis_ws/install/custom_interfaces/share/custom_interfaces/environment/library_path.sh
[3.874s] -- Installing: /home/taras/thesis_ws/install/custom_interfaces/share/custom_interfaces/environment/library_path.dsv
[3.874s] -- Installing: /home/taras/thesis_ws/install/custom_interfaces/lib/libcustom_interfaces__rosidl_generator_c.so
[3.874s] -- Set runtime path of "/home/taras/thesis_ws/install/custom_interfaces/lib/libcustom_interfaces__rosidl_generator_c.so" to ""
[3.874s] -- Up-to-date: /home/taras/thesis_ws/install/custom_interfaces/include/custom_interfaces/custom_interfaces
[3.874s] -- Up-to-date: /home/taras/thesis_ws/install/custom_interfaces/include/custom_interfaces/custom_interfaces/msg
[3.875s] -- Up-to-date: /home/taras/thesis_ws/install/custom_interfaces/include/custom_interfaces/custom_interfaces/msg/detail
[3.875s] -- Installing: /home/taras/thesis_ws/install/custom_interfaces/include/custom_interfaces/custom_interfaces/msg/detail/person_pose__rosidl_typesupport_fastrtps_c.h
[3.875s] -- Up-to-date: /home/taras/thesis_ws/install/custom_interfaces/include/custom_interfaces/custom_interfaces/msg/rosidl_typesupport_fastrtps_c__visibility_control.h
[3.875s] -- Installing: /home/taras/thesis_ws/install/custom_interfaces/lib/libcustom_interfaces__rosidl_typesupport_fastrtps_c.so
[3.875s] -- Set runtime path of "/home/taras/thesis_ws/install/custom_interfaces/lib/libcustom_interfaces__rosidl_typesupport_fastrtps_c.so" to ""
[3.875s] -- Up-to-date: /home/taras/thesis_ws/install/custom_interfaces/include/custom_interfaces/custom_interfaces
[3.875s] -- Up-to-date: /home/taras/thesis_ws/install/custom_interfaces/include/custom_interfaces/custom_interfaces/msg
[3.875s] -- Up-to-date: /home/taras/thesis_ws/install/custom_interfaces/include/custom_interfaces/custom_interfaces/msg/detail
[3.875s] -- Installing: /home/taras/thesis_ws/install/custom_interfaces/include/custom_interfaces/custom_interfaces/msg/detail/person_pose__struct.hpp
[3.876s] -- Installing: /home/taras/thesis_ws/install/custom_interfaces/include/custom_interfaces/custom_interfaces/msg/detail/person_pose__traits.hpp
[3.876s] -- Installing: /home/taras/thesis_ws/install/custom_interfaces/include/custom_interfaces/custom_interfaces/msg/detail/person_pose__builder.hpp
[3.876s] -- Installing: /home/taras/thesis_ws/install/custom_interfaces/include/custom_interfaces/custom_interfaces/msg/person_pose.hpp
[3.876s] -- Up-to-date: /home/taras/thesis_ws/install/custom_interfaces/include/custom_interfaces/custom_interfaces
[3.876s] -- Up-to-date: /home/taras/thesis_ws/install/custom_interfaces/include/custom_interfaces/custom_interfaces/msg
[3.876s] -- Up-to-date: /home/taras/thesis_ws/install/custom_interfaces/include/custom_interfaces/custom_interfaces/msg/detail
[3.876s] -- Installing: /home/taras/thesis_ws/install/custom_interfaces/include/custom_interfaces/custom_interfaces/msg/detail/person_pose__rosidl_typesupport_fastrtps_cpp.hpp
[3.876s] -- Up-to-date: /home/taras/thesis_ws/install/custom_interfaces/include/custom_interfaces/custom_interfaces/msg/detail/dds_fastrtps
[3.876s] -- Up-to-date: /home/taras/thesis_ws/install/custom_interfaces/include/custom_interfaces/custom_interfaces/msg/rosidl_typesupport_fastrtps_cpp__visibility_control.h
[3.877s] -- Installing: /home/taras/thesis_ws/install/custom_interfaces/lib/libcustom_interfaces__rosidl_typesupport_fastrtps_cpp.so
[3.877s] -- Set runtime path of "/home/taras/thesis_ws/install/custom_interfaces/lib/libcustom_interfaces__rosidl_typesupport_fastrtps_cpp.so" to ""
[3.877s] -- Up-to-date: /home/taras/thesis_ws/install/custom_interfaces/include/custom_interfaces/custom_interfaces
[3.877s] -- Up-to-date: /home/taras/thesis_ws/install/custom_interfaces/include/custom_interfaces/custom_interfaces/msg
[3.877s] -- Up-to-date: /home/taras/thesis_ws/install/custom_interfaces/include/custom_interfaces/custom_interfaces/msg/detail
[3.877s] -- Installing: /home/taras/thesis_ws/install/custom_interfaces/include/custom_interfaces/custom_interfaces/msg/detail/person_pose__type_support.c
[3.877s] -- Installing: /home/taras/thesis_ws/install/custom_interfaces/include/custom_interfaces/custom_interfaces/msg/detail/person_pose__rosidl_typesupport_introspection_c.h
[3.877s] -- Up-to-date: /home/taras/thesis_ws/install/custom_interfaces/include/custom_interfaces/custom_interfaces/msg/rosidl_typesupport_introspection_c__visibility_control.h
[3.877s] -- Installing: /home/taras/thesis_ws/install/custom_interfaces/lib/libcustom_interfaces__rosidl_typesupport_introspection_c.so
[3.878s] -- Set runtime path of "/home/taras/thesis_ws/install/custom_interfaces/lib/libcustom_interfaces__rosidl_typesupport_introspection_c.so" to ""
[3.878s] -- Installing: /home/taras/thesis_ws/install/custom_interfaces/lib/libcustom_interfaces__rosidl_typesupport_c.so
[3.878s] -- Set runtime path of "/home/taras/thesis_ws/install/custom_interfaces/lib/libcustom_interfaces__rosidl_typesupport_c.so" to ""
[3.878s] -- Up-to-date: /home/taras/thesis_ws/install/custom_interfaces/include/custom_interfaces/custom_interfaces
[3.878s] -- Up-to-date: /home/taras/thesis_ws/install/custom_interfaces/include/custom_interfaces/custom_interfaces/msg
[3.878s] -- Up-to-date: /home/taras/thesis_ws/install/custom_interfaces/include/custom_interfaces/custom_interfaces/msg/detail
[3.878s] -- Installing: /home/taras/thesis_ws/install/custom_interfaces/include/custom_interfaces/custom_interfaces/msg/detail/person_pose__rosidl_typesupport_introspection_cpp.hpp
[3.878s] -- Installing: /home/taras/thesis_ws/install/custom_interfaces/include/custom_interfaces/custom_interfaces/msg/detail/person_pose__type_support.cpp
[3.878s] -- Installing: /home/taras/thesis_ws/install/custom_interfaces/lib/libcustom_interfaces__rosidl_typesupport_introspection_cpp.so
[3.878s] -- Set runtime path of "/home/taras/thesis_ws/install/custom_interfaces/lib/libcustom_interfaces__rosidl_typesupport_introspection_cpp.so" to ""
[3.879s] -- Installing: /home/taras/thesis_ws/install/custom_interfaces/lib/libcustom_interfaces__rosidl_typesupport_cpp.so
[3.879s] -- Set runtime path of "/home/taras/thesis_ws/install/custom_interfaces/lib/libcustom_interfaces__rosidl_typesupport_cpp.so" to ""
[3.879s] -- Up-to-date: /home/taras/thesis_ws/install/custom_interfaces/share/custom_interfaces/environment/pythonpath.sh
[3.879s] -- Installing: /home/taras/thesis_ws/install/custom_interfaces/share/custom_interfaces/environment/pythonpath.dsv
[3.879s] -- Up-to-date: /home/taras/thesis_ws/install/custom_interfaces/local/lib/python3.10/dist-packages/custom_interfaces-0.0.0-py3.10.egg-info
[3.879s] -- Installing: /home/taras/thesis_ws/install/custom_interfaces/local/lib/python3.10/dist-packages/custom_interfaces-0.0.0-py3.10.egg-info/dependency_links.txt
[3.879s] -- Installing: /home/taras/thesis_ws/install/custom_interfaces/local/lib/python3.10/dist-packages/custom_interfaces-0.0.0-py3.10.egg-info/PKG-INFO
[3.879s] -- Installing: /home/taras/thesis_ws/install/custom_interfaces/local/lib/python3.10/dist-packages/custom_interfaces-0.0.0-py3.10.egg-info/top_level.txt
[3.880s] -- Installing: /home/taras/thesis_ws/install/custom_interfaces/local/lib/python3.10/dist-packages/custom_interfaces-0.0.0-py3.10.egg-info/SOURCES.txt
[3.880s] -- Up-to-date: /home/taras/thesis_ws/install/custom_interfaces/local/lib/python3.10/dist-packages/custom_interfaces
[3.880s] -- Installing: /home/taras/thesis_ws/install/custom_interfaces/local/lib/python3.10/dist-packages/custom_interfaces/custom_interfaces_s__rosidl_typesupport_c.cpython-310-x86_64-linux-gnu.so
[3.880s] -- Installing: /home/taras/thesis_ws/install/custom_interfaces/local/lib/python3.10/dist-packages/custom_interfaces/_custom_interfaces_s.ep.rosidl_typesupport_fastrtps_c.c
[3.880s] -- Installing: /home/taras/thesis_ws/install/custom_interfaces/local/lib/python3.10/dist-packages/custom_interfaces/custom_interfaces_s__rosidl_typesupport_fastrtps_c.cpython-310-x86_64-linux-gnu.so
[3.880s] -- Installing: /home/taras/thesis_ws/install/custom_interfaces/local/lib/python3.10/dist-packages/custom_interfaces/custom_interfaces_s__rosidl_typesupport_introspection_c.cpython-310-x86_64-linux-gnu.so
[3.880s] -- Installing: /home/taras/thesis_ws/install/custom_interfaces/local/lib/python3.10/dist-packages/custom_interfaces/libcustom_interfaces__rosidl_generator_py.so
[3.880s] -- Installing: /home/taras/thesis_ws/install/custom_interfaces/local/lib/python3.10/dist-packages/custom_interfaces/_custom_interfaces_s.ep.rosidl_typesupport_introspection_c.c
[3.880s] -- Installing: /home/taras/thesis_ws/install/custom_interfaces/local/lib/python3.10/dist-packages/custom_interfaces/__init__.py
[3.880s] -- Installing: /home/taras/thesis_ws/install/custom_interfaces/local/lib/python3.10/dist-packages/custom_interfaces/_custom_interfaces_s.ep.rosidl_typesupport_c.c
[3.881s] -- Up-to-date: /home/taras/thesis_ws/install/custom_interfaces/local/lib/python3.10/dist-packages/custom_interfaces/msg
[3.881s] -- Installing: /home/taras/thesis_ws/install/custom_interfaces/local/lib/python3.10/dist-packages/custom_interfaces/msg/_person_pose.py
[3.881s] -- Installing: /home/taras/thesis_ws/install/custom_interfaces/local/lib/python3.10/dist-packages/custom_interfaces/msg/__init__.py
[3.881s] -- Installing: /home/taras/thesis_ws/install/custom_interfaces/local/lib/python3.10/dist-packages/custom_interfaces/msg/_person_pose_s.c
[3.923s] Listing '/home/taras/thesis_ws/install/custom_interfaces/local/lib/python3.10/dist-packages/custom_interfaces'...
[3.923s] Compiling '/home/taras/thesis_ws/install/custom_interfaces/local/lib/python3.10/dist-packages/custom_interfaces/__init__.py'...
[3.923s] Listing '/home/taras/thesis_ws/install/custom_interfaces/local/lib/python3.10/dist-packages/custom_interfaces/msg'...
[3.924s] Compiling '/home/taras/thesis_ws/install/custom_interfaces/local/lib/python3.10/dist-packages/custom_interfaces/msg/__init__.py'...
[3.924s] Compiling '/home/taras/thesis_ws/install/custom_interfaces/local/lib/python3.10/dist-packages/custom_interfaces/msg/_person_pose.py'...
[3.928s] -- Installing: /home/taras/thesis_ws/install/custom_interfaces/local/lib/python3.10/dist-packages/custom_interfaces/custom_interfaces_s__rosidl_typesupport_fastrtps_c.cpython-310-x86_64-linux-gnu.so
[3.928s] -- Set runtime path of "/home/taras/thesis_ws/install/custom_interfaces/local/lib/python3.10/dist-packages/custom_interfaces/custom_interfaces_s__rosidl_typesupport_fastrtps_c.cpython-310-x86_64-linux-gnu.so" to ""
[3.928s] -- Installing: /home/taras/thesis_ws/install/custom_interfaces/local/lib/python3.10/dist-packages/custom_interfaces/custom_interfaces_s__rosidl_typesupport_introspection_c.cpython-310-x86_64-linux-gnu.so
[3.929s] -- Set runtime path of "/home/taras/thesis_ws/install/custom_interfaces/local/lib/python3.10/dist-packages/custom_interfaces/custom_interfaces_s__rosidl_typesupport_introspection_c.cpython-310-x86_64-linux-gnu.so" to ""
[3.929s] -- Installing: /home/taras/thesis_ws/install/custom_interfaces/local/lib/python3.10/dist-packages/custom_interfaces/custom_interfaces_s__rosidl_typesupport_c.cpython-310-x86_64-linux-gnu.so
[3.930s] -- Set runtime path of "/home/taras/thesis_ws/install/custom_interfaces/local/lib/python3.10/dist-packages/custom_interfaces/custom_interfaces_s__rosidl_typesupport_c.cpython-310-x86_64-linux-gnu.so" to ""
[3.930s] -- Installing: /home/taras/thesis_ws/install/custom_interfaces/lib/libcustom_interfaces__rosidl_generator_py.so
[3.930s] -- Set runtime path of "/home/taras/thesis_ws/install/custom_interfaces/lib/libcustom_interfaces__rosidl_generator_py.so" to ""
[3.930s] -- Installing: /home/taras/thesis_ws/install/custom_interfaces/share/custom_interfaces/msg/PersonPose.idl
[3.931s] -- Installing: /home/taras/thesis_ws/install/custom_interfaces/share/custom_interfaces/msg/PersonPose.msg
[3.931s] -- Up-to-date: /home/taras/thesis_ws/install/custom_interfaces/share/ament_index/resource_index/package_run_dependencies/custom_interfaces
[3.931s] -- Up-to-date: /home/taras/thesis_ws/install/custom_interfaces/share/ament_index/resource_index/parent_prefix_path/custom_interfaces
[3.931s] -- Up-to-date: /home/taras/thesis_ws/install/custom_interfaces/share/custom_interfaces/environment/ament_prefix_path.sh
[3.931s] -- Installing: /home/taras/thesis_ws/install/custom_interfaces/share/custom_interfaces/environment/ament_prefix_path.dsv
[3.931s] -- Up-to-date: /home/taras/thesis_ws/install/custom_interfaces/share/custom_interfaces/environment/path.sh
[3.932s] -- Installing: /home/taras/thesis_ws/install/custom_interfaces/share/custom_interfaces/environment/path.dsv
[3.932s] -- Up-to-date: /home/taras/thesis_ws/install/custom_interfaces/share/custom_interfaces/local_setup.bash
[3.932s] -- Up-to-date: /home/taras/thesis_ws/install/custom_interfaces/share/custom_interfaces/local_setup.sh
[3.932s] -- Up-to-date: /home/taras/thesis_ws/install/custom_interfaces/share/custom_interfaces/local_setup.zsh
[3.932s] -- Installing: /home/taras/thesis_ws/install/custom_interfaces/share/custom_interfaces/local_setup.dsv
[3.932s] -- Installing: /home/taras/thesis_ws/install/custom_interfaces/share/custom_interfaces/package.dsv
[3.932s] -- Up-to-date: /home/taras/thesis_ws/install/custom_interfaces/share/ament_index/resource_index/packages/custom_interfaces
[3.932s] -- Old export file "/home/taras/thesis_ws/install/custom_interfaces/share/custom_interfaces/cmake/export_custom_interfaces__rosidl_generator_cExport.cmake" will be replaced.  Removing files [/home/taras/thesis_ws/install/custom_interfaces/share/custom_interfaces/cmake/export_custom_interfaces__rosidl_generator_cExport-noconfig.cmake].
[3.933s] -- Installing: /home/taras/thesis_ws/install/custom_interfaces/share/custom_interfaces/cmake/export_custom_interfaces__rosidl_generator_cExport.cmake
[3.933s] -- Installing: /home/taras/thesis_ws/install/custom_interfaces/share/custom_interfaces/cmake/export_custom_interfaces__rosidl_generator_cExport-noconfig.cmake
[3.933s] -- Old export file "/home/taras/thesis_ws/install/custom_interfaces/share/custom_interfaces/cmake/export_custom_interfaces__rosidl_typesupport_fastrtps_cExport.cmake" will be replaced.  Removing files [/home/taras/thesis_ws/install/custom_interfaces/share/custom_interfaces/cmake/export_custom_interfaces__rosidl_typesupport_fastrtps_cExport-noconfig.cmake].
[3.933s] -- Installing: /home/taras/thesis_ws/install/custom_interfaces/share/custom_interfaces/cmake/export_custom_interfaces__rosidl_typesupport_fastrtps_cExport.cmake
[3.934s] -- Installing: /home/taras/thesis_ws/install/custom_interfaces/share/custom_interfaces/cmake/export_custom_interfaces__rosidl_typesupport_fastrtps_cExport-noconfig.cmake
[3.934s] -- Installing: /home/taras/thesis_ws/install/custom_interfaces/share/custom_interfaces/cmake/export_custom_interfaces__rosidl_generator_cppExport.cmake
[3.934s] -- Old export file "/home/taras/thesis_ws/install/custom_interfaces/share/custom_interfaces/cmake/export_custom_interfaces__rosidl_typesupport_fastrtps_cppExport.cmake" will be replaced.  Removing files [/home/taras/thesis_ws/install/custom_interfaces/share/custom_interfaces/cmake/export_custom_interfaces__rosidl_typesupport_fastrtps_cppExport-noconfig.cmake].
[3.935s] -- Installing: /home/taras/thesis_ws/install/custom_interfaces/share/custom_interfaces/cmake/export_custom_interfaces__rosidl_typesupport_fastrtps_cppExport.cmake
[3.935s] -- Installing: /home/taras/thesis_ws/install/custom_interfaces/share/custom_interfaces/cmake/export_custom_interfaces__rosidl_typesupport_fastrtps_cppExport-noconfig.cmake
[3.935s] -- Old export file "/home/taras/thesis_ws/install/custom_interfaces/share/custom_interfaces/cmake/custom_interfaces__rosidl_typesupport_introspection_cExport.cmake" will be replaced.  Removing files [/home/taras/thesis_ws/install/custom_interfaces/share/custom_interfaces/cmake/custom_interfaces__rosidl_typesupport_introspection_cExport-noconfig.cmake].
[3.935s] -- Installing: /home/taras/thesis_ws/install/custom_interfaces/share/custom_interfaces/cmake/custom_interfaces__rosidl_typesupport_introspection_cExport.cmake
[3.936s] -- Installing: /home/taras/thesis_ws/install/custom_interfaces/share/custom_interfaces/cmake/custom_interfaces__rosidl_typesupport_introspection_cExport-noconfig.cmake
[3.936s] -- Old export file "/home/taras/thesis_ws/install/custom_interfaces/share/custom_interfaces/cmake/custom_interfaces__rosidl_typesupport_cExport.cmake" will be replaced.  Removing files [/home/taras/thesis_ws/install/custom_interfaces/share/custom_interfaces/cmake/custom_interfaces__rosidl_typesupport_cExport-noconfig.cmake].
[3.936s] -- Installing: /home/taras/thesis_ws/install/custom_interfaces/share/custom_interfaces/cmake/custom_interfaces__rosidl_typesupport_cExport.cmake
[3.936s] -- Installing: /home/taras/thesis_ws/install/custom_interfaces/share/custom_interfaces/cmake/custom_interfaces__rosidl_typesupport_cExport-noconfig.cmake
[3.937s] -- Old export file "/home/taras/thesis_ws/install/custom_interfaces/share/custom_interfaces/cmake/custom_interfaces__rosidl_typesupport_introspection_cppExport.cmake" will be replaced.  Removing files [/home/taras/thesis_ws/install/custom_interfaces/share/custom_interfaces/cmake/custom_interfaces__rosidl_typesupport_introspection_cppExport-noconfig.cmake].
[3.937s] -- Installing: /home/taras/thesis_ws/install/custom_interfaces/share/custom_interfaces/cmake/custom_interfaces__rosidl_typesupport_introspection_cppExport.cmake
[3.937s] -- Installing: /home/taras/thesis_ws/install/custom_interfaces/share/custom_interfaces/cmake/custom_interfaces__rosidl_typesupport_introspection_cppExport-noconfig.cmake
[3.937s] -- Old export file "/home/taras/thesis_ws/install/custom_interfaces/share/custom_interfaces/cmake/custom_interfaces__rosidl_typesupport_cppExport.cmake" will be replaced.  Removing files [/home/taras/thesis_ws/install/custom_interfaces/share/custom_interfaces/cmake/custom_interfaces__rosidl_typesupport_cppExport-noconfig.cmake].
[3.938s] -- Installing: /home/taras/thesis_ws/install/custom_interfaces/share/custom_interfaces/cmake/custom_interfaces__rosidl_typesupport_cppExport.cmake
[3.938s] -- Installing: /home/taras/thesis_ws/install/custom_interfaces/share/custom_interfaces/cmake/custom_interfaces__rosidl_typesupport_cppExport-noconfig.cmake
[3.938s] -- Old export file "/home/taras/thesis_ws/install/custom_interfaces/share/custom_interfaces/cmake/export_custom_interfaces__rosidl_generator_pyExport.cmake" will be replaced.  Removing files [/home/taras/thesis_ws/install/custom_interfaces/share/custom_interfaces/cmake/export_custom_interfaces__rosidl_generator_pyExport-noconfig.cmake].
[3.938s] -- Installing: /home/taras/thesis_ws/install/custom_interfaces/share/custom_interfaces/cmake/export_custom_interfaces__rosidl_generator_pyExport.cmake
[3.939s] -- Installing: /home/taras/thesis_ws/install/custom_interfaces/share/custom_interfaces/cmake/export_custom_interfaces__rosidl_generator_pyExport-noconfig.cmake
[3.939s] -- Up-to-date: /home/taras/thesis_ws/install/custom_interfaces/share/custom_interfaces/cmake/rosidl_cmake-extras.cmake
[3.939s] -- Installing: /home/taras/thesis_ws/install/custom_interfaces/share/custom_interfaces/cmake/ament_cmake_export_dependencies-extras.cmake
[3.939s] -- Up-to-date: /home/taras/thesis_ws/install/custom_interfaces/share/custom_interfaces/cmake/ament_cmake_export_include_directories-extras.cmake
[3.939s] -- Up-to-date: /home/taras/thesis_ws/install/custom_interfaces/share/custom_interfaces/cmake/ament_cmake_export_libraries-extras.cmake
[3.940s] -- Installing: /home/taras/thesis_ws/install/custom_interfaces/share/custom_interfaces/cmake/ament_cmake_export_targets-extras.cmake
[3.940s] -- Installing: /home/taras/thesis_ws/install/custom_interfaces/share/custom_interfaces/cmake/rosidl_cmake_export_typesupport_targets-extras.cmake
[3.940s] -- Up-to-date: /home/taras/thesis_ws/install/custom_interfaces/share/custom_interfaces/cmake/rosidl_cmake_export_typesupport_libraries-extras.cmake
[3.940s] -- Installing: /home/taras/thesis_ws/install/custom_interfaces/share/custom_interfaces/cmake/custom_interfacesConfig.cmake
[3.940s] -- Up-to-date: /home/taras/thesis_ws/install/custom_interfaces/share/custom_interfaces/cmake/custom_interfacesConfig-version.cmake
[3.941s] -- Up-to-date: /home/taras/thesis_ws/install/custom_interfaces/share/custom_interfaces/package.xml
[3.944s] Invoked command in '/home/taras/thesis_ws/build/custom_interfaces' returned '0': CMAKE_PREFIX_PATH=${CMAKE_PREFIX_PATH}:/home/taras/seasony/lewis/install/robot_navigation:/home/taras/seasony/lewis/install/sensor_stream_pkg:/home/taras/seasony/lewis/install/robot_teleop:/home/taras/seasony/lewis/install/robot_spawner:/home/taras/seasony/lewis/install/robot_data:/home/taras/seasony/lewis/install/robot_agent:/home/taras/seasony/lewis/install/robot_behavior2:/home/taras/seasony/lewis/install/robot_battery:/home/taras/seasony/lewis/install/robot_bag_recorder:/home/taras/seasony/lewis/install/orgb_led_manager:/home/taras/seasony/lewis/install/nav2_simple_commander:/home/taras/seasony/lewis/install/locations:/home/taras/seasony/lewis/install/lewis_sound_manager:/home/taras/seasony/lewis/install/lewis_simple_gui:/home/taras/seasony/lewis/install/lewis_serial_com:/home/taras/seasony/lewis/install/lewis_robot_control:/home/taras/seasony/lewis/install/lewis_remote_emergency:/home/taras/seasony/lewis/install/lewis_managers:/home/taras/seasony/lewis/install/lewis_health:/home/taras/seasony/lewis/install/lewis_b1_description:/home/taras/seasony/lewis/install/lewis_b1_bringup:/home/taras/seasony/lewis/install/esp32_control:/home/taras/seasony/lewis/install/controllino:/home/taras/thesis_ws/install/yolo_pose_ros:/home/taras/thesis_ws/install/drspaam:/opt/ros/humble /usr/bin/cmake --install /home/taras/thesis_ws/build/custom_interfaces
