[1.003s] Invoking command in '/home/taras/thesis_ws/src/drspaam': PYTHONPATH=/home/taras/thesis_ws/build/drspaam/prefix_override:/home/taras/thesis_ws/install/drspaam/lib/python3.10/site-packages:${PYTHONPATH} /usr/bin/python3 setup.py egg_info --egg-base ../../build/drspaam build --build-base /home/taras/thesis_ws/build/drspaam/build install --record /home/taras/thesis_ws/build/drspaam/install.log --single-version-externally-managed
[1.280s] running egg_info
[1.280s] creating ../../build/drspaam/drspaam.egg-info
[1.281s] writing ../../build/drspaam/drspaam.egg-info/PKG-INFO
[1.281s] writing dependency_links to ../../build/drspaam/drspaam.egg-info/dependency_links.txt
[1.281s] writing entry points to ../../build/drspaam/drspaam.egg-info/entry_points.txt
[1.281s] writing requirements to ../../build/drspaam/drspaam.egg-info/requires.txt
[1.281s] writing top-level names to ../../build/drspaam/drspaam.egg-info/top_level.txt
[1.282s] writing manifest file '../../build/drspaam/drspaam.egg-info/SOURCES.txt'
[1.282s] reading manifest file '../../build/drspaam/drspaam.egg-info/SOURCES.txt'
[1.283s] writing manifest file '../../build/drspaam/drspaam.egg-info/SOURCES.txt'
[1.283s] running build
[1.283s] running build_py
[1.284s] creating /home/taras/thesis_ws/build/drspaam/build
[1.284s] creating /home/taras/thesis_ws/build/drspaam/build/lib
[1.284s] creating /home/taras/thesis_ws/build/drspaam/build/lib/drspaam
[1.284s] copying drspaam/__init__.py -> /home/taras/thesis_ws/build/drspaam/build/lib/drspaam
[1.284s] copying drspaam/drspaam_node.py -> /home/taras/thesis_ws/build/drspaam/build/lib/drspaam
[1.284s] running install
[1.284s] running install_lib
[1.285s] creating /home/taras/thesis_ws/install/drspaam/lib/python3.10/site-packages/drspaam
[1.285s] copying /home/taras/thesis_ws/build/drspaam/build/lib/drspaam/__init__.py -> /home/taras/thesis_ws/install/drspaam/lib/python3.10/site-packages/drspaam
[1.285s] copying /home/taras/thesis_ws/build/drspaam/build/lib/drspaam/drspaam_node.py -> /home/taras/thesis_ws/install/drspaam/lib/python3.10/site-packages/drspaam
[1.285s] byte-compiling /home/taras/thesis_ws/install/drspaam/lib/python3.10/site-packages/drspaam/__init__.py to __init__.cpython-310.pyc
[1.285s] byte-compiling /home/taras/thesis_ws/install/drspaam/lib/python3.10/site-packages/drspaam/drspaam_node.py to drspaam_node.cpython-310.pyc
[1.286s] running install_data
[1.287s] creating /home/taras/thesis_ws/install/drspaam/share/ament_index
[1.287s] creating /home/taras/thesis_ws/install/drspaam/share/ament_index/resource_index
[1.287s] creating /home/taras/thesis_ws/install/drspaam/share/ament_index/resource_index/packages
[1.287s] copying resource/drspaam -> /home/taras/thesis_ws/install/drspaam/share/ament_index/resource_index/packages
[1.287s] copying package.xml -> /home/taras/thesis_ws/install/drspaam/share/drspaam
[1.287s] running install_egg_info
[1.288s] Copying ../../build/drspaam/drspaam.egg-info to /home/taras/thesis_ws/install/drspaam/lib/python3.10/site-packages/drspaam-1.0.0-py3.10.egg-info
[1.289s] running install_scripts
[1.307s] Installing dr_spaam_node script to /home/taras/thesis_ws/install/drspaam/lib/drspaam
[1.308s] writing list of installed files to '/home/taras/thesis_ws/build/drspaam/install.log'
[1.340s] Invoked command in '/home/taras/thesis_ws/src/drspaam' returned '0': PYTHONPATH=/home/taras/thesis_ws/build/drspaam/prefix_override:/home/taras/thesis_ws/install/drspaam/lib/python3.10/site-packages:${PYTHONPATH} /usr/bin/python3 setup.py egg_info --egg-base ../../build/drspaam build --build-base /home/taras/thesis_ws/build/drspaam/build install --record /home/taras/thesis_ws/build/drspaam/install.log --single-version-externally-managed
