[0.698s] Invoking command in '/home/taras/thesis_ws/build/drspaam': PYTHONPATH=/home/taras/thesis_ws/build/drspaam/prefix_override:/home/taras/thesis_ws/install/drspaam/lib/python3.10/site-packages:${PYTHONPATH} /usr/bin/python3 setup.py develop --uninstall --editable --build-directory /home/taras/thesis_ws/build/drspaam/build
[0.969s] running develop
[1.171s] Invoked command in '/home/taras/thesis_ws/build/drspaam' returned '0': PYTHONPATH=/home/taras/thesis_ws/build/drspaam/prefix_override:/home/taras/thesis_ws/install/drspaam/lib/python3.10/site-packages:${PYTHONPATH} /usr/bin/python3 setup.py develop --uninstall --editable --build-directory /home/taras/thesis_ws/build/drspaam/build
[1.174s] Invoking command in '/home/taras/thesis_ws/src/drspaam': PYTHONPATH=/home/taras/thesis_ws/build/drspaam/prefix_override:/home/taras/thesis_ws/install/drspaam/lib/python3.10/site-packages:${PYTHONPATH} /usr/bin/python3 setup.py egg_info --egg-base ../../build/drspaam build --build-base /home/taras/thesis_ws/build/drspaam/build install --record /home/taras/thesis_ws/build/drspaam/install.log --single-version-externally-managed
[1.430s] running egg_info
[1.431s] writing ../../build/drspaam/drspaam.egg-info/PKG-INFO
[1.431s] writing dependency_links to ../../build/drspaam/drspaam.egg-info/dependency_links.txt
[1.431s] writing entry points to ../../build/drspaam/drspaam.egg-info/entry_points.txt
[1.432s] writing requirements to ../../build/drspaam/drspaam.egg-info/requires.txt
[1.432s] writing top-level names to ../../build/drspaam/drspaam.egg-info/top_level.txt
[1.433s] reading manifest file '../../build/drspaam/drspaam.egg-info/SOURCES.txt'
[1.434s] writing manifest file '../../build/drspaam/drspaam.egg-info/SOURCES.txt'
[1.434s] running build
[1.434s] running build_py
[1.434s] copying drspaam/drspaam_tracker/centroidtracker.py -> /home/taras/thesis_ws/build/drspaam/build/lib/drspaam/drspaam_tracker
[1.434s] running install
[1.434s] running install_lib
[1.435s] copying /home/taras/thesis_ws/build/drspaam/build/lib/drspaam/drspaam_tracker/centroidtracker.py -> /home/taras/thesis_ws/install/drspaam/lib/python3.10/site-packages/drspaam/drspaam_tracker
[1.436s] byte-compiling /home/taras/thesis_ws/install/drspaam/lib/python3.10/site-packages/drspaam/drspaam_tracker/centroidtracker.py to centroidtracker.cpython-310.pyc
[1.437s] running install_data
[1.437s] running install_egg_info
[1.439s] removing '/home/taras/thesis_ws/install/drspaam/lib/python3.10/site-packages/drspaam-1.0.0-py3.10.egg-info' (and everything under it)
[1.439s] Copying ../../build/drspaam/drspaam.egg-info to /home/taras/thesis_ws/install/drspaam/lib/python3.10/site-packages/drspaam-1.0.0-py3.10.egg-info
[1.440s] running install_scripts
[1.458s] Installing dr_spaam_node script to /home/taras/thesis_ws/install/drspaam/lib/drspaam
[1.458s] writing list of installed files to '/home/taras/thesis_ws/build/drspaam/install.log'
[1.486s] Invoked command in '/home/taras/thesis_ws/src/drspaam' returned '0': PYTHONPATH=/home/taras/thesis_ws/build/drspaam/prefix_override:/home/taras/thesis_ws/install/drspaam/lib/python3.10/site-packages:${PYTHONPATH} /usr/bin/python3 setup.py egg_info --egg-base ../../build/drspaam build --build-base /home/taras/thesis_ws/build/drspaam/build install --record /home/taras/thesis_ws/build/drspaam/install.log --single-version-externally-managed
