[0.028s] Invoking command in '/home/taras/thesis_ws/build/custom_interfaces': CMAKE_PREFIX_PATH=${CMAKE_PREFIX_PATH}:/home/taras/seasony/lewis/install/robot_navigation:/home/taras/seasony/lewis/install/sensor_stream_pkg:/home/taras/seasony/lewis/install/robot_teleop:/home/taras/seasony/lewis/install/robot_spawner:/home/taras/seasony/lewis/install/robot_data:/home/taras/seasony/lewis/install/robot_agent:/home/taras/seasony/lewis/install/robot_behavior2:/home/taras/seasony/lewis/install/robot_battery:/home/taras/seasony/lewis/install/robot_bag_recorder:/home/taras/seasony/lewis/install/orgb_led_manager:/home/taras/seasony/lewis/install/nav2_simple_commander:/home/taras/seasony/lewis/install/locations:/home/taras/seasony/lewis/install/lewis_sound_manager:/home/taras/seasony/lewis/install/lewis_simple_gui:/home/taras/seasony/lewis/install/lewis_serial_com:/home/taras/seasony/lewis/install/lewis_robot_control:/home/taras/seasony/lewis/install/lewis_remote_emergency:/home/taras/seasony/lewis/install/lewis_managers:/home/taras/seasony/lewis/install/lewis_health:/home/taras/seasony/lewis/install/lewis_b1_description:/home/taras/seasony/lewis/install/lewis_b1_bringup:/home/taras/seasony/lewis/install/esp32_control:/home/taras/seasony/lewis/install/controllino:/home/taras/thesis_ws/install/yolo_pose_ros:/home/taras/thesis_ws/install/drspaam:/opt/ros/humble /usr/bin/cmake --build /home/taras/thesis_ws/build/custom_interfaces -- -j16 -l16
[0.052s] -- Found ament_cmake: 1.3.4 (/opt/ros/humble/share/ament_cmake/cmake)
[0.293s] -- Found std_msgs: 4.2.3 (/opt/ros/humble/share/std_msgs/cmake)
[0.314s] -- Found rosidl_generator_c: 3.1.4 (/opt/ros/humble/share/rosidl_generator_c/cmake)
[0.315s] -- Found rosidl_adapter: 3.1.4 (/opt/ros/humble/share/rosidl_adapter/cmake)
[0.321s] -- Found rosidl_generator_cpp: 3.1.4 (/opt/ros/humble/share/rosidl_generator_cpp/cmake)
[0.332s] -- Using all available rosidl_typesupport_c: rosidl_typesupport_fastrtps_c;rosidl_typesupport_introspection_c
[0.347s] -- Using all available rosidl_typesupport_cpp: rosidl_typesupport_fastrtps_cpp;rosidl_typesupport_introspection_cpp
[0.392s] -- Found rosidl_default_generators: 1.2.0 (/opt/ros/humble/share/rosidl_default_generators/cmake)
[0.843s] -- Found ament_cmake_ros: 0.10.0 (/opt/ros/humble/share/ament_cmake_ros/cmake)
[1.462s] -- Using all available rosidl_typesupport_c: rosidl_typesupport_fastrtps_c;rosidl_typesupport_introspection_c
[1.723s] -- Using all available rosidl_typesupport_cpp: rosidl_typesupport_fastrtps_cpp;rosidl_typesupport_introspection_cpp
[1.770s] -- Found python_cmake_module: 0.10.0 (/opt/ros/humble/share/python_cmake_module/cmake)
[1.835s] -- Using PYTHON_EXECUTABLE: /usr/bin/python3
[1.835s] -- Using PYTHON_INCLUDE_DIRS: /usr/include/python3.10
[1.835s] -- Using PYTHON_LIBRARIES: /usr/lib/x86_64-linux-gnu/libpython3.10.so
[1.958s] -- Configuring done
[1.987s] -- Generating done
[1.990s] -- Build files have been written to: /home/taras/thesis_ws/build/custom_interfaces
[2.037s] [35m[1mConsolidate compiler generated dependencies of target custom_interfaces__rosidl_generator_c[0m
[2.051s] [  3%] [32mBuilding C object CMakeFiles/custom_interfaces__rosidl_generator_c.dir/rosidl_generator_c/custom_interfaces/msg/detail/person_pose__functions.c.o[0m
[2.055s] [  6%] Built target custom_interfaces__cpp
[2.062s] [  6%] Built target ament_cmake_python_copy_custom_interfaces
[2.069s] [35m[1mConsolidate compiler generated dependencies of target custom_interfaces__rosidl_typesupport_fastrtps_cpp[0m
[2.069s] [35m[1mConsolidate compiler generated dependencies of target custom_interfaces__rosidl_typesupport_introspection_cpp[0m
[2.078s] [35m[1mConsolidate compiler generated dependencies of target custom_interfaces__rosidl_typesupport_cpp[0m
[2.084s] [  9%] [32mBuilding CXX object CMakeFiles/custom_interfaces__rosidl_typesupport_fastrtps_cpp.dir/rosidl_typesupport_fastrtps_cpp/custom_interfaces/msg/detail/dds_fastrtps/person_pose__type_support.cpp.o[0m
[2.094s] [ 12%] [32mBuilding CXX object CMakeFiles/custom_interfaces__rosidl_typesupport_introspection_cpp.dir/rosidl_typesupport_introspection_cpp/custom_interfaces/msg/detail/person_pose__type_support.cpp.o[0m
[2.096s] [ 16%] [32m[1mLinking C shared library libcustom_interfaces__rosidl_generator_c.so[0m
[2.097s] [ 19%] [32mBuilding CXX object CMakeFiles/custom_interfaces__rosidl_typesupport_cpp.dir/rosidl_typesupport_cpp/custom_interfaces/msg/person_pose__type_support.cpp.o[0m
[2.134s] [ 22%] Built target custom_interfaces__rosidl_generator_c
[2.147s] [35m[1mConsolidate compiler generated dependencies of target custom_interfaces__rosidl_typesupport_c[0m
[2.147s] [35m[1mConsolidate compiler generated dependencies of target custom_interfaces__rosidl_typesupport_introspection_c[0m
[2.149s] [35m[1mConsolidate compiler generated dependencies of target custom_interfaces__rosidl_typesupport_fastrtps_c[0m
[2.159s] [ 25%] [32mBuilding CXX object CMakeFiles/custom_interfaces__rosidl_typesupport_c.dir/rosidl_typesupport_c/custom_interfaces/msg/person_pose__type_support.cpp.o[0m
[2.161s] [ 29%] [32mBuilding C object CMakeFiles/custom_interfaces__rosidl_typesupport_introspection_c.dir/rosidl_typesupport_introspection_c/custom_interfaces/msg/detail/person_pose__type_support.c.o[0m
[2.167s] [ 32%] [32mBuilding CXX object CMakeFiles/custom_interfaces__rosidl_typesupport_fastrtps_c.dir/rosidl_typesupport_fastrtps_c/custom_interfaces/msg/detail/person_pose__type_support_c.cpp.o[0m
[2.193s] [ 35%] [32m[1mLinking CXX shared library libcustom_interfaces__rosidl_typesupport_c.so[0m
[2.206s] [ 38%] [32m[1mLinking C shared library libcustom_interfaces__rosidl_typesupport_introspection_c.so[0m
[2.235s] [ 41%] Built target custom_interfaces__rosidl_typesupport_c
[2.240s] [ 45%] Built target custom_interfaces__rosidl_typesupport_introspection_c
[2.310s] [ 48%] [32m[1mLinking CXX shared library libcustom_interfaces__rosidl_typesupport_cpp.so[0m
[2.351s] [ 51%] Built target custom_interfaces__rosidl_typesupport_cpp
[2.397s] running egg_info
[2.397s] writing custom_interfaces.egg-info/PKG-INFO
[2.398s] writing dependency_links to custom_interfaces.egg-info/dependency_links.txt
[2.398s] writing top-level names to custom_interfaces.egg-info/top_level.txt
[2.400s] reading manifest file 'custom_interfaces.egg-info/SOURCES.txt'
[2.401s] writing manifest file 'custom_interfaces.egg-info/SOURCES.txt'
[2.424s] [ 54%] [32m[1mLinking CXX shared library libcustom_interfaces__rosidl_typesupport_fastrtps_c.so[0m
[2.437s] [ 54%] Built target ament_cmake_python_build_custom_interfaces_egg
[2.440s] [ 58%] [32m[1mLinking CXX shared library libcustom_interfaces__rosidl_typesupport_fastrtps_cpp.so[0m
[2.485s] [ 61%] [32m[1mLinking CXX shared library libcustom_interfaces__rosidl_typesupport_introspection_cpp.so[0m
[2.526s] [ 64%] Built target custom_interfaces__rosidl_typesupport_fastrtps_cpp
[2.541s] [ 67%] Built target custom_interfaces__rosidl_typesupport_fastrtps_c
[2.581s] [ 70%] Built target custom_interfaces__rosidl_typesupport_introspection_cpp
[2.621s] [ 70%] Built target custom_interfaces
[2.662s] [ 74%] Built target custom_interfaces__py
[2.686s] [35m[1mConsolidate compiler generated dependencies of target custom_interfaces__rosidl_generator_py[0m
[2.716s] [ 77%] [32mBuilding C object CMakeFiles/custom_interfaces__rosidl_generator_py.dir/rosidl_generator_py/custom_interfaces/msg/_person_pose_s.c.o[0m
[2.856s] [ 80%] [32m[1mLinking C shared library rosidl_generator_py/custom_interfaces/libcustom_interfaces__rosidl_generator_py.so[0m
[2.947s] [ 80%] Built target custom_interfaces__rosidl_generator_py
[2.961s] [35m[1mConsolidate compiler generated dependencies of target custom_interfaces__rosidl_typesupport_fastrtps_c__pyext[0m
[2.967s] [35m[1mConsolidate compiler generated dependencies of target custom_interfaces__rosidl_typesupport_introspection_c__pyext[0m
[2.970s] [35m[1mConsolidate compiler generated dependencies of target custom_interfaces__rosidl_typesupport_c__pyext[0m
[2.979s] [ 83%] [32mBuilding C object CMakeFiles/custom_interfaces__rosidl_typesupport_fastrtps_c__pyext.dir/rosidl_generator_py/custom_interfaces/_custom_interfaces_s.ep.rosidl_typesupport_fastrtps_c.c.o[0m
[2.991s] [ 87%] [32mBuilding C object CMakeFiles/custom_interfaces__rosidl_typesupport_c__pyext.dir/rosidl_generator_py/custom_interfaces/_custom_interfaces_s.ep.rosidl_typesupport_c.c.o[0m
[2.991s] [ 90%] [32mBuilding C object CMakeFiles/custom_interfaces__rosidl_typesupport_introspection_c__pyext.dir/rosidl_generator_py/custom_interfaces/_custom_interfaces_s.ep.rosidl_typesupport_introspection_c.c.o[0m
[3.061s] [ 93%] [32m[1mLinking C shared library rosidl_generator_py/custom_interfaces/custom_interfaces_s__rosidl_typesupport_fastrtps_c.cpython-310-x86_64-linux-gnu.so[0m
[3.078s] [ 96%] [32m[1mLinking C shared library rosidl_generator_py/custom_interfaces/custom_interfaces_s__rosidl_typesupport_c.cpython-310-x86_64-linux-gnu.so[0m
[3.088s] [100%] [32m[1mLinking C shared library rosidl_generator_py/custom_interfaces/custom_interfaces_s__rosidl_typesupport_introspection_c.cpython-310-x86_64-linux-gnu.so[0m
[3.123s] [100%] Built target custom_interfaces__rosidl_typesupport_c__pyext
[3.123s] [100%] Built target custom_interfaces__rosidl_typesupport_fastrtps_c__pyext
[3.129s] [100%] Built target custom_interfaces__rosidl_typesupport_introspection_c__pyext
[3.142s] Invoked command in '/home/taras/thesis_ws/build/custom_interfaces' returned '0': CMAKE_PREFIX_PATH=${CMAKE_PREFIX_PATH}:/home/taras/seasony/lewis/install/robot_navigation:/home/taras/seasony/lewis/install/sensor_stream_pkg:/home/taras/seasony/lewis/install/robot_teleop:/home/taras/seasony/lewis/install/robot_spawner:/home/taras/seasony/lewis/install/robot_data:/home/taras/seasony/lewis/install/robot_agent:/home/taras/seasony/lewis/install/robot_behavior2:/home/taras/seasony/lewis/install/robot_battery:/home/taras/seasony/lewis/install/robot_bag_recorder:/home/taras/seasony/lewis/install/orgb_led_manager:/home/taras/seasony/lewis/install/nav2_simple_commander:/home/taras/seasony/lewis/install/locations:/home/taras/seasony/lewis/install/lewis_sound_manager:/home/taras/seasony/lewis/install/lewis_simple_gui:/home/taras/seasony/lewis/install/lewis_serial_com:/home/taras/seasony/lewis/install/lewis_robot_control:/home/taras/seasony/lewis/install/lewis_remote_emergency:/home/taras/seasony/lewis/install/lewis_managers:/home/taras/seasony/lewis/install/lewis_health:/home/taras/seasony/lewis/install/lewis_b1_description:/home/taras/seasony/lewis/install/lewis_b1_bringup:/home/taras/seasony/lewis/install/esp32_control:/home/taras/seasony/lewis/install/controllino:/home/taras/thesis_ws/install/yolo_pose_ros:/home/taras/thesis_ws/install/drspaam:/opt/ros/humble /usr/bin/cmake --build /home/taras/thesis_ws/build/custom_interfaces -- -j16 -l16
[3.294s] Invoking command in '/home/taras/thesis_ws/build/custom_interfaces': CMAKE_PREFIX_PATH=${CMAKE_PREFIX_PATH}:/home/taras/seasony/lewis/install/robot_navigation:/home/taras/seasony/lewis/install/sensor_stream_pkg:/home/taras/seasony/lewis/install/robot_teleop:/home/taras/seasony/lewis/install/robot_spawner:/home/taras/seasony/lewis/install/robot_data:/home/taras/seasony/lewis/install/robot_agent:/home/taras/seasony/lewis/install/robot_behavior2:/home/taras/seasony/lewis/install/robot_battery:/home/taras/seasony/lewis/install/robot_bag_recorder:/home/taras/seasony/lewis/install/orgb_led_manager:/home/taras/seasony/lewis/install/nav2_simple_commander:/home/taras/seasony/lewis/install/locations:/home/taras/seasony/lewis/install/lewis_sound_manager:/home/taras/seasony/lewis/install/lewis_simple_gui:/home/taras/seasony/lewis/install/lewis_serial_com:/home/taras/seasony/lewis/install/lewis_robot_control:/home/taras/seasony/lewis/install/lewis_remote_emergency:/home/taras/seasony/lewis/install/lewis_managers:/home/taras/seasony/lewis/install/lewis_health:/home/taras/seasony/lewis/install/lewis_b1_description:/home/taras/seasony/lewis/install/lewis_b1_bringup:/home/taras/seasony/lewis/install/esp32_control:/home/taras/seasony/lewis/install/controllino:/home/taras/thesis_ws/install/yolo_pose_ros:/home/taras/thesis_ws/install/drspaam:/opt/ros/humble /usr/bin/cmake --install /home/taras/thesis_ws/build/custom_interfaces
[3.302s] -- Install configuration: ""
[3.302s] -- Up-to-date: /home/taras/thesis_ws/install/custom_interfaces/share/ament_index/resource_index/rosidl_interfaces/custom_interfaces
[3.302s] -- Up-to-date: /home/taras/thesis_ws/install/custom_interfaces/include/custom_interfaces/custom_interfaces
[3.302s] -- Up-to-date: /home/taras/thesis_ws/install/custom_interfaces/include/custom_interfaces/custom_interfaces/msg
[3.303s] -- Up-to-date: /home/taras/thesis_ws/install/custom_interfaces/include/custom_interfaces/custom_interfaces/msg/detail
[3.303s] -- Up-to-date: /home/taras/thesis_ws/install/custom_interfaces/include/custom_interfaces/custom_interfaces/msg/detail/person_pose__functions.c
[3.303s] -- Up-to-date: /home/taras/thesis_ws/install/custom_interfaces/include/custom_interfaces/custom_interfaces/msg/detail/person_pose__struct.h
[3.303s] -- Up-to-date: /home/taras/thesis_ws/install/custom_interfaces/include/custom_interfaces/custom_interfaces/msg/detail/person_pose__type_support.h
[3.303s] -- Up-to-date: /home/taras/thesis_ws/install/custom_interfaces/include/custom_interfaces/custom_interfaces/msg/detail/person_pose__functions.h
[3.303s] -- Up-to-date: /home/taras/thesis_ws/install/custom_interfaces/include/custom_interfaces/custom_interfaces/msg/rosidl_generator_c__visibility_control.h
[3.303s] -- Up-to-date: /home/taras/thesis_ws/install/custom_interfaces/include/custom_interfaces/custom_interfaces/msg/person_pose.h
[3.303s] -- Installing: /home/taras/thesis_ws/install/custom_interfaces/share/custom_interfaces/environment/library_path.sh
[3.303s] -- Installing: /home/taras/thesis_ws/install/custom_interfaces/share/custom_interfaces/environment/library_path.dsv
[3.304s] -- Installing: /home/taras/thesis_ws/install/custom_interfaces/lib/libcustom_interfaces__rosidl_generator_c.so
[3.304s] -- Set runtime path of "/home/taras/thesis_ws/install/custom_interfaces/lib/libcustom_interfaces__rosidl_generator_c.so" to ""
[3.304s] -- Up-to-date: /home/taras/thesis_ws/install/custom_interfaces/include/custom_interfaces/custom_interfaces
[3.304s] -- Up-to-date: /home/taras/thesis_ws/install/custom_interfaces/include/custom_interfaces/custom_interfaces/msg
[3.304s] -- Up-to-date: /home/taras/thesis_ws/install/custom_interfaces/include/custom_interfaces/custom_interfaces/msg/detail
[3.304s] -- Up-to-date: /home/taras/thesis_ws/install/custom_interfaces/include/custom_interfaces/custom_interfaces/msg/detail/person_pose__rosidl_typesupport_fastrtps_c.h
[3.304s] -- Up-to-date: /home/taras/thesis_ws/install/custom_interfaces/include/custom_interfaces/custom_interfaces/msg/rosidl_typesupport_fastrtps_c__visibility_control.h
[3.304s] -- Installing: /home/taras/thesis_ws/install/custom_interfaces/lib/libcustom_interfaces__rosidl_typesupport_fastrtps_c.so
[3.304s] -- Set runtime path of "/home/taras/thesis_ws/install/custom_interfaces/lib/libcustom_interfaces__rosidl_typesupport_fastrtps_c.so" to ""
[3.304s] -- Up-to-date: /home/taras/thesis_ws/install/custom_interfaces/include/custom_interfaces/custom_interfaces
[3.304s] -- Up-to-date: /home/taras/thesis_ws/install/custom_interfaces/include/custom_interfaces/custom_interfaces/msg
[3.304s] -- Up-to-date: /home/taras/thesis_ws/install/custom_interfaces/include/custom_interfaces/custom_interfaces/msg/detail
[3.305s] -- Up-to-date: /home/taras/thesis_ws/install/custom_interfaces/include/custom_interfaces/custom_interfaces/msg/detail/person_pose__struct.hpp
[3.305s] -- Up-to-date: /home/taras/thesis_ws/install/custom_interfaces/include/custom_interfaces/custom_interfaces/msg/detail/person_pose__traits.hpp
[3.305s] -- Up-to-date: /home/taras/thesis_ws/install/custom_interfaces/include/custom_interfaces/custom_interfaces/msg/detail/person_pose__builder.hpp
[3.305s] -- Up-to-date: /home/taras/thesis_ws/install/custom_interfaces/include/custom_interfaces/custom_interfaces/msg/person_pose.hpp
[3.305s] -- Up-to-date: /home/taras/thesis_ws/install/custom_interfaces/include/custom_interfaces/custom_interfaces
[3.305s] -- Up-to-date: /home/taras/thesis_ws/install/custom_interfaces/include/custom_interfaces/custom_interfaces/msg
[3.305s] -- Up-to-date: /home/taras/thesis_ws/install/custom_interfaces/include/custom_interfaces/custom_interfaces/msg/detail
[3.305s] -- Up-to-date: /home/taras/thesis_ws/install/custom_interfaces/include/custom_interfaces/custom_interfaces/msg/detail/person_pose__rosidl_typesupport_fastrtps_cpp.hpp
[3.305s] -- Installing: /home/taras/thesis_ws/install/custom_interfaces/include/custom_interfaces/custom_interfaces/msg/detail/dds_fastrtps
[3.305s] -- Up-to-date: /home/taras/thesis_ws/install/custom_interfaces/include/custom_interfaces/custom_interfaces/msg/rosidl_typesupport_fastrtps_cpp__visibility_control.h
[3.305s] -- Installing: /home/taras/thesis_ws/install/custom_interfaces/lib/libcustom_interfaces__rosidl_typesupport_fastrtps_cpp.so
[3.305s] -- Set runtime path of "/home/taras/thesis_ws/install/custom_interfaces/lib/libcustom_interfaces__rosidl_typesupport_fastrtps_cpp.so" to ""
[3.305s] -- Up-to-date: /home/taras/thesis_ws/install/custom_interfaces/include/custom_interfaces/custom_interfaces
[3.305s] -- Up-to-date: /home/taras/thesis_ws/install/custom_interfaces/include/custom_interfaces/custom_interfaces/msg
[3.305s] -- Up-to-date: /home/taras/thesis_ws/install/custom_interfaces/include/custom_interfaces/custom_interfaces/msg/detail
[3.306s] -- Up-to-date: /home/taras/thesis_ws/install/custom_interfaces/include/custom_interfaces/custom_interfaces/msg/detail/person_pose__type_support.c
[3.306s] -- Up-to-date: /home/taras/thesis_ws/install/custom_interfaces/include/custom_interfaces/custom_interfaces/msg/detail/person_pose__rosidl_typesupport_introspection_c.h
[3.306s] -- Up-to-date: /home/taras/thesis_ws/install/custom_interfaces/include/custom_interfaces/custom_interfaces/msg/rosidl_typesupport_introspection_c__visibility_control.h
[3.306s] -- Installing: /home/taras/thesis_ws/install/custom_interfaces/lib/libcustom_interfaces__rosidl_typesupport_introspection_c.so
[3.306s] -- Set runtime path of "/home/taras/thesis_ws/install/custom_interfaces/lib/libcustom_interfaces__rosidl_typesupport_introspection_c.so" to ""
[3.306s] -- Installing: /home/taras/thesis_ws/install/custom_interfaces/lib/libcustom_interfaces__rosidl_typesupport_c.so
[3.306s] -- Set runtime path of "/home/taras/thesis_ws/install/custom_interfaces/lib/libcustom_interfaces__rosidl_typesupport_c.so" to ""
[3.306s] -- Up-to-date: /home/taras/thesis_ws/install/custom_interfaces/include/custom_interfaces/custom_interfaces
[3.306s] -- Up-to-date: /home/taras/thesis_ws/install/custom_interfaces/include/custom_interfaces/custom_interfaces/msg
[3.306s] -- Up-to-date: /home/taras/thesis_ws/install/custom_interfaces/include/custom_interfaces/custom_interfaces/msg/detail
[3.306s] -- Up-to-date: /home/taras/thesis_ws/install/custom_interfaces/include/custom_interfaces/custom_interfaces/msg/detail/person_pose__rosidl_typesupport_introspection_cpp.hpp
[3.306s] -- Up-to-date: /home/taras/thesis_ws/install/custom_interfaces/include/custom_interfaces/custom_interfaces/msg/detail/person_pose__type_support.cpp
[3.306s] -- Installing: /home/taras/thesis_ws/install/custom_interfaces/lib/libcustom_interfaces__rosidl_typesupport_introspection_cpp.so
[3.306s] -- Set runtime path of "/home/taras/thesis_ws/install/custom_interfaces/lib/libcustom_interfaces__rosidl_typesupport_introspection_cpp.so" to ""
[3.306s] -- Installing: /home/taras/thesis_ws/install/custom_interfaces/lib/libcustom_interfaces__rosidl_typesupport_cpp.so
[3.306s] -- Set runtime path of "/home/taras/thesis_ws/install/custom_interfaces/lib/libcustom_interfaces__rosidl_typesupport_cpp.so" to ""
[3.306s] -- Up-to-date: /home/taras/thesis_ws/install/custom_interfaces/share/custom_interfaces/environment/pythonpath.sh
[3.307s] -- Installing: /home/taras/thesis_ws/install/custom_interfaces/share/custom_interfaces/environment/pythonpath.dsv
[3.307s] -- Up-to-date: /home/taras/thesis_ws/install/custom_interfaces/local/lib/python3.10/dist-packages/custom_interfaces-0.0.0-py3.10.egg-info
[3.307s] -- Installing: /home/taras/thesis_ws/install/custom_interfaces/local/lib/python3.10/dist-packages/custom_interfaces-0.0.0-py3.10.egg-info/dependency_links.txt
[3.307s] -- Installing: /home/taras/thesis_ws/install/custom_interfaces/local/lib/python3.10/dist-packages/custom_interfaces-0.0.0-py3.10.egg-info/PKG-INFO
[3.307s] -- Installing: /home/taras/thesis_ws/install/custom_interfaces/local/lib/python3.10/dist-packages/custom_interfaces-0.0.0-py3.10.egg-info/top_level.txt
[3.307s] -- Installing: /home/taras/thesis_ws/install/custom_interfaces/local/lib/python3.10/dist-packages/custom_interfaces-0.0.0-py3.10.egg-info/SOURCES.txt
[3.307s] -- Up-to-date: /home/taras/thesis_ws/install/custom_interfaces/local/lib/python3.10/dist-packages/custom_interfaces
[3.307s] -- Installing: /home/taras/thesis_ws/install/custom_interfaces/local/lib/python3.10/dist-packages/custom_interfaces/custom_interfaces_s__rosidl_typesupport_c.cpython-310-x86_64-linux-gnu.so
[3.307s] -- Up-to-date: /home/taras/thesis_ws/install/custom_interfaces/local/lib/python3.10/dist-packages/custom_interfaces/_custom_interfaces_s.ep.rosidl_typesupport_fastrtps_c.c
[3.307s] -- Installing: /home/taras/thesis_ws/install/custom_interfaces/local/lib/python3.10/dist-packages/custom_interfaces/custom_interfaces_s__rosidl_typesupport_fastrtps_c.cpython-310-x86_64-linux-gnu.so
[3.307s] -- Installing: /home/taras/thesis_ws/install/custom_interfaces/local/lib/python3.10/dist-packages/custom_interfaces/custom_interfaces_s__rosidl_typesupport_introspection_c.cpython-310-x86_64-linux-gnu.so
[3.307s] -- Installing: /home/taras/thesis_ws/install/custom_interfaces/local/lib/python3.10/dist-packages/custom_interfaces/libcustom_interfaces__rosidl_generator_py.so
[3.307s] -- Up-to-date: /home/taras/thesis_ws/install/custom_interfaces/local/lib/python3.10/dist-packages/custom_interfaces/_custom_interfaces_s.ep.rosidl_typesupport_introspection_c.c
[3.307s] -- Installing: /home/taras/thesis_ws/install/custom_interfaces/local/lib/python3.10/dist-packages/custom_interfaces/__init__.py
[3.307s] -- Up-to-date: /home/taras/thesis_ws/install/custom_interfaces/local/lib/python3.10/dist-packages/custom_interfaces/_custom_interfaces_s.ep.rosidl_typesupport_c.c
[3.307s] -- Up-to-date: /home/taras/thesis_ws/install/custom_interfaces/local/lib/python3.10/dist-packages/custom_interfaces/msg
[3.307s] -- Up-to-date: /home/taras/thesis_ws/install/custom_interfaces/local/lib/python3.10/dist-packages/custom_interfaces/msg/_person_pose.py
[3.307s] -- Up-to-date: /home/taras/thesis_ws/install/custom_interfaces/local/lib/python3.10/dist-packages/custom_interfaces/msg/__init__.py
[3.307s] -- Up-to-date: /home/taras/thesis_ws/install/custom_interfaces/local/lib/python3.10/dist-packages/custom_interfaces/msg/_person_pose_s.c
[3.375s] Listing '/home/taras/thesis_ws/install/custom_interfaces/local/lib/python3.10/dist-packages/custom_interfaces'...
[3.376s] Compiling '/home/taras/thesis_ws/install/custom_interfaces/local/lib/python3.10/dist-packages/custom_interfaces/__init__.py'...
[3.376s] Listing '/home/taras/thesis_ws/install/custom_interfaces/local/lib/python3.10/dist-packages/custom_interfaces/msg'...
[3.379s] -- Installing: /home/taras/thesis_ws/install/custom_interfaces/local/lib/python3.10/dist-packages/custom_interfaces/custom_interfaces_s__rosidl_typesupport_fastrtps_c.cpython-310-x86_64-linux-gnu.so
[3.380s] -- Set runtime path of "/home/taras/thesis_ws/install/custom_interfaces/local/lib/python3.10/dist-packages/custom_interfaces/custom_interfaces_s__rosidl_typesupport_fastrtps_c.cpython-310-x86_64-linux-gnu.so" to ""
[3.380s] -- Installing: /home/taras/thesis_ws/install/custom_interfaces/local/lib/python3.10/dist-packages/custom_interfaces/custom_interfaces_s__rosidl_typesupport_introspection_c.cpython-310-x86_64-linux-gnu.so
[3.380s] -- Set runtime path of "/home/taras/thesis_ws/install/custom_interfaces/local/lib/python3.10/dist-packages/custom_interfaces/custom_interfaces_s__rosidl_typesupport_introspection_c.cpython-310-x86_64-linux-gnu.so" to ""
[3.381s] -- Installing: /home/taras/thesis_ws/install/custom_interfaces/local/lib/python3.10/dist-packages/custom_interfaces/custom_interfaces_s__rosidl_typesupport_c.cpython-310-x86_64-linux-gnu.so
[3.381s] -- Set runtime path of "/home/taras/thesis_ws/install/custom_interfaces/local/lib/python3.10/dist-packages/custom_interfaces/custom_interfaces_s__rosidl_typesupport_c.cpython-310-x86_64-linux-gnu.so" to ""
[3.381s] -- Installing: /home/taras/thesis_ws/install/custom_interfaces/lib/libcustom_interfaces__rosidl_generator_py.so
[3.382s] -- Set runtime path of "/home/taras/thesis_ws/install/custom_interfaces/lib/libcustom_interfaces__rosidl_generator_py.so" to ""
[3.382s] -- Up-to-date: /home/taras/thesis_ws/install/custom_interfaces/share/custom_interfaces/msg/PersonPose.idl
[3.382s] -- Installing: /home/taras/thesis_ws/install/custom_interfaces/share/custom_interfaces/msg/PersonPose.msg
[3.382s] -- Up-to-date: /home/taras/thesis_ws/install/custom_interfaces/share/ament_index/resource_index/package_run_dependencies/custom_interfaces
[3.382s] -- Installing: /home/taras/thesis_ws/install/custom_interfaces/share/ament_index/resource_index/parent_prefix_path/custom_interfaces
[3.383s] -- Installing: /home/taras/thesis_ws/install/custom_interfaces/share/custom_interfaces/environment/ament_prefix_path.sh
[3.383s] -- Installing: /home/taras/thesis_ws/install/custom_interfaces/share/custom_interfaces/environment/ament_prefix_path.dsv
[3.383s] -- Installing: /home/taras/thesis_ws/install/custom_interfaces/share/custom_interfaces/environment/path.sh
[3.383s] -- Installing: /home/taras/thesis_ws/install/custom_interfaces/share/custom_interfaces/environment/path.dsv
[3.383s] -- Up-to-date: /home/taras/thesis_ws/install/custom_interfaces/share/custom_interfaces/local_setup.bash
[3.384s] -- Up-to-date: /home/taras/thesis_ws/install/custom_interfaces/share/custom_interfaces/local_setup.sh
[3.384s] -- Up-to-date: /home/taras/thesis_ws/install/custom_interfaces/share/custom_interfaces/local_setup.zsh
[3.384s] -- Installing: /home/taras/thesis_ws/install/custom_interfaces/share/custom_interfaces/local_setup.dsv
[3.384s] -- Installing: /home/taras/thesis_ws/install/custom_interfaces/share/custom_interfaces/package.dsv
[3.384s] -- Up-to-date: /home/taras/thesis_ws/install/custom_interfaces/share/ament_index/resource_index/packages/custom_interfaces
[3.384s] -- Up-to-date: /home/taras/thesis_ws/install/custom_interfaces/share/custom_interfaces/cmake/export_custom_interfaces__rosidl_generator_cExport.cmake
[3.385s] -- Up-to-date: /home/taras/thesis_ws/install/custom_interfaces/share/custom_interfaces/cmake/export_custom_interfaces__rosidl_generator_cExport-noconfig.cmake
[3.385s] -- Up-to-date: /home/taras/thesis_ws/install/custom_interfaces/share/custom_interfaces/cmake/export_custom_interfaces__rosidl_typesupport_fastrtps_cExport.cmake
[3.385s] -- Up-to-date: /home/taras/thesis_ws/install/custom_interfaces/share/custom_interfaces/cmake/export_custom_interfaces__rosidl_typesupport_fastrtps_cExport-noconfig.cmake
[3.385s] -- Up-to-date: /home/taras/thesis_ws/install/custom_interfaces/share/custom_interfaces/cmake/export_custom_interfaces__rosidl_generator_cppExport.cmake
[3.385s] -- Up-to-date: /home/taras/thesis_ws/install/custom_interfaces/share/custom_interfaces/cmake/export_custom_interfaces__rosidl_typesupport_fastrtps_cppExport.cmake
[3.385s] -- Up-to-date: /home/taras/thesis_ws/install/custom_interfaces/share/custom_interfaces/cmake/export_custom_interfaces__rosidl_typesupport_fastrtps_cppExport-noconfig.cmake
[3.386s] -- Up-to-date: /home/taras/thesis_ws/install/custom_interfaces/share/custom_interfaces/cmake/custom_interfaces__rosidl_typesupport_introspection_cExport.cmake
[3.386s] -- Up-to-date: /home/taras/thesis_ws/install/custom_interfaces/share/custom_interfaces/cmake/custom_interfaces__rosidl_typesupport_introspection_cExport-noconfig.cmake
[3.386s] -- Up-to-date: /home/taras/thesis_ws/install/custom_interfaces/share/custom_interfaces/cmake/custom_interfaces__rosidl_typesupport_cExport.cmake
[3.386s] -- Up-to-date: /home/taras/thesis_ws/install/custom_interfaces/share/custom_interfaces/cmake/custom_interfaces__rosidl_typesupport_cExport-noconfig.cmake
[3.386s] -- Up-to-date: /home/taras/thesis_ws/install/custom_interfaces/share/custom_interfaces/cmake/custom_interfaces__rosidl_typesupport_introspection_cppExport.cmake
[3.386s] -- Up-to-date: /home/taras/thesis_ws/install/custom_interfaces/share/custom_interfaces/cmake/custom_interfaces__rosidl_typesupport_introspection_cppExport-noconfig.cmake
[3.387s] -- Up-to-date: /home/taras/thesis_ws/install/custom_interfaces/share/custom_interfaces/cmake/custom_interfaces__rosidl_typesupport_cppExport.cmake
[3.387s] -- Up-to-date: /home/taras/thesis_ws/install/custom_interfaces/share/custom_interfaces/cmake/custom_interfaces__rosidl_typesupport_cppExport-noconfig.cmake
[3.387s] -- Up-to-date: /home/taras/thesis_ws/install/custom_interfaces/share/custom_interfaces/cmake/export_custom_interfaces__rosidl_generator_pyExport.cmake
[3.387s] -- Up-to-date: /home/taras/thesis_ws/install/custom_interfaces/share/custom_interfaces/cmake/export_custom_interfaces__rosidl_generator_pyExport-noconfig.cmake
[3.387s] -- Up-to-date: /home/taras/thesis_ws/install/custom_interfaces/share/custom_interfaces/cmake/rosidl_cmake-extras.cmake
[3.387s] -- Up-to-date: /home/taras/thesis_ws/install/custom_interfaces/share/custom_interfaces/cmake/ament_cmake_export_dependencies-extras.cmake
[3.387s] -- Up-to-date: /home/taras/thesis_ws/install/custom_interfaces/share/custom_interfaces/cmake/ament_cmake_export_include_directories-extras.cmake
[3.388s] -- Up-to-date: /home/taras/thesis_ws/install/custom_interfaces/share/custom_interfaces/cmake/ament_cmake_export_libraries-extras.cmake
[3.388s] -- Up-to-date: /home/taras/thesis_ws/install/custom_interfaces/share/custom_interfaces/cmake/ament_cmake_export_targets-extras.cmake
[3.388s] -- Up-to-date: /home/taras/thesis_ws/install/custom_interfaces/share/custom_interfaces/cmake/rosidl_cmake_export_typesupport_targets-extras.cmake
[3.388s] -- Up-to-date: /home/taras/thesis_ws/install/custom_interfaces/share/custom_interfaces/cmake/rosidl_cmake_export_typesupport_libraries-extras.cmake
[3.388s] -- Up-to-date: /home/taras/thesis_ws/install/custom_interfaces/share/custom_interfaces/cmake/custom_interfacesConfig.cmake
[3.389s] -- Up-to-date: /home/taras/thesis_ws/install/custom_interfaces/share/custom_interfaces/cmake/custom_interfacesConfig-version.cmake
[3.389s] -- Installing: /home/taras/thesis_ws/install/custom_interfaces/share/custom_interfaces/package.xml
[3.395s] Invoked command in '/home/taras/thesis_ws/build/custom_interfaces' returned '0': CMAKE_PREFIX_PATH=${CMAKE_PREFIX_PATH}:/home/taras/seasony/lewis/install/robot_navigation:/home/taras/seasony/lewis/install/sensor_stream_pkg:/home/taras/seasony/lewis/install/robot_teleop:/home/taras/seasony/lewis/install/robot_spawner:/home/taras/seasony/lewis/install/robot_data:/home/taras/seasony/lewis/install/robot_agent:/home/taras/seasony/lewis/install/robot_behavior2:/home/taras/seasony/lewis/install/robot_battery:/home/taras/seasony/lewis/install/robot_bag_recorder:/home/taras/seasony/lewis/install/orgb_led_manager:/home/taras/seasony/lewis/install/nav2_simple_commander:/home/taras/seasony/lewis/install/locations:/home/taras/seasony/lewis/install/lewis_sound_manager:/home/taras/seasony/lewis/install/lewis_simple_gui:/home/taras/seasony/lewis/install/lewis_serial_com:/home/taras/seasony/lewis/install/lewis_robot_control:/home/taras/seasony/lewis/install/lewis_remote_emergency:/home/taras/seasony/lewis/install/lewis_managers:/home/taras/seasony/lewis/install/lewis_health:/home/taras/seasony/lewis/install/lewis_b1_description:/home/taras/seasony/lewis/install/lewis_b1_bringup:/home/taras/seasony/lewis/install/esp32_control:/home/taras/seasony/lewis/install/controllino:/home/taras/thesis_ws/install/yolo_pose_ros:/home/taras/thesis_ws/install/drspaam:/opt/ros/humble /usr/bin/cmake --install /home/taras/thesis_ws/build/custom_interfaces
