[0.744s] Invoking command in '/home/taras/thesis_ws/src/tracker_pkg': PYTHONPATH=/home/taras/thesis_ws/build/tracker_pkg/prefix_override:/home/taras/thesis_ws/install/tracker_pkg/lib/python3.10/site-packages:${PYTHONPATH} /usr/bin/python3 setup.py egg_info --egg-base ../../build/tracker_pkg build --build-base /home/taras/thesis_ws/build/tracker_pkg/build install --record /home/taras/thesis_ws/build/tracker_pkg/install.log --single-version-externally-managed
[1.041s] running egg_info
[1.042s] writing ../../build/tracker_pkg/tracker_pkg.egg-info/PKG-INFO
[1.042s] writing dependency_links to ../../build/tracker_pkg/tracker_pkg.egg-info/dependency_links.txt
[1.042s] writing entry points to ../../build/tracker_pkg/tracker_pkg.egg-info/entry_points.txt
[1.042s] writing requirements to ../../build/tracker_pkg/tracker_pkg.egg-info/requires.txt
[1.042s] writing top-level names to ../../build/tracker_pkg/tracker_pkg.egg-info/top_level.txt
[1.044s] reading manifest file '../../build/tracker_pkg/tracker_pkg.egg-info/SOURCES.txt'
[1.050s] writing manifest file '../../build/tracker_pkg/tracker_pkg.egg-info/SOURCES.txt'
[1.050s] running build
[1.050s] running build_py
[1.051s] copying tracker_pkg/tracker_node.py -> /home/taras/thesis_ws/build/tracker_pkg/build/lib/tracker_pkg
[1.051s] running install
[1.051s] running install_lib
[1.051s] copying /home/taras/thesis_ws/build/tracker_pkg/build/lib/tracker_pkg/tracker_node.py -> /home/taras/thesis_ws/install/tracker_pkg/lib/python3.10/site-packages/tracker_pkg
[1.052s] byte-compiling /home/taras/thesis_ws/install/tracker_pkg/lib/python3.10/site-packages/tracker_pkg/tracker_node.py to tracker_node.cpython-310.pyc
[1.053s] running install_data
[1.053s] running install_egg_info
[1.055s] removing '/home/taras/thesis_ws/install/tracker_pkg/lib/python3.10/site-packages/tracker_pkg-0.0.0-py3.10.egg-info' (and everything under it)
[1.055s] Copying ../../build/tracker_pkg/tracker_pkg.egg-info to /home/taras/thesis_ws/install/tracker_pkg/lib/python3.10/site-packages/tracker_pkg-0.0.0-py3.10.egg-info
[1.055s] running install_scripts
[1.074s] Installing tracker_node script to /home/taras/thesis_ws/install/tracker_pkg/lib/tracker_pkg
[1.074s] writing list of installed files to '/home/taras/thesis_ws/build/tracker_pkg/install.log'
[1.105s] Invoked command in '/home/taras/thesis_ws/src/tracker_pkg' returned '0': PYTHONPATH=/home/taras/thesis_ws/build/tracker_pkg/prefix_override:/home/taras/thesis_ws/install/tracker_pkg/lib/python3.10/site-packages:${PYTHONPATH} /usr/bin/python3 setup.py egg_info --egg-base ../../build/tracker_pkg build --build-base /home/taras/thesis_ws/build/tracker_pkg/build install --record /home/taras/thesis_ws/build/tracker_pkg/install.log --single-version-externally-managed
