[0.691s] Invoking command in '/home/taras/thesis_ws/build/drspaam': PYTHONPATH=/home/taras/thesis_ws/build/drspaam/prefix_override:/home/taras/thesis_ws/install/drspaam/lib/python3.10/site-packages:${PYTHONPATH} /usr/bin/python3 setup.py develop --uninstall --editable --build-directory /home/taras/thesis_ws/build/drspaam/build
[0.992s] running develop
[1.193s] Invoked command in '/home/taras/thesis_ws/build/drspaam' returned '0': PYTHONPATH=/home/taras/thesis_ws/build/drspaam/prefix_override:/home/taras/thesis_ws/install/drspaam/lib/python3.10/site-packages:${PYTHONPATH} /usr/bin/python3 setup.py develop --uninstall --editable --build-directory /home/taras/thesis_ws/build/drspaam/build
[1.195s] Invoking command in '/home/taras/thesis_ws/src/drspaam': PYTHONPATH=/home/taras/thesis_ws/build/drspaam/prefix_override:/home/taras/thesis_ws/install/drspaam/lib/python3.10/site-packages:${PYTHONPATH} /usr/bin/python3 setup.py egg_info --egg-base ../../build/drspaam build --build-base /home/taras/thesis_ws/build/drspaam/build install --record /home/taras/thesis_ws/build/drspaam/install.log --single-version-externally-managed
[1.478s] running egg_info
[1.478s] writing ../../build/drspaam/drspaam.egg-info/PKG-INFO
[1.478s] writing dependency_links to ../../build/drspaam/drspaam.egg-info/dependency_links.txt
[1.479s] writing entry points to ../../build/drspaam/drspaam.egg-info/entry_points.txt
[1.479s] writing requirements to ../../build/drspaam/drspaam.egg-info/requires.txt
[1.479s] writing top-level names to ../../build/drspaam/drspaam.egg-info/top_level.txt
[1.480s] reading manifest file '../../build/drspaam/drspaam.egg-info/SOURCES.txt'
[1.481s] writing manifest file '../../build/drspaam/drspaam.egg-info/SOURCES.txt'
[1.481s] running build
[1.481s] running build_py
[1.481s] copying drspaam/centroid_tracker/centroidtracker.py -> /home/taras/thesis_ws/build/drspaam/build/lib/drspaam/centroid_tracker
[1.482s] running install
[1.482s] running install_lib
[1.482s] copying /home/taras/thesis_ws/build/drspaam/build/lib/drspaam/centroid_tracker/centroidtracker.py -> /home/taras/thesis_ws/install/drspaam/lib/python3.10/site-packages/drspaam/centroid_tracker
[1.483s] byte-compiling /home/taras/thesis_ws/install/drspaam/lib/python3.10/site-packages/drspaam/centroid_tracker/centroidtracker.py to centroidtracker.cpython-310.pyc
[1.484s] running install_data
[1.485s] running install_egg_info
[1.486s] removing '/home/taras/thesis_ws/install/drspaam/lib/python3.10/site-packages/drspaam-1.0.0-py3.10.egg-info' (and everything under it)
[1.486s] Copying ../../build/drspaam/drspaam.egg-info to /home/taras/thesis_ws/install/drspaam/lib/python3.10/site-packages/drspaam-1.0.0-py3.10.egg-info
[1.487s] running install_scripts
[1.505s] Installing dr_spaam_node script to /home/taras/thesis_ws/install/drspaam/lib/drspaam
[1.505s] writing list of installed files to '/home/taras/thesis_ws/build/drspaam/install.log'
[1.536s] Invoked command in '/home/taras/thesis_ws/src/drspaam' returned '0': PYTHONPATH=/home/taras/thesis_ws/build/drspaam/prefix_override:/home/taras/thesis_ws/install/drspaam/lib/python3.10/site-packages:${PYTHONPATH} /usr/bin/python3 setup.py egg_info --egg-base ../../build/drspaam build --build-base /home/taras/thesis_ws/build/drspaam/build install --record /home/taras/thesis_ws/build/drspaam/install.log --single-version-externally-managed
