[1.106s] Invoking command in '/home/taras/thesis_ws/build/drspaam': PYTHONPATH=/home/taras/thesis_ws/build/drspaam/prefix_override:/home/taras/thesis_ws/install/drspaam/lib/python3.10/site-packages:${PYTHONPATH} /usr/bin/python3 setup.py develop --uninstall --editable --build-directory /home/taras/thesis_ws/build/drspaam/build
[1.390s] running develop
[1.678s] Invoked command in '/home/taras/thesis_ws/build/drspaam' returned '0': PYTHONPATH=/home/taras/thesis_ws/build/drspaam/prefix_override:/home/taras/thesis_ws/install/drspaam/lib/python3.10/site-packages:${PYTHONPATH} /usr/bin/python3 setup.py develop --uninstall --editable --build-directory /home/taras/thesis_ws/build/drspaam/build
[1.679s] Invoking command in '/home/taras/thesis_ws/src/drspaam': PYTHONPATH=/home/taras/thesis_ws/build/drspaam/prefix_override:/home/taras/thesis_ws/install/drspaam/lib/python3.10/site-packages:${PYTHONPATH} /usr/bin/python3 setup.py egg_info --egg-base ../../build/drspaam build --build-base /home/taras/thesis_ws/build/drspaam/build install --record /home/taras/thesis_ws/build/drspaam/install.log --single-version-externally-managed
[1.967s] running egg_info
[1.968s] writing ../../build/drspaam/drspaam.egg-info/PKG-INFO
[1.968s] writing dependency_links to ../../build/drspaam/drspaam.egg-info/dependency_links.txt
[1.968s] writing entry points to ../../build/drspaam/drspaam.egg-info/entry_points.txt
[1.968s] writing requirements to ../../build/drspaam/drspaam.egg-info/requires.txt
[1.968s] writing top-level names to ../../build/drspaam/drspaam.egg-info/top_level.txt
[1.970s] reading manifest file '../../build/drspaam/drspaam.egg-info/SOURCES.txt'
[1.970s] writing manifest file '../../build/drspaam/drspaam.egg-info/SOURCES.txt'
[1.970s] running build
[1.971s] running build_py
[1.971s] running install
[1.971s] running install_lib
[1.972s] running install_data
[1.973s] running install_egg_info
[1.974s] removing '/home/taras/thesis_ws/install/drspaam/lib/python3.10/site-packages/drspaam-1.0.0-py3.10.egg-info' (and everything under it)
[1.975s] Copying ../../build/drspaam/drspaam.egg-info to /home/taras/thesis_ws/install/drspaam/lib/python3.10/site-packages/drspaam-1.0.0-py3.10.egg-info
[1.975s] running install_scripts
[1.994s] Installing dr_spaam_node script to /home/taras/thesis_ws/install/drspaam/lib/drspaam
[1.995s] writing list of installed files to '/home/taras/thesis_ws/build/drspaam/install.log'
[2.031s] Invoked command in '/home/taras/thesis_ws/src/drspaam' returned '0': PYTHONPATH=/home/taras/thesis_ws/build/drspaam/prefix_override:/home/taras/thesis_ws/install/drspaam/lib/python3.10/site-packages:${PYTHONPATH} /usr/bin/python3 setup.py egg_info --egg-base ../../build/drspaam build --build-base /home/taras/thesis_ws/build/drspaam/build install --record /home/taras/thesis_ws/build/drspaam/install.log --single-version-externally-managed
