[0.727s] Invoking command in '/home/taras/thesis_ws/src/drspaam': PYTHONPATH=/home/taras/thesis_ws/build/drspaam/prefix_override:/home/taras/thesis_ws/install/drspaam/lib/python3.10/site-packages:${PYTHONPATH} /usr/bin/python3 setup.py egg_info --egg-base ../../build/drspaam build --build-base /home/taras/thesis_ws/build/drspaam/build install --record /home/taras/thesis_ws/build/drspaam/install.log --single-version-externally-managed
[1.026s] running egg_info
[1.027s] writing ../../build/drspaam/drspaam.egg-info/PKG-INFO
[1.027s] writing dependency_links to ../../build/drspaam/drspaam.egg-info/dependency_links.txt
[1.027s] writing entry points to ../../build/drspaam/drspaam.egg-info/entry_points.txt
[1.027s] writing requirements to ../../build/drspaam/drspaam.egg-info/requires.txt
[1.027s] writing top-level names to ../../build/drspaam/drspaam.egg-info/top_level.txt
[1.029s] reading manifest file '../../build/drspaam/drspaam.egg-info/SOURCES.txt'
[1.031s] writing manifest file '../../build/drspaam/drspaam.egg-info/SOURCES.txt'
[1.031s] running build
[1.031s] running build_py
[1.032s] running install
[1.032s] running install_lib
[1.033s] running install_data
[1.034s] running install_egg_info
[1.035s] removing '/home/taras/thesis_ws/install/drspaam/lib/python3.10/site-packages/drspaam-1.0.0-py3.10.egg-info' (and everything under it)
[1.036s] Copying ../../build/drspaam/drspaam.egg-info to /home/taras/thesis_ws/install/drspaam/lib/python3.10/site-packages/drspaam-1.0.0-py3.10.egg-info
[1.037s] running install_scripts
[1.056s] Installing dr_spaam_node script to /home/taras/thesis_ws/install/drspaam/lib/drspaam
[1.057s] writing list of installed files to '/home/taras/thesis_ws/build/drspaam/install.log'
[1.090s] Invoked command in '/home/taras/thesis_ws/src/drspaam' returned '0': PYTHONPATH=/home/taras/thesis_ws/build/drspaam/prefix_override:/home/taras/thesis_ws/install/drspaam/lib/python3.10/site-packages:${PYTHONPATH} /usr/bin/python3 setup.py egg_info --egg-base ../../build/drspaam build --build-base /home/taras/thesis_ws/build/drspaam/build install --record /home/taras/thesis_ws/build/drspaam/install.log --single-version-externally-managed
