/home/taras/thesis_ws/install/drspaam/lib/python3.10/site-packages/drspaam/__init__.py
/home/taras/thesis_ws/install/drspaam/lib/python3.10/site-packages/drspaam/drspaam_node.py
/home/taras/thesis_ws/install/drspaam/lib/python3.10/site-packages/drspaam/data_streamer.py
/home/taras/thesis_ws/install/drspaam/lib/python3.10/site-packages/drspaam/centroid_tracker/kalmanfilter.py
/home/taras/thesis_ws/install/drspaam/lib/python3.10/site-packages/drspaam/centroid_tracker/centroidtracker.py
/home/taras/thesis_ws/install/drspaam/lib/python3.10/site-packages/drspaam/centroid_tracker/__init__.py
/home/taras/thesis_ws/install/drspaam/lib/python3.10/site-packages/drspaam/__pycache__/__init__.cpython-310.pyc
/home/taras/thesis_ws/install/drspaam/lib/python3.10/site-packages/drspaam/__pycache__/drspaam_node.cpython-310.pyc
/home/taras/thesis_ws/install/drspaam/lib/python3.10/site-packages/drspaam/__pycache__/data_streamer.cpython-310.pyc
/home/taras/thesis_ws/install/drspaam/lib/python3.10/site-packages/drspaam/centroid_tracker/__pycache__/kalmanfilter.cpython-310.pyc
/home/taras/thesis_ws/install/drspaam/lib/python3.10/site-packages/drspaam/centroid_tracker/__pycache__/centroidtracker.cpython-310.pyc
/home/taras/thesis_ws/install/drspaam/lib/python3.10/site-packages/drspaam/centroid_tracker/__pycache__/__init__.cpython-310.pyc
/home/taras/thesis_ws/install/drspaam/share/ament_index/resource_index/packages/drspaam
/home/taras/thesis_ws/install/drspaam/share/drspaam/package.xml
/home/taras/thesis_ws/install/drspaam/lib/python3.10/site-packages/drspaam-1.0.0-py3.10.egg-info/entry_points.txt
/home/taras/thesis_ws/install/drspaam/lib/python3.10/site-packages/drspaam-1.0.0-py3.10.egg-info/dependency_links.txt
/home/taras/thesis_ws/install/drspaam/lib/python3.10/site-packages/drspaam-1.0.0-py3.10.egg-info/PKG-INFO
/home/taras/thesis_ws/install/drspaam/lib/python3.10/site-packages/drspaam-1.0.0-py3.10.egg-info/zip-safe
/home/taras/thesis_ws/install/drspaam/lib/python3.10/site-packages/drspaam-1.0.0-py3.10.egg-info/requires.txt
/home/taras/thesis_ws/install/drspaam/lib/python3.10/site-packages/drspaam-1.0.0-py3.10.egg-info/top_level.txt
/home/taras/thesis_ws/install/drspaam/lib/python3.10/site-packages/drspaam-1.0.0-py3.10.egg-info/SOURCES.txt
/home/taras/thesis_ws/install/drspaam/lib/drspaam/data_streamer
/home/taras/thesis_ws/install/drspaam/lib/drspaam/dr_spaam_node
