[0.324s] [34mcolcon[0m [1;30mDEBUG[0m [32mCommand line arguments: ['/usr/bin/colcon', 'build'][0m
[0.324s] [34mcolcon[0m [1;30mDEBUG[0m [32mParsed command line arguments: Namespace(log_base=None, log_level=None, verb_name='build', build_base='build', install_base='install', merge_install=False, symlink_install=False, test_result_base=None, continue_on_error=False, executor='parallel', parallel_workers=16, event_handlers=None, ignore_user_meta=False, metas=['./colcon.meta'], base_paths=['.'], packages_ignore=None, packages_ignore_regex=None, paths=None, packages_up_to=None, packages_up_to_regex=None, packages_above=None, packages_above_and_dependencies=None, packages_above_depth=None, packages_select_by_dep=None, packages_skip_by_dep=None, packages_skip_up_to=None, packages_select_build_failed=False, packages_skip_build_finished=False, packages_select_test_failures=False, packages_skip_test_passed=False, packages_select=None, packages_skip=None, packages_select_regex=None, packages_skip_regex=None, packages_start=None, packages_end=None, allow_overriding=[], cmake_args=None, cmake_target=None, cmake_target_skip_unavailable=False, cmake_clean_cache=False, cmake_clean_first=False, cmake_force_configure=False, ament_cmake_args=None, catkin_cmake_args=None, catkin_skip_building_tests=False, verb_parser=<colcon_defaults.argument_parser.defaults.DefaultArgumentsDecorator object at 0x7f9406a1a080>, verb_extension=<colcon_core.verb.build.BuildVerb object at 0x7f9406a19b10>, main=<bound method BuildVerb.main of <colcon_core.verb.build.BuildVerb object at 0x7f9406a19b10>>)[0m
[0.344s] [34mcolcon.colcon_core.package_discovery[0m [1;30mLevel 1[0m discover_packages(colcon_meta) check parameters
[0.344s] [34mcolcon.colcon_core.package_discovery[0m [1;30mLevel 1[0m discover_packages(recursive) check parameters
[0.344s] [34mcolcon.colcon_core.package_discovery[0m [1;30mLevel 1[0m discover_packages(ignore) check parameters
[0.345s] [34mcolcon.colcon_core.package_discovery[0m [1;30mLevel 1[0m discover_packages(path) check parameters
[0.345s] [34mcolcon.colcon_core.package_discovery[0m [1;30mLevel 1[0m discover_packages(colcon_meta) discover
[0.345s] [34mcolcon.colcon_core.package_discovery[0m [1;30mLevel 1[0m discover_packages(recursive) discover
[0.345s] [34mcolcon.colcon_core.package_discovery[0m [1;30mINFO[0m Crawling recursively for packages in '/home/taras/thesis_ws'
[0.345s] [34mcolcon.colcon_core.package_identification[0m [1;30mLevel 1[0m _identify(.) by extensions ['ignore', 'ignore_ament_install']
[0.345s] [34mcolcon.colcon_core.package_identification[0m [1;30mLevel 1[0m _identify(.) by extension 'ignore'
[0.345s] [34mcolcon.colcon_core.package_identification[0m [1;30mLevel 1[0m _identify(.) by extension 'ignore_ament_install'
[0.345s] [34mcolcon.colcon_core.package_identification[0m [1;30mLevel 1[0m _identify(.) by extensions ['colcon_pkg']
[0.345s] [34mcolcon.colcon_core.package_identification[0m [1;30mLevel 1[0m _identify(.) by extension 'colcon_pkg'
[0.345s] [34mcolcon.colcon_core.package_identification[0m [1;30mLevel 1[0m _identify(.) by extensions ['colcon_meta']
[0.345s] [34mcolcon.colcon_core.package_identification[0m [1;30mLevel 1[0m _identify(.) by extension 'colcon_meta'
[0.345s] [34mcolcon.colcon_core.package_identification[0m [1;30mLevel 1[0m _identify(.) by extensions ['ros']
[0.345s] [34mcolcon.colcon_core.package_identification[0m [1;30mLevel 1[0m _identify(.) by extension 'ros'
[0.353s] [34mcolcon.colcon_core.package_identification[0m [1;30mLevel 1[0m _identify(.) by extensions ['cmake', 'python']
[0.354s] [34mcolcon.colcon_core.package_identification[0m [1;30mLevel 1[0m _identify(.) by extension 'cmake'
[0.354s] [34mcolcon.colcon_core.package_identification[0m [1;30mLevel 1[0m _identify(.) by extension 'python'
[0.354s] [34mcolcon.colcon_core.package_identification[0m [1;30mLevel 1[0m _identify(.) by extensions ['python_setup_py']
[0.354s] [34mcolcon.colcon_core.package_identification[0m [1;30mLevel 1[0m _identify(.) by extension 'python_setup_py'
[0.354s] [34mcolcon.colcon_core.package_identification[0m [1;30mLevel 1[0m _identify(build) by extensions ['ignore', 'ignore_ament_install']
[0.354s] [34mcolcon.colcon_core.package_identification[0m [1;30mLevel 1[0m _identify(build) by extension 'ignore'
[0.354s] [34mcolcon.colcon_core.package_identification[0m [1;30mLevel 1[0m _identify(build) ignored
[0.354s] [34mcolcon.colcon_core.package_identification[0m [1;30mLevel 1[0m _identify(install) by extensions ['ignore', 'ignore_ament_install']
[0.354s] [34mcolcon.colcon_core.package_identification[0m [1;30mLevel 1[0m _identify(install) by extension 'ignore'
[0.354s] [34mcolcon.colcon_core.package_identification[0m [1;30mLevel 1[0m _identify(install) ignored
[0.355s] [34mcolcon.colcon_core.package_identification[0m [1;30mLevel 1[0m _identify(log) by extensions ['ignore', 'ignore_ament_install']
[0.355s] [34mcolcon.colcon_core.package_identification[0m [1;30mLevel 1[0m _identify(log) by extension 'ignore'
[0.355s] [34mcolcon.colcon_core.package_identification[0m [1;30mLevel 1[0m _identify(log) ignored
[0.355s] [34mcolcon.colcon_core.package_identification[0m [1;30mLevel 1[0m _identify(models) by extensions ['ignore', 'ignore_ament_install']
[0.355s] [34mcolcon.colcon_core.package_identification[0m [1;30mLevel 1[0m _identify(models) by extension 'ignore'
[0.355s] [34mcolcon.colcon_core.package_identification[0m [1;30mLevel 1[0m _identify(models) by extension 'ignore_ament_install'
[0.355s] [34mcolcon.colcon_core.package_identification[0m [1;30mLevel 1[0m _identify(models) by extensions ['colcon_pkg']
[0.355s] [34mcolcon.colcon_core.package_identification[0m [1;30mLevel 1[0m _identify(models) by extension 'colcon_pkg'
[0.355s] [34mcolcon.colcon_core.package_identification[0m [1;30mLevel 1[0m _identify(models) by extensions ['colcon_meta']
[0.355s] [34mcolcon.colcon_core.package_identification[0m [1;30mLevel 1[0m _identify(models) by extension 'colcon_meta'
[0.355s] [34mcolcon.colcon_core.package_identification[0m [1;30mLevel 1[0m _identify(models) by extensions ['ros']
[0.355s] [34mcolcon.colcon_core.package_identification[0m [1;30mLevel 1[0m _identify(models) by extension 'ros'
[0.355s] [34mcolcon.colcon_core.package_identification[0m [1;30mLevel 1[0m _identify(models) by extensions ['cmake', 'python']
[0.355s] [34mcolcon.colcon_core.package_identification[0m [1;30mLevel 1[0m _identify(models) by extension 'cmake'
[0.355s] [34mcolcon.colcon_core.package_identification[0m [1;30mLevel 1[0m _identify(models) by extension 'python'
[0.355s] [34mcolcon.colcon_core.package_identification[0m [1;30mLevel 1[0m _identify(models) by extensions ['python_setup_py']
[0.355s] [34mcolcon.colcon_core.package_identification[0m [1;30mLevel 1[0m _identify(models) by extension 'python_setup_py'
[0.356s] [34mcolcon.colcon_core.package_identification[0m [1;30mLevel 1[0m _identify(models/__pycache__) by extensions ['ignore', 'ignore_ament_install']
[0.356s] [34mcolcon.colcon_core.package_identification[0m [1;30mLevel 1[0m _identify(models/__pycache__) by extension 'ignore'
[0.356s] [34mcolcon.colcon_core.package_identification[0m [1;30mLevel 1[0m _identify(models/__pycache__) by extension 'ignore_ament_install'
[0.356s] [34mcolcon.colcon_core.package_identification[0m [1;30mLevel 1[0m _identify(models/__pycache__) by extensions ['colcon_pkg']
[0.356s] [34mcolcon.colcon_core.package_identification[0m [1;30mLevel 1[0m _identify(models/__pycache__) by extension 'colcon_pkg'
[0.356s] [34mcolcon.colcon_core.package_identification[0m [1;30mLevel 1[0m _identify(models/__pycache__) by extensions ['colcon_meta']
[0.356s] [34mcolcon.colcon_core.package_identification[0m [1;30mLevel 1[0m _identify(models/__pycache__) by extension 'colcon_meta'
[0.356s] [34mcolcon.colcon_core.package_identification[0m [1;30mLevel 1[0m _identify(models/__pycache__) by extensions ['ros']
[0.356s] [34mcolcon.colcon_core.package_identification[0m [1;30mLevel 1[0m _identify(models/__pycache__) by extension 'ros'
[0.356s] [34mcolcon.colcon_core.package_identification[0m [1;30mLevel 1[0m _identify(models/__pycache__) by extensions ['cmake', 'python']
[0.356s] [34mcolcon.colcon_core.package_identification[0m [1;30mLevel 1[0m _identify(models/__pycache__) by extension 'cmake'
[0.356s] [34mcolcon.colcon_core.package_identification[0m [1;30mLevel 1[0m _identify(models/__pycache__) by extension 'python'
[0.356s] [34mcolcon.colcon_core.package_identification[0m [1;30mLevel 1[0m _identify(models/__pycache__) by extensions ['python_setup_py']
[0.356s] [34mcolcon.colcon_core.package_identification[0m [1;30mLevel 1[0m _identify(models/__pycache__) by extension 'python_setup_py'
[0.356s] [34mcolcon.colcon_core.package_identification[0m [1;30mLevel 1[0m _identify(src) by extensions ['ignore', 'ignore_ament_install']
[0.356s] [34mcolcon.colcon_core.package_identification[0m [1;30mLevel 1[0m _identify(src) by extension 'ignore'
[0.356s] [34mcolcon.colcon_core.package_identification[0m [1;30mLevel 1[0m _identify(src) by extension 'ignore_ament_install'
[0.356s] [34mcolcon.colcon_core.package_identification[0m [1;30mLevel 1[0m _identify(src) by extensions ['colcon_pkg']
[0.356s] [34mcolcon.colcon_core.package_identification[0m [1;30mLevel 1[0m _identify(src) by extension 'colcon_pkg'
[0.357s] [34mcolcon.colcon_core.package_identification[0m [1;30mLevel 1[0m _identify(src) by extensions ['colcon_meta']
[0.357s] [34mcolcon.colcon_core.package_identification[0m [1;30mLevel 1[0m _identify(src) by extension 'colcon_meta'
[0.357s] [34mcolcon.colcon_core.package_identification[0m [1;30mLevel 1[0m _identify(src) by extensions ['ros']
[0.357s] [34mcolcon.colcon_core.package_identification[0m [1;30mLevel 1[0m _identify(src) by extension 'ros'
[0.357s] [34mcolcon.colcon_core.package_identification[0m [1;30mLevel 1[0m _identify(src) by extensions ['cmake', 'python']
[0.357s] [34mcolcon.colcon_core.package_identification[0m [1;30mLevel 1[0m _identify(src) by extension 'cmake'
[0.357s] [34mcolcon.colcon_core.package_identification[0m [1;30mLevel 1[0m _identify(src) by extension 'python'
[0.357s] [34mcolcon.colcon_core.package_identification[0m [1;30mLevel 1[0m _identify(src) by extensions ['python_setup_py']
[0.357s] [34mcolcon.colcon_core.package_identification[0m [1;30mLevel 1[0m _identify(src) by extension 'python_setup_py'
[0.357s] [34mcolcon.colcon_core.package_identification[0m [1;30mLevel 1[0m _identify(src/custom_interfaces) by extensions ['ignore', 'ignore_ament_install']
[0.357s] [34mcolcon.colcon_core.package_identification[0m [1;30mLevel 1[0m _identify(src/custom_interfaces) by extension 'ignore'
[0.357s] [34mcolcon.colcon_core.package_identification[0m [1;30mLevel 1[0m _identify(src/custom_interfaces) by extension 'ignore_ament_install'
[0.357s] [34mcolcon.colcon_core.package_identification[0m [1;30mLevel 1[0m _identify(src/custom_interfaces) by extensions ['colcon_pkg']
[0.357s] [34mcolcon.colcon_core.package_identification[0m [1;30mLevel 1[0m _identify(src/custom_interfaces) by extension 'colcon_pkg'
[0.357s] [34mcolcon.colcon_core.package_identification[0m [1;30mLevel 1[0m _identify(src/custom_interfaces) by extensions ['colcon_meta']
[0.357s] [34mcolcon.colcon_core.package_identification[0m [1;30mLevel 1[0m _identify(src/custom_interfaces) by extension 'colcon_meta'
[0.357s] [34mcolcon.colcon_core.package_identification[0m [1;30mLevel 1[0m _identify(src/custom_interfaces) by extensions ['ros']
[0.357s] [34mcolcon.colcon_core.package_identification[0m [1;30mLevel 1[0m _identify(src/custom_interfaces) by extension 'ros'
[0.359s] [34mcolcon.colcon_core.package_identification[0m [1;30mDEBUG[0m [32mPackage 'src/custom_interfaces' with type 'ros.ament_cmake' and name 'custom_interfaces'[0m
[0.359s] [34mcolcon.colcon_core.package_identification[0m [1;30mLevel 1[0m _identify(src/drspaam) by extensions ['ignore', 'ignore_ament_install']
[0.359s] [34mcolcon.colcon_core.package_identification[0m [1;30mLevel 1[0m _identify(src/drspaam) by extension 'ignore'
[0.359s] [34mcolcon.colcon_core.package_identification[0m [1;30mLevel 1[0m _identify(src/drspaam) by extension 'ignore_ament_install'
[0.359s] [34mcolcon.colcon_core.package_identification[0m [1;30mLevel 1[0m _identify(src/drspaam) by extensions ['colcon_pkg']
[0.359s] [34mcolcon.colcon_core.package_identification[0m [1;30mLevel 1[0m _identify(src/drspaam) by extension 'colcon_pkg'
[0.360s] [34mcolcon.colcon_core.package_identification[0m [1;30mLevel 1[0m _identify(src/drspaam) by extensions ['colcon_meta']
[0.360s] [34mcolcon.colcon_core.package_identification[0m [1;30mLevel 1[0m _identify(src/drspaam) by extension 'colcon_meta'
[0.360s] [34mcolcon.colcon_core.package_identification[0m [1;30mLevel 1[0m _identify(src/drspaam) by extensions ['ros']
[0.360s] [34mcolcon.colcon_core.package_identification[0m [1;30mLevel 1[0m _identify(src/drspaam) by extension 'ros'
[0.360s] [34mcolcon.colcon_core.package_identification[0m [1;30mDEBUG[0m [32mPackage 'src/drspaam' with type 'ros.ament_python' and name 'drspaam'[0m
[0.360s] [34mcolcon.colcon_core.package_identification[0m [1;30mLevel 1[0m _identify(src/tracker_pkg) by extensions ['ignore', 'ignore_ament_install']
[0.360s] [34mcolcon.colcon_core.package_identification[0m [1;30mLevel 1[0m _identify(src/tracker_pkg) by extension 'ignore'
[0.360s] [34mcolcon.colcon_core.package_identification[0m [1;30mLevel 1[0m _identify(src/tracker_pkg) by extension 'ignore_ament_install'
[0.361s] [34mcolcon.colcon_core.package_identification[0m [1;30mLevel 1[0m _identify(src/tracker_pkg) by extensions ['colcon_pkg']
[0.361s] [34mcolcon.colcon_core.package_identification[0m [1;30mLevel 1[0m _identify(src/tracker_pkg) by extension 'colcon_pkg'
[0.361s] [34mcolcon.colcon_core.package_identification[0m [1;30mLevel 1[0m _identify(src/tracker_pkg) by extensions ['colcon_meta']
[0.361s] [34mcolcon.colcon_core.package_identification[0m [1;30mLevel 1[0m _identify(src/tracker_pkg) by extension 'colcon_meta'
[0.361s] [34mcolcon.colcon_core.package_identification[0m [1;30mLevel 1[0m _identify(src/tracker_pkg) by extensions ['ros']
[0.361s] [34mcolcon.colcon_core.package_identification[0m [1;30mLevel 1[0m _identify(src/tracker_pkg) by extension 'ros'
[0.361s] [34mcolcon.colcon_core.package_identification[0m [1;30mDEBUG[0m [32mPackage 'src/tracker_pkg' with type 'ros.ament_python' and name 'tracker_pkg'[0m
[0.361s] [34mcolcon.colcon_core.package_identification[0m [1;30mLevel 1[0m _identify(src/yolo_pose_ros) by extensions ['ignore', 'ignore_ament_install']
[0.361s] [34mcolcon.colcon_core.package_identification[0m [1;30mLevel 1[0m _identify(src/yolo_pose_ros) by extension 'ignore'
[0.361s] [34mcolcon.colcon_core.package_identification[0m [1;30mLevel 1[0m _identify(src/yolo_pose_ros) by extension 'ignore_ament_install'
[0.362s] [34mcolcon.colcon_core.package_identification[0m [1;30mLevel 1[0m _identify(src/yolo_pose_ros) by extensions ['colcon_pkg']
[0.362s] [34mcolcon.colcon_core.package_identification[0m [1;30mLevel 1[0m _identify(src/yolo_pose_ros) by extension 'colcon_pkg'
[0.362s] [34mcolcon.colcon_core.package_identification[0m [1;30mLevel 1[0m _identify(src/yolo_pose_ros) by extensions ['colcon_meta']
[0.362s] [34mcolcon.colcon_core.package_identification[0m [1;30mLevel 1[0m _identify(src/yolo_pose_ros) by extension 'colcon_meta'
[0.362s] [34mcolcon.colcon_core.package_identification[0m [1;30mLevel 1[0m _identify(src/yolo_pose_ros) by extensions ['ros']
[0.362s] [34mcolcon.colcon_core.package_identification[0m [1;30mLevel 1[0m _identify(src/yolo_pose_ros) by extension 'ros'
[0.362s] [34mcolcon.colcon_core.package_identification[0m [1;30mDEBUG[0m [32mPackage 'src/yolo_pose_ros' with type 'ros.ament_python' and name 'yolo_pose_ros'[0m
[0.362s] [34mcolcon.colcon_core.package_identification[0m [1;30mLevel 1[0m _identify(weights) by extensions ['ignore', 'ignore_ament_install']
[0.363s] [34mcolcon.colcon_core.package_identification[0m [1;30mLevel 1[0m _identify(weights) by extension 'ignore'
[0.363s] [34mcolcon.colcon_core.package_identification[0m [1;30mLevel 1[0m _identify(weights) by extension 'ignore_ament_install'
[0.363s] [34mcolcon.colcon_core.package_identification[0m [1;30mLevel 1[0m _identify(weights) by extensions ['colcon_pkg']
[0.363s] [34mcolcon.colcon_core.package_identification[0m [1;30mLevel 1[0m _identify(weights) by extension 'colcon_pkg'
[0.363s] [34mcolcon.colcon_core.package_identification[0m [1;30mLevel 1[0m _identify(weights) by extensions ['colcon_meta']
[0.363s] [34mcolcon.colcon_core.package_identification[0m [1;30mLevel 1[0m _identify(weights) by extension 'colcon_meta'
[0.363s] [34mcolcon.colcon_core.package_identification[0m [1;30mLevel 1[0m _identify(weights) by extensions ['ros']
[0.363s] [34mcolcon.colcon_core.package_identification[0m [1;30mLevel 1[0m _identify(weights) by extension 'ros'
[0.363s] [34mcolcon.colcon_core.package_identification[0m [1;30mLevel 1[0m _identify(weights) by extensions ['cmake', 'python']
[0.363s] [34mcolcon.colcon_core.package_identification[0m [1;30mLevel 1[0m _identify(weights) by extension 'cmake'
[0.363s] [34mcolcon.colcon_core.package_identification[0m [1;30mLevel 1[0m _identify(weights) by extension 'python'
[0.363s] [34mcolcon.colcon_core.package_identification[0m [1;30mLevel 1[0m _identify(weights) by extensions ['python_setup_py']
[0.363s] [34mcolcon.colcon_core.package_identification[0m [1;30mLevel 1[0m _identify(weights) by extension 'python_setup_py'
[0.363s] [34mcolcon.colcon_core.package_identification[0m [1;30mLevel 1[0m _identify(weights/dr-spaam) by extensions ['ignore', 'ignore_ament_install']
[0.363s] [34mcolcon.colcon_core.package_identification[0m [1;30mLevel 1[0m _identify(weights/dr-spaam) by extension 'ignore'
[0.363s] [34mcolcon.colcon_core.package_identification[0m [1;30mLevel 1[0m _identify(weights/dr-spaam) by extension 'ignore_ament_install'
[0.363s] [34mcolcon.colcon_core.package_identification[0m [1;30mLevel 1[0m _identify(weights/dr-spaam) by extensions ['colcon_pkg']
[0.363s] [34mcolcon.colcon_core.package_identification[0m [1;30mLevel 1[0m _identify(weights/dr-spaam) by extension 'colcon_pkg'
[0.363s] [34mcolcon.colcon_core.package_identification[0m [1;30mLevel 1[0m _identify(weights/dr-spaam) by extensions ['colcon_meta']
[0.363s] [34mcolcon.colcon_core.package_identification[0m [1;30mLevel 1[0m _identify(weights/dr-spaam) by extension 'colcon_meta'
[0.364s] [34mcolcon.colcon_core.package_identification[0m [1;30mLevel 1[0m _identify(weights/dr-spaam) by extensions ['ros']
[0.364s] [34mcolcon.colcon_core.package_identification[0m [1;30mLevel 1[0m _identify(weights/dr-spaam) by extension 'ros'
[0.364s] [34mcolcon.colcon_core.package_identification[0m [1;30mLevel 1[0m _identify(weights/dr-spaam) by extensions ['cmake', 'python']
[0.364s] [34mcolcon.colcon_core.package_identification[0m [1;30mLevel 1[0m _identify(weights/dr-spaam) by extension 'cmake'
[0.364s] [34mcolcon.colcon_core.package_identification[0m [1;30mLevel 1[0m _identify(weights/dr-spaam) by extension 'python'
[0.364s] [34mcolcon.colcon_core.package_identification[0m [1;30mLevel 1[0m _identify(weights/dr-spaam) by extensions ['python_setup_py']
[0.364s] [34mcolcon.colcon_core.package_identification[0m [1;30mLevel 1[0m _identify(weights/dr-spaam) by extension 'python_setup_py'
[0.364s] [34mcolcon.colcon_core.package_identification[0m [1;30mLevel 1[0m _identify(weights/yolo-pose) by extensions ['ignore', 'ignore_ament_install']
[0.364s] [34mcolcon.colcon_core.package_identification[0m [1;30mLevel 1[0m _identify(weights/yolo-pose) by extension 'ignore'
[0.364s] [34mcolcon.colcon_core.package_identification[0m [1;30mLevel 1[0m _identify(weights/yolo-pose) by extension 'ignore_ament_install'
[0.364s] [34mcolcon.colcon_core.package_identification[0m [1;30mLevel 1[0m _identify(weights/yolo-pose) by extensions ['colcon_pkg']
[0.364s] [34mcolcon.colcon_core.package_identification[0m [1;30mLevel 1[0m _identify(weights/yolo-pose) by extension 'colcon_pkg'
[0.364s] [34mcolcon.colcon_core.package_identification[0m [1;30mLevel 1[0m _identify(weights/yolo-pose) by extensions ['colcon_meta']
[0.364s] [34mcolcon.colcon_core.package_identification[0m [1;30mLevel 1[0m _identify(weights/yolo-pose) by extension 'colcon_meta'
[0.364s] [34mcolcon.colcon_core.package_identification[0m [1;30mLevel 1[0m _identify(weights/yolo-pose) by extensions ['ros']
[0.364s] [34mcolcon.colcon_core.package_identification[0m [1;30mLevel 1[0m _identify(weights/yolo-pose) by extension 'ros'
[0.364s] [34mcolcon.colcon_core.package_identification[0m [1;30mLevel 1[0m _identify(weights/yolo-pose) by extensions ['cmake', 'python']
[0.364s] [34mcolcon.colcon_core.package_identification[0m [1;30mLevel 1[0m _identify(weights/yolo-pose) by extension 'cmake'
[0.364s] [34mcolcon.colcon_core.package_identification[0m [1;30mLevel 1[0m _identify(weights/yolo-pose) by extension 'python'
[0.364s] [34mcolcon.colcon_core.package_identification[0m [1;30mLevel 1[0m _identify(weights/yolo-pose) by extensions ['python_setup_py']
[0.365s] [34mcolcon.colcon_core.package_identification[0m [1;30mLevel 1[0m _identify(weights/yolo-pose) by extension 'python_setup_py'
[0.365s] [34mcolcon.colcon_core.package_discovery[0m [1;30mLevel 1[0m discover_packages(recursive) using defaults
[0.365s] [34mcolcon.colcon_core.package_discovery[0m [1;30mLevel 1[0m discover_packages(ignore) discover
[0.365s] [34mcolcon.colcon_core.package_discovery[0m [1;30mLevel 1[0m discover_packages(ignore) using defaults
[0.365s] [34mcolcon.colcon_core.package_discovery[0m [1;30mLevel 1[0m discover_packages(path) discover
[0.365s] [34mcolcon.colcon_core.package_discovery[0m [1;30mLevel 1[0m discover_packages(path) using defaults
[0.383s] [34mcolcon.colcon_core.package_discovery[0m [1;30mLevel 1[0m discover_packages(prefix_path) check parameters
[0.383s] [34mcolcon.colcon_core.package_discovery[0m [1;30mLevel 1[0m discover_packages(prefix_path) discover
[0.387s] [34mcolcon.colcon_installed_package_information.package_discovery[0m [1;30mDEBUG[0m [32mFound 4 installed packages in /home/taras/thesis_ws/install[0m
[0.389s] [34mcolcon.colcon_installed_package_information.package_discovery[0m [1;30mDEBUG[0m [32mFound 79 installed packages in /home/taras/seasony/lewis/install[0m
[0.391s] [34mcolcon.colcon_installed_package_information.package_discovery[0m [1;30mDEBUG[0m [32mFound 295 installed packages in /opt/ros/humble[0m
[0.392s] [34mcolcon.colcon_core.package_discovery[0m [1;30mLevel 1[0m discover_packages(prefix_path) using defaults
[0.441s] [34mcolcon.colcon_core.verb[0m [1;30mLevel 5[0m set package 'custom_interfaces' build argument 'cmake_args' from command line to 'None'
[0.441s] [34mcolcon.colcon_core.verb[0m [1;30mLevel 5[0m set package 'custom_interfaces' build argument 'cmake_target' from command line to 'None'
[0.441s] [34mcolcon.colcon_core.verb[0m [1;30mLevel 5[0m set package 'custom_interfaces' build argument 'cmake_target_skip_unavailable' from command line to 'False'
[0.441s] [34mcolcon.colcon_core.verb[0m [1;30mLevel 5[0m set package 'custom_interfaces' build argument 'cmake_clean_cache' from command line to 'False'
[0.441s] [34mcolcon.colcon_core.verb[0m [1;30mLevel 5[0m set package 'custom_interfaces' build argument 'cmake_clean_first' from command line to 'False'
[0.441s] [34mcolcon.colcon_core.verb[0m [1;30mLevel 5[0m set package 'custom_interfaces' build argument 'cmake_force_configure' from command line to 'False'
[0.441s] [34mcolcon.colcon_core.verb[0m [1;30mLevel 5[0m set package 'custom_interfaces' build argument 'ament_cmake_args' from command line to 'None'
[0.441s] [34mcolcon.colcon_core.verb[0m [1;30mLevel 5[0m set package 'custom_interfaces' build argument 'catkin_cmake_args' from command line to 'None'
[0.441s] [34mcolcon.colcon_core.verb[0m [1;30mLevel 5[0m set package 'custom_interfaces' build argument 'catkin_skip_building_tests' from command line to 'False'
[0.441s] [34mcolcon.colcon_core.verb[0m [1;30mDEBUG[0m [32mBuilding package 'custom_interfaces' with the following arguments: {'ament_cmake_args': None, 'build_base': '/home/taras/thesis_ws/build/custom_interfaces', 'catkin_cmake_args': None, 'catkin_skip_building_tests': False, 'cmake_args': None, 'cmake_clean_cache': False, 'cmake_clean_first': False, 'cmake_force_configure': False, 'cmake_target': None, 'cmake_target_skip_unavailable': False, 'install_base': '/home/taras/thesis_ws/install/custom_interfaces', 'merge_install': False, 'path': '/home/taras/thesis_ws/src/custom_interfaces', 'symlink_install': False, 'test_result_base': None}[0m
[0.442s] [34mcolcon.colcon_core.verb[0m [1;30mLevel 5[0m set package 'drspaam' build argument 'cmake_args' from command line to 'None'
[0.442s] [34mcolcon.colcon_core.verb[0m [1;30mLevel 5[0m set package 'drspaam' build argument 'cmake_target' from command line to 'None'
[0.442s] [34mcolcon.colcon_core.verb[0m [1;30mLevel 5[0m set package 'drspaam' build argument 'cmake_target_skip_unavailable' from command line to 'False'
[0.442s] [34mcolcon.colcon_core.verb[0m [1;30mLevel 5[0m set package 'drspaam' build argument 'cmake_clean_cache' from command line to 'False'
[0.442s] [34mcolcon.colcon_core.verb[0m [1;30mLevel 5[0m set package 'drspaam' build argument 'cmake_clean_first' from command line to 'False'
[0.442s] [34mcolcon.colcon_core.verb[0m [1;30mLevel 5[0m set package 'drspaam' build argument 'cmake_force_configure' from command line to 'False'
[0.442s] [34mcolcon.colcon_core.verb[0m [1;30mLevel 5[0m set package 'drspaam' build argument 'ament_cmake_args' from command line to 'None'
[0.442s] [34mcolcon.colcon_core.verb[0m [1;30mLevel 5[0m set package 'drspaam' build argument 'catkin_cmake_args' from command line to 'None'
[0.442s] [34mcolcon.colcon_core.verb[0m [1;30mLevel 5[0m set package 'drspaam' build argument 'catkin_skip_building_tests' from command line to 'False'
[0.443s] [34mcolcon.colcon_core.verb[0m [1;30mDEBUG[0m [32mBuilding package 'drspaam' with the following arguments: {'ament_cmake_args': None, 'build_base': '/home/taras/thesis_ws/build/drspaam', 'catkin_cmake_args': None, 'catkin_skip_building_tests': False, 'cmake_args': None, 'cmake_clean_cache': False, 'cmake_clean_first': False, 'cmake_force_configure': False, 'cmake_target': None, 'cmake_target_skip_unavailable': False, 'install_base': '/home/taras/thesis_ws/install/drspaam', 'merge_install': False, 'path': '/home/taras/thesis_ws/src/drspaam', 'symlink_install': False, 'test_result_base': None}[0m
[0.443s] [34mcolcon.colcon_core.verb[0m [1;30mLevel 5[0m set package 'tracker_pkg' build argument 'cmake_args' from command line to 'None'
[0.443s] [34mcolcon.colcon_core.verb[0m [1;30mLevel 5[0m set package 'tracker_pkg' build argument 'cmake_target' from command line to 'None'
[0.443s] [34mcolcon.colcon_core.verb[0m [1;30mLevel 5[0m set package 'tracker_pkg' build argument 'cmake_target_skip_unavailable' from command line to 'False'
[0.443s] [34mcolcon.colcon_core.verb[0m [1;30mLevel 5[0m set package 'tracker_pkg' build argument 'cmake_clean_cache' from command line to 'False'
[0.443s] [34mcolcon.colcon_core.verb[0m [1;30mLevel 5[0m set package 'tracker_pkg' build argument 'cmake_clean_first' from command line to 'False'
[0.444s] [34mcolcon.colcon_core.verb[0m [1;30mLevel 5[0m set package 'tracker_pkg' build argument 'cmake_force_configure' from command line to 'False'
[0.444s] [34mcolcon.colcon_core.verb[0m [1;30mLevel 5[0m set package 'tracker_pkg' build argument 'ament_cmake_args' from command line to 'None'
[0.444s] [34mcolcon.colcon_core.verb[0m [1;30mLevel 5[0m set package 'tracker_pkg' build argument 'catkin_cmake_args' from command line to 'None'
[0.444s] [34mcolcon.colcon_core.verb[0m [1;30mLevel 5[0m set package 'tracker_pkg' build argument 'catkin_skip_building_tests' from command line to 'False'
[0.444s] [34mcolcon.colcon_core.verb[0m [1;30mDEBUG[0m [32mBuilding package 'tracker_pkg' with the following arguments: {'ament_cmake_args': None, 'build_base': '/home/taras/thesis_ws/build/tracker_pkg', 'catkin_cmake_args': None, 'catkin_skip_building_tests': False, 'cmake_args': None, 'cmake_clean_cache': False, 'cmake_clean_first': False, 'cmake_force_configure': False, 'cmake_target': None, 'cmake_target_skip_unavailable': False, 'install_base': '/home/taras/thesis_ws/install/tracker_pkg', 'merge_install': False, 'path': '/home/taras/thesis_ws/src/tracker_pkg', 'symlink_install': False, 'test_result_base': None}[0m
[0.445s] [34mcolcon.colcon_core.verb[0m [1;30mLevel 5[0m set package 'yolo_pose_ros' build argument 'cmake_args' from command line to 'None'
[0.445s] [34mcolcon.colcon_core.verb[0m [1;30mLevel 5[0m set package 'yolo_pose_ros' build argument 'cmake_target' from command line to 'None'
[0.445s] [34mcolcon.colcon_core.verb[0m [1;30mLevel 5[0m set package 'yolo_pose_ros' build argument 'cmake_target_skip_unavailable' from command line to 'False'
[0.445s] [34mcolcon.colcon_core.verb[0m [1;30mLevel 5[0m set package 'yolo_pose_ros' build argument 'cmake_clean_cache' from command line to 'False'
[0.445s] [34mcolcon.colcon_core.verb[0m [1;30mLevel 5[0m set package 'yolo_pose_ros' build argument 'cmake_clean_first' from command line to 'False'
[0.445s] [34mcolcon.colcon_core.verb[0m [1;30mLevel 5[0m set package 'yolo_pose_ros' build argument 'cmake_force_configure' from command line to 'False'
[0.445s] [34mcolcon.colcon_core.verb[0m [1;30mLevel 5[0m set package 'yolo_pose_ros' build argument 'ament_cmake_args' from command line to 'None'
[0.445s] [34mcolcon.colcon_core.verb[0m [1;30mLevel 5[0m set package 'yolo_pose_ros' build argument 'catkin_cmake_args' from command line to 'None'
[0.445s] [34mcolcon.colcon_core.verb[0m [1;30mLevel 5[0m set package 'yolo_pose_ros' build argument 'catkin_skip_building_tests' from command line to 'False'
[0.445s] [34mcolcon.colcon_core.verb[0m [1;30mDEBUG[0m [32mBuilding package 'yolo_pose_ros' with the following arguments: {'ament_cmake_args': None, 'build_base': '/home/taras/thesis_ws/build/yolo_pose_ros', 'catkin_cmake_args': None, 'catkin_skip_building_tests': False, 'cmake_args': None, 'cmake_clean_cache': False, 'cmake_clean_first': False, 'cmake_force_configure': False, 'cmake_target': None, 'cmake_target_skip_unavailable': False, 'install_base': '/home/taras/thesis_ws/install/yolo_pose_ros', 'merge_install': False, 'path': '/home/taras/thesis_ws/src/yolo_pose_ros', 'symlink_install': False, 'test_result_base': None}[0m
[0.445s] [34mcolcon.colcon_core.executor[0m [1;30mINFO[0m Executing jobs using 'parallel' executor
[0.449s] [34mcolcon.colcon_parallel_executor.executor.parallel[0m [1;30mDEBUG[0m [32mrun_until_complete[0m
[0.449s] [34mcolcon.colcon_ros.task.ament_cmake.build[0m [1;30mINFO[0m Building ROS package in '/home/taras/thesis_ws/src/custom_interfaces' with build type 'ament_cmake'
[0.449s] [34mcolcon.colcon_cmake.task.cmake.build[0m [1;30mINFO[0m Building CMake package in '/home/taras/thesis_ws/src/custom_interfaces'
[0.454s] [34mcolcon.colcon_core.plugin_system[0m [1;30mINFO[0m Skipping extension 'colcon_core.shell.bat': Not used on non-Windows systems
[0.454s] [34mcolcon.colcon_core.shell[0m [1;30mINFO[0m Skip shell extension 'powershell' for command environment: Not usable outside of PowerShell
[0.454s] [34mcolcon.colcon_core.shell[0m [1;30mDEBUG[0m [32mSkip shell extension 'dsv' for command environment[0m
[0.462s] [34mcolcon.colcon_ros.task.ament_python.build[0m [1;30mINFO[0m Building ROS package in '/home/taras/thesis_ws/src/drspaam' with build type 'ament_python'
[0.462s] [34mcolcon.colcon_core.shell[0m [1;30mLevel 1[0m create_environment_hook('drspaam', 'ament_prefix_path')
[0.463s] [34mcolcon.colcon_core.shell[0m [1;30mINFO[0m Creating environment hook '/home/taras/thesis_ws/install/drspaam/share/drspaam/hook/ament_prefix_path.ps1'
[0.464s] [34mcolcon.colcon_core.shell[0m [1;30mINFO[0m Creating environment descriptor '/home/taras/thesis_ws/install/drspaam/share/drspaam/hook/ament_prefix_path.dsv'
[0.465s] [34mcolcon.colcon_core.shell[0m [1;30mINFO[0m Creating environment hook '/home/taras/thesis_ws/install/drspaam/share/drspaam/hook/ament_prefix_path.sh'
[0.466s] [34mcolcon.colcon_core.shell[0m [1;30mINFO[0m Skip shell extension 'powershell' for command environment: Not usable outside of PowerShell
[0.466s] [34mcolcon.colcon_core.shell[0m [1;30mDEBUG[0m [32mSkip shell extension 'dsv' for command environment[0m
[0.474s] [34mcolcon.colcon_ros.task.ament_python.build[0m [1;30mINFO[0m Building ROS package in '/home/taras/thesis_ws/src/tracker_pkg' with build type 'ament_python'
[0.474s] [34mcolcon.colcon_core.shell[0m [1;30mLevel 1[0m create_environment_hook('tracker_pkg', 'ament_prefix_path')
[0.475s] [34mcolcon.colcon_core.shell[0m [1;30mINFO[0m Creating environment hook '/home/taras/thesis_ws/install/tracker_pkg/share/tracker_pkg/hook/ament_prefix_path.ps1'
[0.476s] [34mcolcon.colcon_core.shell[0m [1;30mINFO[0m Creating environment descriptor '/home/taras/thesis_ws/install/tracker_pkg/share/tracker_pkg/hook/ament_prefix_path.dsv'
[0.476s] [34mcolcon.colcon_core.shell[0m [1;30mINFO[0m Creating environment hook '/home/taras/thesis_ws/install/tracker_pkg/share/tracker_pkg/hook/ament_prefix_path.sh'
[0.478s] [34mcolcon.colcon_core.shell[0m [1;30mINFO[0m Skip shell extension 'powershell' for command environment: Not usable outside of PowerShell
[0.478s] [34mcolcon.colcon_core.shell[0m [1;30mDEBUG[0m [32mSkip shell extension 'dsv' for command environment[0m
[0.492s] [34mcolcon.colcon_core.event_handler.log_command[0m [1;30mDEBUG[0m [32mInvoking command in '/home/taras/thesis_ws/build/custom_interfaces': CMAKE_PREFIX_PATH=${CMAKE_PREFIX_PATH}:/home/taras/seasony/lewis/install/robot_navigation:/home/taras/seasony/lewis/install/sensor_stream_pkg:/home/taras/seasony/lewis/install/robot_teleop:/home/taras/seasony/lewis/install/robot_spawner:/home/taras/seasony/lewis/install/robot_data:/home/taras/seasony/lewis/install/robot_agent:/home/taras/seasony/lewis/install/robot_behavior2:/home/taras/seasony/lewis/install/robot_battery:/home/taras/seasony/lewis/install/robot_bag_recorder:/home/taras/seasony/lewis/install/orgb_led_manager:/home/taras/seasony/lewis/install/nav2_simple_commander:/home/taras/seasony/lewis/install/locations:/home/taras/seasony/lewis/install/lewis_sound_manager:/home/taras/seasony/lewis/install/lewis_simple_gui:/home/taras/seasony/lewis/install/lewis_serial_com:/home/taras/seasony/lewis/install/lewis_robot_control:/home/taras/seasony/lewis/install/lewis_remote_emergency:/home/taras/seasony/lewis/install/lewis_managers:/home/taras/seasony/lewis/install/lewis_health:/home/taras/seasony/lewis/install/lewis_b1_description:/home/taras/seasony/lewis/install/lewis_b1_bringup:/home/taras/seasony/lewis/install/esp32_control:/home/taras/seasony/lewis/install/controllino:/home/taras/thesis_ws/install/yolo_pose_ros:/home/taras/thesis_ws/install/tracker_pkg:/home/taras/thesis_ws/install/drspaam:/opt/ros/humble /usr/bin/cmake --build /home/taras/thesis_ws/build/custom_interfaces -- -j16 -l16[0m
[0.810s] [34mcolcon.colcon_core.task.python.build[0m [1;30mINFO[0m Building Python package in '/home/taras/thesis_ws/src/drspaam'
[0.812s] [34mcolcon.colcon_core.shell[0m [1;30mINFO[0m Skip shell extension 'powershell' for command environment: Not usable outside of PowerShell
[0.812s] [34mcolcon.colcon_core.shell[0m [1;30mDEBUG[0m [32mSkip shell extension 'dsv' for command environment[0m
[1.104s] [34mcolcon.colcon_core.task.python.build[0m [1;30mINFO[0m Building Python package in '/home/taras/thesis_ws/src/tracker_pkg'
[1.107s] [34mcolcon.colcon_core.shell[0m [1;30mINFO[0m Skip shell extension 'powershell' for command environment: Not usable outside of PowerShell
[1.107s] [34mcolcon.colcon_core.shell[0m [1;30mDEBUG[0m [32mSkip shell extension 'dsv' for command environment[0m
[1.129s] [34mcolcon.colcon_core.event_handler.log_command[0m [1;30mDEBUG[0m [32mInvoked command in '/home/taras/thesis_ws/build/custom_interfaces' returned '0': CMAKE_PREFIX_PATH=${CMAKE_PREFIX_PATH}:/home/taras/seasony/lewis/install/robot_navigation:/home/taras/seasony/lewis/install/sensor_stream_pkg:/home/taras/seasony/lewis/install/robot_teleop:/home/taras/seasony/lewis/install/robot_spawner:/home/taras/seasony/lewis/install/robot_data:/home/taras/seasony/lewis/install/robot_agent:/home/taras/seasony/lewis/install/robot_behavior2:/home/taras/seasony/lewis/install/robot_battery:/home/taras/seasony/lewis/install/robot_bag_recorder:/home/taras/seasony/lewis/install/orgb_led_manager:/home/taras/seasony/lewis/install/nav2_simple_commander:/home/taras/seasony/lewis/install/locations:/home/taras/seasony/lewis/install/lewis_sound_manager:/home/taras/seasony/lewis/install/lewis_simple_gui:/home/taras/seasony/lewis/install/lewis_serial_com:/home/taras/seasony/lewis/install/lewis_robot_control:/home/taras/seasony/lewis/install/lewis_remote_emergency:/home/taras/seasony/lewis/install/lewis_managers:/home/taras/seasony/lewis/install/lewis_health:/home/taras/seasony/lewis/install/lewis_b1_description:/home/taras/seasony/lewis/install/lewis_b1_bringup:/home/taras/seasony/lewis/install/esp32_control:/home/taras/seasony/lewis/install/controllino:/home/taras/thesis_ws/install/yolo_pose_ros:/home/taras/thesis_ws/install/tracker_pkg:/home/taras/thesis_ws/install/drspaam:/opt/ros/humble /usr/bin/cmake --build /home/taras/thesis_ws/build/custom_interfaces -- -j16 -l16[0m
[1.428s] [34mcolcon.colcon_core.event_handler.log_command[0m [1;30mDEBUG[0m [32mInvoking command in '/home/taras/thesis_ws/build/custom_interfaces': CMAKE_PREFIX_PATH=${CMAKE_PREFIX_PATH}:/home/taras/seasony/lewis/install/robot_navigation:/home/taras/seasony/lewis/install/sensor_stream_pkg:/home/taras/seasony/lewis/install/robot_teleop:/home/taras/seasony/lewis/install/robot_spawner:/home/taras/seasony/lewis/install/robot_data:/home/taras/seasony/lewis/install/robot_agent:/home/taras/seasony/lewis/install/robot_behavior2:/home/taras/seasony/lewis/install/robot_battery:/home/taras/seasony/lewis/install/robot_bag_recorder:/home/taras/seasony/lewis/install/orgb_led_manager:/home/taras/seasony/lewis/install/nav2_simple_commander:/home/taras/seasony/lewis/install/locations:/home/taras/seasony/lewis/install/lewis_sound_manager:/home/taras/seasony/lewis/install/lewis_simple_gui:/home/taras/seasony/lewis/install/lewis_serial_com:/home/taras/seasony/lewis/install/lewis_robot_control:/home/taras/seasony/lewis/install/lewis_remote_emergency:/home/taras/seasony/lewis/install/lewis_managers:/home/taras/seasony/lewis/install/lewis_health:/home/taras/seasony/lewis/install/lewis_b1_description:/home/taras/seasony/lewis/install/lewis_b1_bringup:/home/taras/seasony/lewis/install/esp32_control:/home/taras/seasony/lewis/install/controllino:/home/taras/thesis_ws/install/yolo_pose_ros:/home/taras/thesis_ws/install/tracker_pkg:/home/taras/thesis_ws/install/drspaam:/opt/ros/humble /usr/bin/cmake --install /home/taras/thesis_ws/build/custom_interfaces[0m
[1.498s] [34mcolcon.colcon_core.event_handler.log_command[0m [1;30mDEBUG[0m [32mInvoking command in '/home/taras/thesis_ws/src/tracker_pkg': PYTHONPATH=/home/taras/thesis_ws/build/tracker_pkg/prefix_override:/home/taras/thesis_ws/install/tracker_pkg/lib/python3.10/site-packages:${PYTHONPATH} /usr/bin/python3 setup.py egg_info --egg-base ../../build/tracker_pkg build --build-base /home/taras/thesis_ws/build/tracker_pkg/build install --record /home/taras/thesis_ws/build/tracker_pkg/install.log --single-version-externally-managed[0m
[1.516s] [34mcolcon.colcon_core.event_handler.log_command[0m [1;30mDEBUG[0m [32mInvoking command in '/home/taras/thesis_ws/build/drspaam': PYTHONPATH=/home/taras/thesis_ws/build/drspaam/prefix_override:/home/taras/thesis_ws/install/drspaam/lib/python3.10/site-packages:${PYTHONPATH} /usr/bin/python3 setup.py develop --uninstall --editable --build-directory /home/taras/thesis_ws/build/drspaam/build[0m
[1.523s] [34mcolcon.colcon_core.environment[0m [1;30mLevel 1[0m create_environment_scripts_only(custom_interfaces)
[1.525s] [34mcolcon.colcon_core.event_handler.log_command[0m [1;30mDEBUG[0m [32mInvoked command in '/home/taras/thesis_ws/build/custom_interfaces' returned '0': CMAKE_PREFIX_PATH=${CMAKE_PREFIX_PATH}:/home/taras/seasony/lewis/install/robot_navigation:/home/taras/seasony/lewis/install/sensor_stream_pkg:/home/taras/seasony/lewis/install/robot_teleop:/home/taras/seasony/lewis/install/robot_spawner:/home/taras/seasony/lewis/install/robot_data:/home/taras/seasony/lewis/install/robot_agent:/home/taras/seasony/lewis/install/robot_behavior2:/home/taras/seasony/lewis/install/robot_battery:/home/taras/seasony/lewis/install/robot_bag_recorder:/home/taras/seasony/lewis/install/orgb_led_manager:/home/taras/seasony/lewis/install/nav2_simple_commander:/home/taras/seasony/lewis/install/locations:/home/taras/seasony/lewis/install/lewis_sound_manager:/home/taras/seasony/lewis/install/lewis_simple_gui:/home/taras/seasony/lewis/install/lewis_serial_com:/home/taras/seasony/lewis/install/lewis_robot_control:/home/taras/seasony/lewis/install/lewis_remote_emergency:/home/taras/seasony/lewis/install/lewis_managers:/home/taras/seasony/lewis/install/lewis_health:/home/taras/seasony/lewis/install/lewis_b1_description:/home/taras/seasony/lewis/install/lewis_b1_bringup:/home/taras/seasony/lewis/install/esp32_control:/home/taras/seasony/lewis/install/controllino:/home/taras/thesis_ws/install/yolo_pose_ros:/home/taras/thesis_ws/install/tracker_pkg:/home/taras/thesis_ws/install/drspaam:/opt/ros/humble /usr/bin/cmake --install /home/taras/thesis_ws/build/custom_interfaces[0m
[1.528s] [34mcolcon.colcon_core.environment[0m [1;30mLevel 1[0m checking '/home/taras/thesis_ws/install/custom_interfaces' for CMake module files
[1.529s] [34mcolcon.colcon_core.environment[0m [1;30mLevel 1[0m checking '/home/taras/thesis_ws/install/custom_interfaces' for CMake config files
[1.529s] [34mcolcon.colcon_core.shell[0m [1;30mLevel 1[0m create_environment_hook('custom_interfaces', 'cmake_prefix_path')
[1.530s] [34mcolcon.colcon_core.shell[0m [1;30mINFO[0m Creating environment hook '/home/taras/thesis_ws/install/custom_interfaces/share/custom_interfaces/hook/cmake_prefix_path.ps1'
[1.531s] [34mcolcon.colcon_core.shell[0m [1;30mINFO[0m Creating environment descriptor '/home/taras/thesis_ws/install/custom_interfaces/share/custom_interfaces/hook/cmake_prefix_path.dsv'
[1.531s] [34mcolcon.colcon_core.shell[0m [1;30mINFO[0m Creating environment hook '/home/taras/thesis_ws/install/custom_interfaces/share/custom_interfaces/hook/cmake_prefix_path.sh'
[1.531s] [34mcolcon.colcon_core.environment[0m [1;30mLevel 1[0m checking '/home/taras/thesis_ws/install/custom_interfaces/lib'
[1.532s] [34mcolcon.colcon_core.shell[0m [1;30mLevel 1[0m create_environment_hook('custom_interfaces', 'ld_library_path_lib')
[1.533s] [34mcolcon.colcon_core.shell[0m [1;30mINFO[0m Creating environment hook '/home/taras/thesis_ws/install/custom_interfaces/share/custom_interfaces/hook/ld_library_path_lib.ps1'
[1.533s] [34mcolcon.colcon_core.shell[0m [1;30mINFO[0m Creating environment descriptor '/home/taras/thesis_ws/install/custom_interfaces/share/custom_interfaces/hook/ld_library_path_lib.dsv'
[1.533s] [34mcolcon.colcon_core.shell[0m [1;30mINFO[0m Creating environment hook '/home/taras/thesis_ws/install/custom_interfaces/share/custom_interfaces/hook/ld_library_path_lib.sh'
[1.534s] [34mcolcon.colcon_core.environment[0m [1;30mLevel 1[0m checking '/home/taras/thesis_ws/install/custom_interfaces/bin'
[1.534s] [34mcolcon.colcon_core.environment[0m [1;30mLevel 1[0m checking '/home/taras/thesis_ws/install/custom_interfaces/lib/pkgconfig/custom_interfaces.pc'
[1.534s] [34mcolcon.colcon_core.environment[0m [1;30mLevel 1[0m checking '/home/taras/thesis_ws/install/custom_interfaces/lib/python3.10/site-packages'
[1.534s] [34mcolcon.colcon_core.environment[0m [1;30mLevel 1[0m checking '/home/taras/thesis_ws/install/custom_interfaces/bin'
[1.535s] [34mcolcon.colcon_core.shell[0m [1;30mINFO[0m Creating package script '/home/taras/thesis_ws/install/custom_interfaces/share/custom_interfaces/package.ps1'
[1.536s] [34mcolcon.colcon_core.shell[0m [1;30mINFO[0m Creating package descriptor '/home/taras/thesis_ws/install/custom_interfaces/share/custom_interfaces/package.dsv'
[1.536s] [34mcolcon.colcon_core.shell[0m [1;30mINFO[0m Creating package script '/home/taras/thesis_ws/install/custom_interfaces/share/custom_interfaces/package.sh'
[1.537s] [34mcolcon.colcon_core.shell[0m [1;30mINFO[0m Creating package script '/home/taras/thesis_ws/install/custom_interfaces/share/custom_interfaces/package.bash'
[1.538s] [34mcolcon.colcon_core.shell[0m [1;30mINFO[0m Creating package script '/home/taras/thesis_ws/install/custom_interfaces/share/custom_interfaces/package.zsh'
[1.538s] [34mcolcon.colcon_core.environment[0m [1;30mLevel 1[0m create_file_with_runtime_dependencies(/home/taras/thesis_ws/install/custom_interfaces/share/colcon-core/packages/custom_interfaces)
[1.741s] [34mcolcon.colcon_core.environment[0m [1;30mLevel 1[0m create_environment_scripts_only(custom_interfaces)
[1.743s] [34mcolcon.colcon_core.environment[0m [1;30mLevel 1[0m checking '/home/taras/thesis_ws/install/custom_interfaces' for CMake module files
[1.744s] [34mcolcon.colcon_core.environment[0m [1;30mLevel 1[0m checking '/home/taras/thesis_ws/install/custom_interfaces' for CMake config files
[1.744s] [34mcolcon.colcon_core.shell[0m [1;30mLevel 1[0m create_environment_hook('custom_interfaces', 'cmake_prefix_path')
[1.745s] [34mcolcon.colcon_core.shell[0m [1;30mINFO[0m Creating environment hook '/home/taras/thesis_ws/install/custom_interfaces/share/custom_interfaces/hook/cmake_prefix_path.ps1'
[1.745s] [34mcolcon.colcon_core.shell[0m [1;30mINFO[0m Creating environment descriptor '/home/taras/thesis_ws/install/custom_interfaces/share/custom_interfaces/hook/cmake_prefix_path.dsv'
[1.746s] [34mcolcon.colcon_core.shell[0m [1;30mINFO[0m Creating environment hook '/home/taras/thesis_ws/install/custom_interfaces/share/custom_interfaces/hook/cmake_prefix_path.sh'
[1.746s] [34mcolcon.colcon_core.environment[0m [1;30mLevel 1[0m checking '/home/taras/thesis_ws/install/custom_interfaces/lib'
[1.746s] [34mcolcon.colcon_core.shell[0m [1;30mLevel 1[0m create_environment_hook('custom_interfaces', 'ld_library_path_lib')
[1.747s] [34mcolcon.colcon_core.shell[0m [1;30mINFO[0m Creating environment hook '/home/taras/thesis_ws/install/custom_interfaces/share/custom_interfaces/hook/ld_library_path_lib.ps1'
[1.748s] [34mcolcon.colcon_core.shell[0m [1;30mINFO[0m Creating environment descriptor '/home/taras/thesis_ws/install/custom_interfaces/share/custom_interfaces/hook/ld_library_path_lib.dsv'
[1.748s] [34mcolcon.colcon_core.shell[0m [1;30mINFO[0m Creating environment hook '/home/taras/thesis_ws/install/custom_interfaces/share/custom_interfaces/hook/ld_library_path_lib.sh'
[1.748s] [34mcolcon.colcon_core.environment[0m [1;30mLevel 1[0m checking '/home/taras/thesis_ws/install/custom_interfaces/bin'
[1.748s] [34mcolcon.colcon_core.environment[0m [1;30mLevel 1[0m checking '/home/taras/thesis_ws/install/custom_interfaces/lib/pkgconfig/custom_interfaces.pc'
[1.748s] [34mcolcon.colcon_core.environment[0m [1;30mLevel 1[0m checking '/home/taras/thesis_ws/install/custom_interfaces/lib/python3.10/site-packages'
[1.749s] [34mcolcon.colcon_core.environment[0m [1;30mLevel 1[0m checking '/home/taras/thesis_ws/install/custom_interfaces/bin'
[1.750s] [34mcolcon.colcon_core.shell[0m [1;30mINFO[0m Creating package script '/home/taras/thesis_ws/install/custom_interfaces/share/custom_interfaces/package.ps1'
[1.750s] [34mcolcon.colcon_core.shell[0m [1;30mINFO[0m Creating package descriptor '/home/taras/thesis_ws/install/custom_interfaces/share/custom_interfaces/package.dsv'
[1.751s] [34mcolcon.colcon_core.shell[0m [1;30mINFO[0m Creating package script '/home/taras/thesis_ws/install/custom_interfaces/share/custom_interfaces/package.sh'
[1.751s] [34mcolcon.colcon_core.shell[0m [1;30mINFO[0m Creating package script '/home/taras/thesis_ws/install/custom_interfaces/share/custom_interfaces/package.bash'
[1.751s] [34mcolcon.colcon_core.shell[0m [1;30mINFO[0m Creating package script '/home/taras/thesis_ws/install/custom_interfaces/share/custom_interfaces/package.zsh'
[1.752s] [34mcolcon.colcon_core.environment[0m [1;30mLevel 1[0m create_file_with_runtime_dependencies(/home/taras/thesis_ws/install/custom_interfaces/share/colcon-core/packages/custom_interfaces)
[1.752s] [34mcolcon.colcon_ros.task.ament_python.build[0m [1;30mINFO[0m Building ROS package in '/home/taras/thesis_ws/src/yolo_pose_ros' with build type 'ament_python'
[1.752s] [34mcolcon.colcon_core.shell[0m [1;30mLevel 1[0m create_environment_hook('yolo_pose_ros', 'ament_prefix_path')
[1.753s] [34mcolcon.colcon_core.shell[0m [1;30mINFO[0m Creating environment hook '/home/taras/thesis_ws/install/yolo_pose_ros/share/yolo_pose_ros/hook/ament_prefix_path.ps1'
[1.754s] [34mcolcon.colcon_core.shell[0m [1;30mINFO[0m Creating environment descriptor '/home/taras/thesis_ws/install/yolo_pose_ros/share/yolo_pose_ros/hook/ament_prefix_path.dsv'
[1.755s] [34mcolcon.colcon_core.shell[0m [1;30mINFO[0m Creating environment hook '/home/taras/thesis_ws/install/yolo_pose_ros/share/yolo_pose_ros/hook/ament_prefix_path.sh'
[1.756s] [34mcolcon.colcon_core.shell[0m [1;30mINFO[0m Skip shell extension 'powershell' for command environment: Not usable outside of PowerShell
[1.756s] [34mcolcon.colcon_core.shell[0m [1;30mDEBUG[0m [32mSkip shell extension 'dsv' for command environment[0m
[2.080s] [34mcolcon.colcon_core.task.python.build[0m [1;30mINFO[0m Building Python package in '/home/taras/thesis_ws/src/yolo_pose_ros'
[2.082s] [34mcolcon.colcon_core.shell[0m [1;30mINFO[0m Skip shell extension 'powershell' for command environment: Not usable outside of PowerShell
[2.082s] [34mcolcon.colcon_core.shell[0m [1;30mDEBUG[0m [32mSkip shell extension 'dsv' for command environment[0m
[2.092s] [34mcolcon.colcon_core.event_handler.log_command[0m [1;30mDEBUG[0m [32mInvoked command in '/home/taras/thesis_ws/build/drspaam' returned '0': PYTHONPATH=/home/taras/thesis_ws/build/drspaam/prefix_override:/home/taras/thesis_ws/install/drspaam/lib/python3.10/site-packages:${PYTHONPATH} /usr/bin/python3 setup.py develop --uninstall --editable --build-directory /home/taras/thesis_ws/build/drspaam/build[0m
[2.094s] [34mcolcon.colcon_core.environment[0m [1;30mLevel 1[0m checking '/home/taras/thesis_ws/install/tracker_pkg' for CMake module files
[2.095s] [34mcolcon.colcon_core.event_handler.log_command[0m [1;30mDEBUG[0m [32mInvoking command in '/home/taras/thesis_ws/src/drspaam': PYTHONPATH=/home/taras/thesis_ws/build/drspaam/prefix_override:/home/taras/thesis_ws/install/drspaam/lib/python3.10/site-packages:${PYTHONPATH} /usr/bin/python3 setup.py egg_info --egg-base ../../build/drspaam build --build-base /home/taras/thesis_ws/build/drspaam/build install --record /home/taras/thesis_ws/build/drspaam/install.log --single-version-externally-managed[0m
[2.095s] [34mcolcon.colcon_core.event_handler.log_command[0m [1;30mDEBUG[0m [32mInvoked command in '/home/taras/thesis_ws/src/tracker_pkg' returned '0': PYTHONPATH=/home/taras/thesis_ws/build/tracker_pkg/prefix_override:/home/taras/thesis_ws/install/tracker_pkg/lib/python3.10/site-packages:${PYTHONPATH} /usr/bin/python3 setup.py egg_info --egg-base ../../build/tracker_pkg build --build-base /home/taras/thesis_ws/build/tracker_pkg/build install --record /home/taras/thesis_ws/build/tracker_pkg/install.log --single-version-externally-managed[0m
[2.096s] [34mcolcon.colcon_core.environment[0m [1;30mLevel 1[0m checking '/home/taras/thesis_ws/install/tracker_pkg' for CMake config files
[2.096s] [34mcolcon.colcon_core.environment[0m [1;30mLevel 1[0m checking '/home/taras/thesis_ws/install/tracker_pkg/lib'
[2.096s] [34mcolcon.colcon_core.environment[0m [1;30mLevel 1[0m checking '/home/taras/thesis_ws/install/tracker_pkg/bin'
[2.096s] [34mcolcon.colcon_core.environment[0m [1;30mLevel 1[0m checking '/home/taras/thesis_ws/install/tracker_pkg/lib/pkgconfig/tracker_pkg.pc'
[2.096s] [34mcolcon.colcon_core.environment[0m [1;30mLevel 1[0m checking '/home/taras/thesis_ws/install/tracker_pkg/lib/python3.10/site-packages'
[2.096s] [34mcolcon.colcon_core.shell[0m [1;30mLevel 1[0m create_environment_hook('tracker_pkg', 'pythonpath')
[2.098s] [34mcolcon.colcon_core.shell[0m [1;30mINFO[0m Creating environment hook '/home/taras/thesis_ws/install/tracker_pkg/share/tracker_pkg/hook/pythonpath.ps1'
[2.098s] [34mcolcon.colcon_core.shell[0m [1;30mINFO[0m Creating environment descriptor '/home/taras/thesis_ws/install/tracker_pkg/share/tracker_pkg/hook/pythonpath.dsv'
[2.098s] [34mcolcon.colcon_core.shell[0m [1;30mINFO[0m Creating environment hook '/home/taras/thesis_ws/install/tracker_pkg/share/tracker_pkg/hook/pythonpath.sh'
[2.099s] [34mcolcon.colcon_core.environment[0m [1;30mLevel 1[0m checking '/home/taras/thesis_ws/install/tracker_pkg/bin'
[2.099s] [34mcolcon.colcon_core.environment[0m [1;30mLevel 1[0m create_environment_scripts_only(tracker_pkg)
[2.100s] [34mcolcon.colcon_core.shell[0m [1;30mINFO[0m Creating package script '/home/taras/thesis_ws/install/tracker_pkg/share/tracker_pkg/package.ps1'
[2.101s] [34mcolcon.colcon_core.shell[0m [1;30mINFO[0m Creating package descriptor '/home/taras/thesis_ws/install/tracker_pkg/share/tracker_pkg/package.dsv'
[2.101s] [34mcolcon.colcon_core.shell[0m [1;30mINFO[0m Creating package script '/home/taras/thesis_ws/install/tracker_pkg/share/tracker_pkg/package.sh'
[2.101s] [34mcolcon.colcon_core.shell[0m [1;30mINFO[0m Creating package script '/home/taras/thesis_ws/install/tracker_pkg/share/tracker_pkg/package.bash'
[2.102s] [34mcolcon.colcon_core.shell[0m [1;30mINFO[0m Creating package script '/home/taras/thesis_ws/install/tracker_pkg/share/tracker_pkg/package.zsh'
[2.102s] [34mcolcon.colcon_core.environment[0m [1;30mLevel 1[0m create_file_with_runtime_dependencies(/home/taras/thesis_ws/install/tracker_pkg/share/colcon-core/packages/tracker_pkg)
[2.417s] [34mcolcon.colcon_core.environment[0m [1;30mLevel 1[0m checking '/home/taras/thesis_ws/install/drspaam' for CMake module files
[2.417s] [34mcolcon.colcon_core.event_handler.log_command[0m [1;30mDEBUG[0m [32mInvoked command in '/home/taras/thesis_ws/src/drspaam' returned '0': PYTHONPATH=/home/taras/thesis_ws/build/drspaam/prefix_override:/home/taras/thesis_ws/install/drspaam/lib/python3.10/site-packages:${PYTHONPATH} /usr/bin/python3 setup.py egg_info --egg-base ../../build/drspaam build --build-base /home/taras/thesis_ws/build/drspaam/build install --record /home/taras/thesis_ws/build/drspaam/install.log --single-version-externally-managed[0m
[2.418s] [34mcolcon.colcon_core.environment[0m [1;30mLevel 1[0m checking '/home/taras/thesis_ws/install/drspaam' for CMake config files
[2.418s] [34mcolcon.colcon_core.environment[0m [1;30mLevel 1[0m checking '/home/taras/thesis_ws/install/drspaam/lib'
[2.418s] [34mcolcon.colcon_core.environment[0m [1;30mLevel 1[0m checking '/home/taras/thesis_ws/install/drspaam/bin'
[2.418s] [34mcolcon.colcon_core.environment[0m [1;30mLevel 1[0m checking '/home/taras/thesis_ws/install/drspaam/lib/pkgconfig/drspaam.pc'
[2.418s] [34mcolcon.colcon_core.environment[0m [1;30mLevel 1[0m checking '/home/taras/thesis_ws/install/drspaam/lib/python3.10/site-packages'
[2.418s] [34mcolcon.colcon_core.shell[0m [1;30mLevel 1[0m create_environment_hook('drspaam', 'pythonpath')
[2.419s] [34mcolcon.colcon_core.shell[0m [1;30mINFO[0m Creating environment hook '/home/taras/thesis_ws/install/drspaam/share/drspaam/hook/pythonpath.ps1'
[2.420s] [34mcolcon.colcon_core.shell[0m [1;30mINFO[0m Creating environment descriptor '/home/taras/thesis_ws/install/drspaam/share/drspaam/hook/pythonpath.dsv'
[2.420s] [34mcolcon.colcon_core.shell[0m [1;30mINFO[0m Creating environment hook '/home/taras/thesis_ws/install/drspaam/share/drspaam/hook/pythonpath.sh'
[2.420s] [34mcolcon.colcon_core.environment[0m [1;30mLevel 1[0m checking '/home/taras/thesis_ws/install/drspaam/bin'
[2.420s] [34mcolcon.colcon_core.environment[0m [1;30mLevel 1[0m create_environment_scripts_only(drspaam)
[2.422s] [34mcolcon.colcon_core.shell[0m [1;30mINFO[0m Creating package script '/home/taras/thesis_ws/install/drspaam/share/drspaam/package.ps1'
[2.422s] [34mcolcon.colcon_core.shell[0m [1;30mINFO[0m Creating package descriptor '/home/taras/thesis_ws/install/drspaam/share/drspaam/package.dsv'
[2.422s] [34mcolcon.colcon_core.shell[0m [1;30mINFO[0m Creating package script '/home/taras/thesis_ws/install/drspaam/share/drspaam/package.sh'
[2.423s] [34mcolcon.colcon_core.shell[0m [1;30mINFO[0m Creating package script '/home/taras/thesis_ws/install/drspaam/share/drspaam/package.bash'
[2.423s] [34mcolcon.colcon_core.shell[0m [1;30mINFO[0m Creating package script '/home/taras/thesis_ws/install/drspaam/share/drspaam/package.zsh'
[2.423s] [34mcolcon.colcon_core.environment[0m [1;30mLevel 1[0m create_file_with_runtime_dependencies(/home/taras/thesis_ws/install/drspaam/share/colcon-core/packages/drspaam)
[2.487s] [34mcolcon.colcon_core.event_handler.log_command[0m [1;30mDEBUG[0m [32mInvoking command in '/home/taras/thesis_ws/src/yolo_pose_ros': CMAKE_PREFIX_PATH=/home/taras/thesis_ws/install/custom_interfaces:/home/taras/seasony/lewis/install/nav2_system_tests:/home/taras/seasony/lewis/install/nav2_bringup:/home/taras/seasony/lewis/install/slam_toolbox:/home/taras/seasony/lewis/install/ros2_gazebo_interface:/home/taras/seasony/lewis/install/robot_alignment:/home/taras/seasony/lewis/install/navigation_predictive_controllers:/home/taras/seasony/lewis/install/nav2_sb_recovery:/home/taras/seasony/lewis/install/lidars_segmentation:/home/taras/seasony/lewis/install/robot_utils:/home/taras/seasony/lewis/install/robot_navigation_tests:/home/taras/seasony/lewis/install/robot_behavior_msgs2:/home/taras/seasony/lewis/install/occupancy_to_pointcloud:/home/taras/seasony/lewis/install/navigation2:/home/taras/seasony/lewis/install/nav2_waypoint_follower:/home/taras/seasony/lewis/install/nav2_theta_star_planner:/home/taras/seasony/lewis/install/nav2_smoother:/home/taras/seasony/lewis/install/nav2_smac_planner:/home/taras/seasony/lewis/install/nav2_rotation_shim_controller:/home/taras/seasony/lewis/install/nav2_regulated_pure_pursuit_controller:/home/taras/seasony/lewis/install/nav2_planner:/home/taras/seasony/lewis/install/nav2_navfn_planner:/home/taras/seasony/lewis/install/nav2_dwb_controller:/home/taras/seasony/lewis/install/nav2_controller:/home/taras/seasony/lewis/install/nav2_constrained_smoother:/home/taras/seasony/lewis/install/nav2_bt_navigator:/home/taras/seasony/lewis/install/nav2_behaviors:/home/taras/seasony/lewis/install/dwb_plugins:/home/taras/seasony/lewis/install/dwb_critics:/home/taras/seasony/lewis/install/dwb_core:/home/taras/seasony/lewis/install/nav2_core:/home/taras/seasony/lewis/install/nav2_collision_monitor:/home/taras/seasony/lewis/install/costmap_queue:/home/taras/seasony/lewis/install/nav2_costmap_2d:/home/taras/seasony/lewis/install/nav_2d_utils:/home/taras/seasony/lewis/install/dwb_msgs:/home/taras/seasony/lewis/install/nav_2d_msgs:/home/taras/seasony/lewis/install/nav2_voxel_grid:/home/taras/seasony/lewis/install/nav2_velocity_smoother:/home/taras/seasony/lewis/install/nav2_rviz_plugins:/home/taras/seasony/lewis/install/nav2_map_server:/home/taras/seasony/lewis/install/nav2_lifecycle_manager:/home/taras/seasony/lewis/install/nav2_behavior_tree:/home/taras/seasony/lewis/install/nav2_amcl:/home/taras/seasony/lewis/install/nav2_util:/home/taras/seasony/lewis/install/dynamic_footprint:/home/taras/seasony/lewis/install/nav2_msgs:/home/taras/seasony/lewis/install/nav2_common:/home/taras/seasony/lewis/install/env_simulation:/home/taras/seasony/lewis/install/aruco_cpp:/home/taras/seasony/lewis/install/msg_srvs_pkg:/home/taras/seasony/lewis/install/location_msgs:/home/taras/seasony/lewis/install/lidars_preprocessing:/home/taras/seasony/lewis/install/lewis_health_msgs:/home/taras/seasony/lewis/install/lewis_gateway_base:/home/taras/seasony/lewis/install/lewis_control_msgs:/home/taras/seasony/lewis/install/depthai_examples LD_LIBRARY_PATH=/home/taras/thesis_ws/install/custom_interfaces/lib:/home/taras/seasony/lewis/install/slam_toolbox/lib:/home/taras/seasony/lewis/install/robot_alignment/lib:/home/taras/seasony/lewis/install/navigation_predictive_controllers/lib:/home/taras/seasony/lewis/install/nav2_sb_recovery/lib:/home/taras/seasony/lewis/install/robot_navigation_tests/lib:/home/taras/seasony/lewis/install/robot_behavior_msgs2/lib:/home/taras/seasony/lewis/install/nav2_waypoint_follower/lib:/home/taras/seasony/lewis/install/nav2_theta_star_planner/lib:/home/taras/seasony/lewis/install/nav2_smoother/lib:/home/taras/seasony/lewis/install/nav2_smac_planner/lib:/home/taras/seasony/lewis/install/nav2_rotation_shim_controller/lib:/home/taras/seasony/lewis/install/nav2_regulated_pure_pursuit_controller/lib:/home/taras/seasony/lewis/install/nav2_planner/lib:/home/taras/seasony/lewis/install/nav2_navfn_planner/lib:/home/taras/seasony/lewis/install/nav2_controller/lib:/home/taras/seasony/lewis/install/nav2_constrained_smoother/lib:/home/taras/seasony/lewis/install/nav2_bt_navigator/lib:/home/taras/seasony/lewis/install/nav2_behaviors/lib:/home/taras/seasony/lewis/install/dwb_plugins/lib:/home/taras/seasony/lewis/install/dwb_critics/lib:/home/taras/seasony/lewis/install/dwb_core/lib:/home/taras/seasony/lewis/install/nav2_collision_monitor/lib:/home/taras/seasony/lewis/install/costmap_queue/lib:/home/taras/seasony/lewis/install/nav2_costmap_2d/lib:/home/taras/seasony/lewis/install/nav_2d_utils/lib:/home/taras/seasony/lewis/install/dwb_msgs/lib:/home/taras/seasony/lewis/install/nav_2d_msgs/lib:/home/taras/seasony/lewis/install/nav2_voxel_grid/lib:/home/taras/seasony/lewis/install/nav2_velocity_smoother/lib:/home/taras/seasony/lewis/install/nav2_rviz_plugins/lib:/home/taras/seasony/lewis/install/nav2_map_server/lib:/home/taras/seasony/lewis/install/nav2_lifecycle_manager/lib:/home/taras/seasony/lewis/install/nav2_behavior_tree/lib:/home/taras/seasony/lewis/install/nav2_amcl/lib:/home/taras/seasony/lewis/install/nav2_util/lib:/home/taras/seasony/lewis/install/nav2_msgs/lib:/home/taras/seasony/lewis/install/msg_srvs_pkg/lib:/home/taras/seasony/lewis/install/location_msgs/lib:/home/taras/seasony/lewis/install/lewis_health_msgs/lib:/home/taras/seasony/lewis/install/lewis_control_msgs/lib:/usr/lib/x86_64-linux-gnu/gazebo-11/plugins:/opt/ros/humble/opt/rviz_ogre_vendor/lib:/opt/ros/humble/lib/x86_64-linux-gnu:/opt/ros/humble/lib PYTHONPATH=/home/taras/thesis_ws/build/yolo_pose_ros/prefix_override:/home/taras/thesis_ws/install/yolo_pose_ros/lib/python3.10/site-packages:${PYTHONPATH} /usr/bin/python3 setup.py egg_info --egg-base ../../build/yolo_pose_ros build --build-base /home/taras/thesis_ws/build/yolo_pose_ros/build install --record /home/taras/thesis_ws/build/yolo_pose_ros/install.log --single-version-externally-managed[0m
[2.828s] [34mcolcon.colcon_core.environment[0m [1;30mLevel 1[0m checking '/home/taras/thesis_ws/install/yolo_pose_ros' for CMake module files
[2.828s] [34mcolcon.colcon_core.event_handler.log_command[0m [1;30mDEBUG[0m [32mInvoked command in '/home/taras/thesis_ws/src/yolo_pose_ros' returned '0': CMAKE_PREFIX_PATH=/home/taras/thesis_ws/install/custom_interfaces:/home/taras/seasony/lewis/install/nav2_system_tests:/home/taras/seasony/lewis/install/nav2_bringup:/home/taras/seasony/lewis/install/slam_toolbox:/home/taras/seasony/lewis/install/ros2_gazebo_interface:/home/taras/seasony/lewis/install/robot_alignment:/home/taras/seasony/lewis/install/navigation_predictive_controllers:/home/taras/seasony/lewis/install/nav2_sb_recovery:/home/taras/seasony/lewis/install/lidars_segmentation:/home/taras/seasony/lewis/install/robot_utils:/home/taras/seasony/lewis/install/robot_navigation_tests:/home/taras/seasony/lewis/install/robot_behavior_msgs2:/home/taras/seasony/lewis/install/occupancy_to_pointcloud:/home/taras/seasony/lewis/install/navigation2:/home/taras/seasony/lewis/install/nav2_waypoint_follower:/home/taras/seasony/lewis/install/nav2_theta_star_planner:/home/taras/seasony/lewis/install/nav2_smoother:/home/taras/seasony/lewis/install/nav2_smac_planner:/home/taras/seasony/lewis/install/nav2_rotation_shim_controller:/home/taras/seasony/lewis/install/nav2_regulated_pure_pursuit_controller:/home/taras/seasony/lewis/install/nav2_planner:/home/taras/seasony/lewis/install/nav2_navfn_planner:/home/taras/seasony/lewis/install/nav2_dwb_controller:/home/taras/seasony/lewis/install/nav2_controller:/home/taras/seasony/lewis/install/nav2_constrained_smoother:/home/taras/seasony/lewis/install/nav2_bt_navigator:/home/taras/seasony/lewis/install/nav2_behaviors:/home/taras/seasony/lewis/install/dwb_plugins:/home/taras/seasony/lewis/install/dwb_critics:/home/taras/seasony/lewis/install/dwb_core:/home/taras/seasony/lewis/install/nav2_core:/home/taras/seasony/lewis/install/nav2_collision_monitor:/home/taras/seasony/lewis/install/costmap_queue:/home/taras/seasony/lewis/install/nav2_costmap_2d:/home/taras/seasony/lewis/install/nav_2d_utils:/home/taras/seasony/lewis/install/dwb_msgs:/home/taras/seasony/lewis/install/nav_2d_msgs:/home/taras/seasony/lewis/install/nav2_voxel_grid:/home/taras/seasony/lewis/install/nav2_velocity_smoother:/home/taras/seasony/lewis/install/nav2_rviz_plugins:/home/taras/seasony/lewis/install/nav2_map_server:/home/taras/seasony/lewis/install/nav2_lifecycle_manager:/home/taras/seasony/lewis/install/nav2_behavior_tree:/home/taras/seasony/lewis/install/nav2_amcl:/home/taras/seasony/lewis/install/nav2_util:/home/taras/seasony/lewis/install/dynamic_footprint:/home/taras/seasony/lewis/install/nav2_msgs:/home/taras/seasony/lewis/install/nav2_common:/home/taras/seasony/lewis/install/env_simulation:/home/taras/seasony/lewis/install/aruco_cpp:/home/taras/seasony/lewis/install/msg_srvs_pkg:/home/taras/seasony/lewis/install/location_msgs:/home/taras/seasony/lewis/install/lidars_preprocessing:/home/taras/seasony/lewis/install/lewis_health_msgs:/home/taras/seasony/lewis/install/lewis_gateway_base:/home/taras/seasony/lewis/install/lewis_control_msgs:/home/taras/seasony/lewis/install/depthai_examples LD_LIBRARY_PATH=/home/taras/thesis_ws/install/custom_interfaces/lib:/home/taras/seasony/lewis/install/slam_toolbox/lib:/home/taras/seasony/lewis/install/robot_alignment/lib:/home/taras/seasony/lewis/install/navigation_predictive_controllers/lib:/home/taras/seasony/lewis/install/nav2_sb_recovery/lib:/home/taras/seasony/lewis/install/robot_navigation_tests/lib:/home/taras/seasony/lewis/install/robot_behavior_msgs2/lib:/home/taras/seasony/lewis/install/nav2_waypoint_follower/lib:/home/taras/seasony/lewis/install/nav2_theta_star_planner/lib:/home/taras/seasony/lewis/install/nav2_smoother/lib:/home/taras/seasony/lewis/install/nav2_smac_planner/lib:/home/taras/seasony/lewis/install/nav2_rotation_shim_controller/lib:/home/taras/seasony/lewis/install/nav2_regulated_pure_pursuit_controller/lib:/home/taras/seasony/lewis/install/nav2_planner/lib:/home/taras/seasony/lewis/install/nav2_navfn_planner/lib:/home/taras/seasony/lewis/install/nav2_controller/lib:/home/taras/seasony/lewis/install/nav2_constrained_smoother/lib:/home/taras/seasony/lewis/install/nav2_bt_navigator/lib:/home/taras/seasony/lewis/install/nav2_behaviors/lib:/home/taras/seasony/lewis/install/dwb_plugins/lib:/home/taras/seasony/lewis/install/dwb_critics/lib:/home/taras/seasony/lewis/install/dwb_core/lib:/home/taras/seasony/lewis/install/nav2_collision_monitor/lib:/home/taras/seasony/lewis/install/costmap_queue/lib:/home/taras/seasony/lewis/install/nav2_costmap_2d/lib:/home/taras/seasony/lewis/install/nav_2d_utils/lib:/home/taras/seasony/lewis/install/dwb_msgs/lib:/home/taras/seasony/lewis/install/nav_2d_msgs/lib:/home/taras/seasony/lewis/install/nav2_voxel_grid/lib:/home/taras/seasony/lewis/install/nav2_velocity_smoother/lib:/home/taras/seasony/lewis/install/nav2_rviz_plugins/lib:/home/taras/seasony/lewis/install/nav2_map_server/lib:/home/taras/seasony/lewis/install/nav2_lifecycle_manager/lib:/home/taras/seasony/lewis/install/nav2_behavior_tree/lib:/home/taras/seasony/lewis/install/nav2_amcl/lib:/home/taras/seasony/lewis/install/nav2_util/lib:/home/taras/seasony/lewis/install/nav2_msgs/lib:/home/taras/seasony/lewis/install/msg_srvs_pkg/lib:/home/taras/seasony/lewis/install/location_msgs/lib:/home/taras/seasony/lewis/install/lewis_health_msgs/lib:/home/taras/seasony/lewis/install/lewis_control_msgs/lib:/usr/lib/x86_64-linux-gnu/gazebo-11/plugins:/opt/ros/humble/opt/rviz_ogre_vendor/lib:/opt/ros/humble/lib/x86_64-linux-gnu:/opt/ros/humble/lib PYTHONPATH=/home/taras/thesis_ws/build/yolo_pose_ros/prefix_override:/home/taras/thesis_ws/install/yolo_pose_ros/lib/python3.10/site-packages:${PYTHONPATH} /usr/bin/python3 setup.py egg_info --egg-base ../../build/yolo_pose_ros build --build-base /home/taras/thesis_ws/build/yolo_pose_ros/build install --record /home/taras/thesis_ws/build/yolo_pose_ros/install.log --single-version-externally-managed[0m
[2.829s] [34mcolcon.colcon_core.environment[0m [1;30mLevel 1[0m checking '/home/taras/thesis_ws/install/yolo_pose_ros' for CMake config files
[2.829s] [34mcolcon.colcon_core.environment[0m [1;30mLevel 1[0m checking '/home/taras/thesis_ws/install/yolo_pose_ros/lib'
[2.829s] [34mcolcon.colcon_core.environment[0m [1;30mLevel 1[0m checking '/home/taras/thesis_ws/install/yolo_pose_ros/bin'
[2.829s] [34mcolcon.colcon_core.environment[0m [1;30mLevel 1[0m checking '/home/taras/thesis_ws/install/yolo_pose_ros/lib/pkgconfig/yolo_pose_ros.pc'
[2.829s] [34mcolcon.colcon_core.environment[0m [1;30mLevel 1[0m checking '/home/taras/thesis_ws/install/yolo_pose_ros/lib/python3.10/site-packages'
[2.829s] [34mcolcon.colcon_core.shell[0m [1;30mLevel 1[0m create_environment_hook('yolo_pose_ros', 'pythonpath')
[2.831s] [34mcolcon.colcon_core.shell[0m [1;30mINFO[0m Creating environment hook '/home/taras/thesis_ws/install/yolo_pose_ros/share/yolo_pose_ros/hook/pythonpath.ps1'
[2.831s] [34mcolcon.colcon_core.shell[0m [1;30mINFO[0m Creating environment descriptor '/home/taras/thesis_ws/install/yolo_pose_ros/share/yolo_pose_ros/hook/pythonpath.dsv'
[2.831s] [34mcolcon.colcon_core.shell[0m [1;30mINFO[0m Creating environment hook '/home/taras/thesis_ws/install/yolo_pose_ros/share/yolo_pose_ros/hook/pythonpath.sh'
[2.831s] [34mcolcon.colcon_core.environment[0m [1;30mLevel 1[0m checking '/home/taras/thesis_ws/install/yolo_pose_ros/bin'
[2.831s] [34mcolcon.colcon_core.environment[0m [1;30mLevel 1[0m create_environment_scripts_only(yolo_pose_ros)
[2.833s] [34mcolcon.colcon_core.shell[0m [1;30mINFO[0m Creating package script '/home/taras/thesis_ws/install/yolo_pose_ros/share/yolo_pose_ros/package.ps1'
[2.833s] [34mcolcon.colcon_core.shell[0m [1;30mINFO[0m Creating package descriptor '/home/taras/thesis_ws/install/yolo_pose_ros/share/yolo_pose_ros/package.dsv'
[2.833s] [34mcolcon.colcon_core.shell[0m [1;30mINFO[0m Creating package script '/home/taras/thesis_ws/install/yolo_pose_ros/share/yolo_pose_ros/package.sh'
[2.834s] [34mcolcon.colcon_core.shell[0m [1;30mINFO[0m Creating package script '/home/taras/thesis_ws/install/yolo_pose_ros/share/yolo_pose_ros/package.bash'
[2.834s] [34mcolcon.colcon_core.shell[0m [1;30mINFO[0m Creating package script '/home/taras/thesis_ws/install/yolo_pose_ros/share/yolo_pose_ros/package.zsh'
[2.834s] [34mcolcon.colcon_core.environment[0m [1;30mLevel 1[0m create_file_with_runtime_dependencies(/home/taras/thesis_ws/install/yolo_pose_ros/share/colcon-core/packages/yolo_pose_ros)
[2.834s] [34mcolcon.colcon_parallel_executor.executor.parallel[0m [1;30mDEBUG[0m [32mclosing loop[0m
[2.835s] [34mcolcon.colcon_parallel_executor.executor.parallel[0m [1;30mDEBUG[0m [32mloop closed[0m
[2.835s] [34mcolcon.colcon_parallel_executor.executor.parallel[0m [1;30mDEBUG[0m [32mrun_until_complete finished with '0'[0m
[2.835s] [34mcolcon.colcon_core.event_reactor[0m [1;30mDEBUG[0m [32mjoining thread[0m
[2.848s] [34mcolcon.colcon_core.plugin_system[0m [1;30mINFO[0m Skipping extension 'colcon_notification.desktop_notification.terminal_notifier': Not used on non-Darwin systems
[2.848s] [34mcolcon.colcon_core.plugin_system[0m [1;30mINFO[0m Skipping extension 'colcon_notification.desktop_notification.win32': Not used on non-Windows systems
[2.849s] [34mcolcon.colcon_notification.desktop_notification[0m [1;30mINFO[0m Sending desktop notification using 'notify2'
[2.859s] [34mcolcon.colcon_core.event_reactor[0m [1;30mDEBUG[0m [32mjoined thread[0m
[2.861s] [34mcolcon.colcon_core.shell[0m [1;30mINFO[0m Creating prefix script '/home/taras/thesis_ws/install/local_setup.ps1'
[2.862s] [34mcolcon.colcon_core.shell[0m [1;30mINFO[0m Creating prefix util module '/home/taras/thesis_ws/install/_local_setup_util_ps1.py'
[2.863s] [34mcolcon.colcon_core.shell[0m [1;30mINFO[0m Creating prefix chain script '/home/taras/thesis_ws/install/setup.ps1'
[2.866s] [34mcolcon.colcon_core.shell[0m [1;30mINFO[0m Creating prefix script '/home/taras/thesis_ws/install/local_setup.sh'
[2.866s] [34mcolcon.colcon_core.shell[0m [1;30mINFO[0m Creating prefix util module '/home/taras/thesis_ws/install/_local_setup_util_sh.py'
[2.866s] [34mcolcon.colcon_core.shell[0m [1;30mINFO[0m Creating prefix chain script '/home/taras/thesis_ws/install/setup.sh'
[2.870s] [34mcolcon.colcon_core.shell[0m [1;30mINFO[0m Creating prefix script '/home/taras/thesis_ws/install/local_setup.bash'
[2.870s] [34mcolcon.colcon_core.shell[0m [1;30mINFO[0m Creating prefix chain script '/home/taras/thesis_ws/install/setup.bash'
[2.873s] [34mcolcon.colcon_core.shell[0m [1;30mINFO[0m Creating prefix script '/home/taras/thesis_ws/install/local_setup.zsh'
[2.873s] [34mcolcon.colcon_core.shell[0m [1;30mINFO[0m Creating prefix chain script '/home/taras/thesis_ws/install/setup.zsh'
