[1.149s] Invoking command in '/home/taras/thesis_ws/build/drspaam': PYTHONPATH=/home/taras/thesis_ws/build/drspaam/prefix_override:/home/taras/thesis_ws/install/drspaam/lib/python3.10/site-packages:${PYTHONPATH} /usr/bin/python3 setup.py develop --uninstall --editable --build-directory /home/taras/thesis_ws/build/drspaam/build
[1.469s] running develop
[1.735s] Invoked command in '/home/taras/thesis_ws/build/drspaam' returned '0': PYTHONPATH=/home/taras/thesis_ws/build/drspaam/prefix_override:/home/taras/thesis_ws/install/drspaam/lib/python3.10/site-packages:${PYTHONPATH} /usr/bin/python3 setup.py develop --uninstall --editable --build-directory /home/taras/thesis_ws/build/drspaam/build
[1.738s] Invoking command in '/home/taras/thesis_ws/src/drspaam': PYTHONPATH=/home/taras/thesis_ws/build/drspaam/prefix_override:/home/taras/thesis_ws/install/drspaam/lib/python3.10/site-packages:${PYTHONPATH} /usr/bin/python3 setup.py egg_info --egg-base ../../build/drspaam build --build-base /home/taras/thesis_ws/build/drspaam/build install --record /home/taras/thesis_ws/build/drspaam/install.log --single-version-externally-managed
[2.010s] running egg_info
[2.010s] writing ../../build/drspaam/drspaam.egg-info/PKG-INFO
[2.011s] writing dependency_links to ../../build/drspaam/drspaam.egg-info/dependency_links.txt
[2.011s] writing entry points to ../../build/drspaam/drspaam.egg-info/entry_points.txt
[2.011s] writing requirements to ../../build/drspaam/drspaam.egg-info/requires.txt
[2.011s] writing top-level names to ../../build/drspaam/drspaam.egg-info/top_level.txt
[2.012s] reading manifest file '../../build/drspaam/drspaam.egg-info/SOURCES.txt'
[2.013s] writing manifest file '../../build/drspaam/drspaam.egg-info/SOURCES.txt'
[2.013s] running build
[2.013s] running build_py
[2.013s] running install
[2.014s] running install_lib
[2.015s] running install_data
[2.016s] running install_egg_info
[2.017s] removing '/home/taras/thesis_ws/install/drspaam/lib/python3.10/site-packages/drspaam-1.0.0-py3.10.egg-info' (and everything under it)
[2.018s] Copying ../../build/drspaam/drspaam.egg-info to /home/taras/thesis_ws/install/drspaam/lib/python3.10/site-packages/drspaam-1.0.0-py3.10.egg-info
[2.018s] running install_scripts
[2.036s] Installing dr_spaam_node script to /home/taras/thesis_ws/install/drspaam/lib/drspaam
[2.037s] writing list of installed files to '/home/taras/thesis_ws/build/drspaam/install.log'
[2.071s] Invoked command in '/home/taras/thesis_ws/src/drspaam' returned '0': PYTHONPATH=/home/taras/thesis_ws/build/drspaam/prefix_override:/home/taras/thesis_ws/install/drspaam/lib/python3.10/site-packages:${PYTHONPATH} /usr/bin/python3 setup.py egg_info --egg-base ../../build/drspaam build --build-base /home/taras/thesis_ws/build/drspaam/build install --record /home/taras/thesis_ws/build/drspaam/install.log --single-version-externally-managed
