[0.774s] Invoking command in '/home/taras/thesis_ws/build/drspaam': PYTHONPATH=/home/taras/thesis_ws/build/drspaam/prefix_override:/home/taras/thesis_ws/install/drspaam/lib/python3.10/site-packages:${PYTHONPATH} /usr/bin/python3 setup.py develop --uninstall --editable --build-directory /home/taras/thesis_ws/build/drspaam/build
[1.074s] running develop
[1.304s] Invoked command in '/home/taras/thesis_ws/build/drspaam' returned '0': PYTHONPATH=/home/taras/thesis_ws/build/drspaam/prefix_override:/home/taras/thesis_ws/install/drspaam/lib/python3.10/site-packages:${PYTHONPATH} /usr/bin/python3 setup.py develop --uninstall --editable --build-directory /home/taras/thesis_ws/build/drspaam/build
[1.306s] Invoking command in '/home/taras/thesis_ws/src/drspaam': PYTHONPATH=/home/taras/thesis_ws/build/drspaam/prefix_override:/home/taras/thesis_ws/install/drspaam/lib/python3.10/site-packages:${PYTHONPATH} /usr/bin/python3 setup.py egg_info --egg-base ../../build/drspaam build --build-base /home/taras/thesis_ws/build/drspaam/build install --record /home/taras/thesis_ws/build/drspaam/install.log --single-version-externally-managed
[1.564s] running egg_info
[1.564s] writing ../../build/drspaam/drspaam.egg-info/PKG-INFO
[1.565s] writing dependency_links to ../../build/drspaam/drspaam.egg-info/dependency_links.txt
[1.565s] writing entry points to ../../build/drspaam/drspaam.egg-info/entry_points.txt
[1.565s] writing requirements to ../../build/drspaam/drspaam.egg-info/requires.txt
[1.565s] writing top-level names to ../../build/drspaam/drspaam.egg-info/top_level.txt
[1.566s] reading manifest file '../../build/drspaam/drspaam.egg-info/SOURCES.txt'
[1.572s] writing manifest file '../../build/drspaam/drspaam.egg-info/SOURCES.txt'
[1.573s] running build
[1.573s] running build_py
[1.573s] running install
[1.573s] running install_lib
[1.575s] running install_data
[1.575s] running install_egg_info
[1.576s] removing '/home/taras/thesis_ws/install/drspaam/lib/python3.10/site-packages/drspaam-1.0.0-py3.10.egg-info' (and everything under it)
[1.577s] Copying ../../build/drspaam/drspaam.egg-info to /home/taras/thesis_ws/install/drspaam/lib/python3.10/site-packages/drspaam-1.0.0-py3.10.egg-info
[1.577s] running install_scripts
[1.596s] Installing data_streamer script to /home/taras/thesis_ws/install/drspaam/lib/drspaam
[1.596s] Installing dr_spaam_node script to /home/taras/thesis_ws/install/drspaam/lib/drspaam
[1.596s] writing list of installed files to '/home/taras/thesis_ws/build/drspaam/install.log'
[1.624s] Invoked command in '/home/taras/thesis_ws/src/drspaam' returned '0': PYTHONPATH=/home/taras/thesis_ws/build/drspaam/prefix_override:/home/taras/thesis_ws/install/drspaam/lib/python3.10/site-packages:${PYTHONPATH} /usr/bin/python3 setup.py egg_info --egg-base ../../build/drspaam build --build-base /home/taras/thesis_ws/build/drspaam/build install --record /home/taras/thesis_ws/build/drspaam/install.log --single-version-externally-managed
