[0.699s] Invoking command in '/home/taras/thesis_ws/build/drspaam': PYTHONPATH=/home/taras/thesis_ws/build/drspaam/prefix_override:/home/taras/thesis_ws/install/drspaam/lib/python3.10/site-packages:${PYTHONPATH} /usr/bin/python3 setup.py develop --uninstall --editable --build-directory /home/taras/thesis_ws/build/drspaam/build
[0.971s] running develop
[1.174s] Invoked command in '/home/taras/thesis_ws/build/drspaam' returned '0': PYTHONPATH=/home/taras/thesis_ws/build/drspaam/prefix_override:/home/taras/thesis_ws/install/drspaam/lib/python3.10/site-packages:${PYTHONPATH} /usr/bin/python3 setup.py develop --uninstall --editable --build-directory /home/taras/thesis_ws/build/drspaam/build
[1.176s] Invoking command in '/home/taras/thesis_ws/src/drspaam': PYTHONPATH=/home/taras/thesis_ws/build/drspaam/prefix_override:/home/taras/thesis_ws/install/drspaam/lib/python3.10/site-packages:${PYTHONPATH} /usr/bin/python3 setup.py egg_info --egg-base ../../build/drspaam build --build-base /home/taras/thesis_ws/build/drspaam/build install --record /home/taras/thesis_ws/build/drspaam/install.log --single-version-externally-managed
[1.438s] running egg_info
[1.439s] writing ../../build/drspaam/drspaam.egg-info/PKG-INFO
[1.439s] writing dependency_links to ../../build/drspaam/drspaam.egg-info/dependency_links.txt
[1.439s] writing entry points to ../../build/drspaam/drspaam.egg-info/entry_points.txt
[1.439s] writing requirements to ../../build/drspaam/drspaam.egg-info/requires.txt
[1.439s] writing top-level names to ../../build/drspaam/drspaam.egg-info/top_level.txt
[1.441s] reading manifest file '../../build/drspaam/drspaam.egg-info/SOURCES.txt'
[1.442s] writing manifest file '../../build/drspaam/drspaam.egg-info/SOURCES.txt'
[1.442s] running build
[1.442s] running build_py
[1.442s] copying drspaam/drspaam_node.py -> /home/taras/thesis_ws/build/drspaam/build/lib/drspaam
[1.442s] running install
[1.443s] running install_lib
[1.443s] copying /home/taras/thesis_ws/build/drspaam/build/lib/drspaam/drspaam_node.py -> /home/taras/thesis_ws/install/drspaam/lib/python3.10/site-packages/drspaam
[1.444s] byte-compiling /home/taras/thesis_ws/install/drspaam/lib/python3.10/site-packages/drspaam/drspaam_node.py to drspaam_node.cpython-310.pyc
[1.446s] running install_data
[1.446s] running install_egg_info
[1.447s] removing '/home/taras/thesis_ws/install/drspaam/lib/python3.10/site-packages/drspaam-1.0.0-py3.10.egg-info' (and everything under it)
[1.448s] Copying ../../build/drspaam/drspaam.egg-info to /home/taras/thesis_ws/install/drspaam/lib/python3.10/site-packages/drspaam-1.0.0-py3.10.egg-info
[1.448s] running install_scripts
[1.467s] Installing dr_spaam_node script to /home/taras/thesis_ws/install/drspaam/lib/drspaam
[1.467s] writing list of installed files to '/home/taras/thesis_ws/build/drspaam/install.log'
[1.495s] Invoked command in '/home/taras/thesis_ws/src/drspaam' returned '0': PYTHONPATH=/home/taras/thesis_ws/build/drspaam/prefix_override:/home/taras/thesis_ws/install/drspaam/lib/python3.10/site-packages:${PYTHONPATH} /usr/bin/python3 setup.py egg_info --egg-base ../../build/drspaam build --build-base /home/taras/thesis_ws/build/drspaam/build install --record /home/taras/thesis_ws/build/drspaam/install.log --single-version-externally-managed
