running develop
running egg_info
writing ../../build/drspaam/drspaam.egg-info/PKG-INFO
writing dependency_links to ../../build/drspaam/drspaam.egg-info/dependency_links.txt
writing entry points to ../../build/drspaam/drspaam.egg-info/entry_points.txt
writing requirements to ../../build/drspaam/drspaam.egg-info/requires.txt
writing top-level names to ../../build/drspaam/drspaam.egg-info/top_level.txt
reading manifest file '../../build/drspaam/drspaam.egg-info/SOURCES.txt'
writing manifest file '../../build/drspaam/drspaam.egg-info/SOURCES.txt'
running build
running build_py
copying drspaam/data_streamer.py -> /home/taras/thesis_ws/build/drspaam/build/lib/drspaam
copying drspaam/centroid_tracker/centroidtracker.py -> /home/taras/thesis_ws/build/drspaam/build/lib/drspaam/centroid_tracker
running install
running install_lib
copying /home/taras/thesis_ws/build/drspaam/build/lib/drspaam/centroid_tracker/centroidtracker.py -> /home/taras/thesis_ws/install/drspaam/lib/python3.10/site-packages/drspaam/centroid_tracker
copying /home/taras/thesis_ws/build/drspaam/build/lib/drspaam/data_streamer.py -> /home/taras/thesis_ws/install/drspaam/lib/python3.10/site-packages/drspaam
byte-compiling /home/taras/thesis_ws/install/drspaam/lib/python3.10/site-packages/drspaam/centroid_tracker/centroidtracker.py to centroidtracker.cpython-310.pyc
byte-compiling /home/taras/thesis_ws/install/drspaam/lib/python3.10/site-packages/drspaam/data_streamer.py to data_streamer.cpython-310.pyc
running install_data
running install_egg_info
removing '/home/taras/thesis_ws/install/drspaam/lib/python3.10/site-packages/drspaam-1.0.0-py3.10.egg-info' (and everything under it)
Copying ../../build/drspaam/drspaam.egg-info to /home/taras/thesis_ws/install/drspaam/lib/python3.10/site-packages/drspaam-1.0.0-py3.10.egg-info
running install_scripts
Installing data_streamer script to /home/taras/thesis_ws/install/drspaam/lib/drspaam
Installing dr_spaam_node script to /home/taras/thesis_ws/install/drspaam/lib/drspaam
writing list of installed files to '/home/taras/thesis_ws/build/drspaam/install.log'
